|SourceProjectName:ORBIT Analytics Help.hpr
|DestinationProjectName:Orbit_Help_index.htm
whhost.js
whmsg.js
whmozemu.js
whutils.js
whproxy.js
whstub.js
whver.js
whform.js
whphost.js
whstart.js
whtopic.js
whframes.js
whlang.js
XmlReadHelper.js
whskin_info.htm
whskin_blank.htm
whskin_pickup.htm
whskin_homepage.htm
whskin_tw.htm
whnjs.htm
whthost.js
whtdhtml.htm
whihost.js
whibody.htm
whiform.htm
whfhost.js
whfbody.htm
whfform.htm
whghost.js
whgbody.htm
whgdhtml.htm
whgdef.htm
whproj.js
whproj.htm
whdata\whtoc.js
whdata\whtoc.htm
whdata\whtdata.js
whdata\whidx.js
whdata\whidx.htm
whdata\whidata.js
whdata\whglo.js
whdata\whglo.htm
whdata\whgdata.js
whgdata\whnvp30.htm
whgdata\whnvp31.htm
whgdata\whnvp32.htm
whgdata\whnvp33.htm
whgdata\whnvt30.htm
whgdata\whnvt31.htm
whgdata\whnvt32.htm
whgdata\whnvt33.htm
whgdata\whnvf30.htm
whgdata\whnvf31.htm
whgdata\whnvf32.htm
whgdata\whnvf33.htm
whgdata\whnvl31.htm
whgdata\whnvl32.htm
whgdata\whnvl33.htm
whgdata\whexpbar.gif
cshdat_webhelp.htm
whcsh_home.htm
whcshdata.js
cshdat_robohelp.htm
wht_tab0.gif
wht_tab1.gif
wht_tab2.gif
wht_tab3.gif
wht_tab4.gif
wht_tab5.gif
wht_tab6.gif
wht_tab7.gif
wht_tab8.gif
wht_glo_h.gif
wht_glo_n.gif
wht_fts_h.gif
wht_fts_n.gif
wht_idx_h.gif
wht_idx_n.gif
wht_toc_h.gif
wht_toc_n.gif
wht_ws.gif
wht_ws_g.gif
wht_logo1.gif
wht_logo2.gif
wht_abgw.jpg
wht_abgi.jpg
wht_abge.jpg
wht_abtw.jpg
wht_abte.jpg
wht_abti.jpg
wht_spac.gif
wht_next.gif
wht_next_g.gif
wht_prev.gif
wht_prev_g.gif
wht_sync.gif
wht_hide.gif
wht_go.gif
whstart.ico
whestart.ico
whrstart.ico
whidhtml.htm
whfdhtml.htm
whskin_banner.htm
whtbar.js
print-selected.png
print-unselected.png
background.png
contents-selected.png
contents-unselected.png
index-selected.png
index-unselected.png
search-selected.png
search-unselected.png
glossary-selected.png
glossary-unselected.png
search-input-go.png
logo-placeholder.png
previous-disabled.png
previous-enabled.png
next-disabled.png
next-enabled.png
sync-toc.png
hide.png
remote-url.png
folder_(1).png
folder-close.png
file.png
whskin_pdhtml.htm
whskin_plist.htm
whskin_tbars.htm
whskin_mbars.htm
whskin_frmset010.htm
whst_topics.xml
whskin_frmset01.htm
Orbit_Help_index_hha.hhk
Orbit_Help_index.hhc
Orbit_Help_index.hhk
About_Online_Help.htm
Accessing_Account_Details.htm
Add_this_View_to_Home.htm
Adding_a_Report_to_Favourites.htm
Administrative_Interface.htm
Aggregation_in_Pivot.htm
Analysis.htm
Anonymous_User.htm
Applying_Excel_Template_to_Publisher_Report.htm
Applying_Filters_and_Prompts1.htm
Applying_Formula.htm
Applying_Security_to_the_Business_Object.htm
Applying_Sort.htm
Applying_Word_Template_to_Publisher_Report.htm
Architecture.htm
Assign_to_Role.htm
Assign_to_User.htm
Assigning_Groups_to_the_Role.htm
Assigning_Groups_to_the_Specific_User.htm
Assigning_Roles.htm
Assigning_Roles_to_the_Group.htm
Assigning_Roles_to_the_Specific_User.htm
Assigning_Security_for_Category_under_BO.htm
Assigning_Users_to_the_Group.htm
Assigning_Users_to_the_Role.htm
Bar,_Stacked_Bar,_and_100__Stacked.htm
Bar_Basic.htm
BO_Security.htm
Bubble.htm
Business_Models.htm
Business_Objects.htm
Business_Units.htm
Cancelling_the_Process.htm
Card.htm
Cartesian_Charts.htm
Catalog_URL.htm
Change_date_format.htm
Changing_Date_Field_Format_in_Report.htm
Changing_Id_Field_Format_in_Report.htm
Changing_Number_Field_Format_in_Report.htm
Changing_Password.htm
Changing_String_Field_Format_in_Report.htm
Column_Basic,_Stacked_Column,_100__Stacked,_Multi-Axis_and_Negative_value_charts.htm
Columns_and_Filters_in_Logical_Model.htm
Combination_Charts.htm
Conditional_Filters1.htm
Conditional_Formats.htm
Configuring_Excel_Edge_Application.htm
Configuring_List_of_Values.htm
Configuring_Permissions_for_the_Roles.htm
Configuring_Query_Settings.htm
Configuring_Query_Settings_in_Analysis.htm
Configuring_the_Settings.htm
Configuring_Widget_Settings.htm
Conventions.htm
Create_an_Analysis_Report.htm
Creating__discoverer__data_source.htm
Creating__discoverer_eul5__data_source.htm
Creating_a_BO.htm
Creating_a_Business_ObjectPE.htm
Creating_a_Complex_Join.htm
Creating_a_Dashboard.htm
Creating_a_Dashboard_Report.htm
Creating_a_Data_Report_using_Dataset.htm
Creating_a_Domain_PE.htm
Creating_a_HTML_Template.htm
Creating_a_Logical_Model.htm
Creating_a_Logical_Model1.htm
Creating_a_New_Data_Source.htm
Creating_a_New_Domain.htm
Creating_a_New_Group.htm
Creating_a_New_Report.htm
Creating_a_New_Role.htm
Creating_a_Physical_Model.htm
Creating_a_Physical_Model_1.htm
Creating_a_Publisher_Report.htm
Creating_a_Publisher_Report1.htm
Creating_a_Report_under_Existing_Folder.htm
Creating_a_Reports_Folder.htm
Creating_a_Script_Report.htm
Creating_a_Simple_Join.htm
Creating_a_Sub_Folder_in_a_Folder.htm
Creating_a_Word_Template.htm
Creating_an_Analysis_Report.htm
Creating_an_Analysis_Report_using_Dataset.htm
Creating_an_Excel_Template.htm
Creating_an_Excel_Template_for_Grouping.htm
Creating_an_Operational_Report.htm
Creating_Authority.htm
Creating_Conditions.htm
Creating_Data_Report1.htm
Creating_Datasets.htm
Creating_Datasources.htm
Creating_Joins_in_Operational_Reports.htm
Creating_Multiple_Pages.htm
Creating_New_Category.htm
Creating_New_Dashboard_under_Existing_Folder.htm
Creating_New_Data_Report_Under_Existing_Folder.htm
Creating_New_Hierarchy.htm
Creating_New_User.htm
Creating_Notifications.htm
Creating_Object_from_SQL.htm
Creating_Reports.htm
Creating_Reports_Using_Dataset.htm
Creating_Templates.htm
Dashboards.htm
Data_Explorer.htm
Data_Filter.htm
Data_Model.htm
Data_Security_in_Logical_Model.htm
Data_Sources.htm
Datasets.htm
Delete_Process.htm
Deleting_a_Logical_Model.htm
Deleting_a_Report.htm
Deleting_Authority.htm
Deleting_Datasets.htm
Deleting_Physical_Model.htm
Diagnostics.htm
Disabling_Sorting.htm
Discoverer_Migration_into_ORBIT_Analytics1.htm
Displaying_ORBIT_Analytics_Reports_in_Excel_Edge.htm
Domain_Hierarchy.htm
Domains.htm
Drilldowns_in_Operational_Reports.htm
Dynamic_Values.htm
Editing_a_Data_Source.htm
Editing_a_Report.htm
Editing_Authority.htm
Editing_Datasets.htm
Editing_Groups.htm
Editing_Roles.htm
Editing_the_Business_Unit.htm
Editing_Users.htm
Enable_Disable_Auto_Interaction.htm
Enabling_a_New_User.htm
Establising_Joins_between_Tables.htm
Excel_Edge.htm
Export_Dashboard.htm
Export_MetaObject_Security.htm
Exporting_a_Domain2.htm
Exporting_a_Report.htm
Exporting_Analysis_Report.htm
Exporting_and_Importing_ORBIT_Meta_Content1.htm
Exporting_Domain.htm
Exporting_eex_File1.htm
Exporting_Report.htm
Exporting_Reports.htm
Feedback.htm
Filtering_a_Domain.htm
Filtering_Business_Units.htm
Filtering_Data_Source.htm
Filtering_Datasets.htm
Filtering_Groups.htm
Filtering_Processes.htm
Filtering_Reports.htm
Filtering_Roles.htm
Filtering_Users.htm
Filters.htm
Filters_in_Pivot.htm
Forgot_Password.htm
From_this_query.htm
Gauge_Charts.htm
Generate_Link.htm
Generating_Report_Link.htm
Getting_Started_with_Excel_Edge.htm
Getting_Started_with_ORBIT_Application.htm
Getting_Started_with_Script_Report.htm
Grid_Filters.htm
Group_Filters.htm
Group_Filters1.htm
Grouping_Columns_in_a_Report.htm
Import_MetaObject_Security.htm
Import_Users,Roles_and_Groups_from_Excel1.htm
Importing_a_Report.htm
Importing_Discoverer_Object(s).htm
Importing_Domain.htm
Importing_From_File.htm
Importing_Job.htm
Importing_Report.htm
Importing_Users_from_Authority.htm
Inserting_Excel_Edge_in_Excel.htm
Intended_Audience.htm
Introduction.htm
Introduction1.htm
Introduction2.htm
Introduction_to_Business_Units.htm
Introduction_to_Dashboards.htm
Introduction_to_Datasets.htm
Introduction_to_Home_Page_Features.htm
Introduction_to_Operational_Reports.htm
Introduction_to_ORBIT_Features.htm
Introduction_to_Reports.htm
Jobs.htm
Joins.htm
Label_filters.htm
Line,_Spline,_Step_Line,_and_Area_Charts.htm
Locales.htm
Locking_a_Column_in_Report.htm
Logging_onto_the_ORBIT_Application.htm
Logging_out_of_the_ORBIT_Application.htm
Logical_Tables_Properties_under_Business_Objects.htm
Manage_Quick_Filters.htm
Managing_Report_Views.htm
Maps.htm
Menu_for_Domain_Hierarchy_Objects.htm
Menu_in_Run_Results_Area.htm
Menu_Options_in_Dashboards1.htm
Menu_Options_in_Reports.htm
Menus_on_Run_Result_area.htm
Meta_Objects1.htm
Migrating_Business_Areas.htm
Migrating_Worksheets_into_ORBIT_Analytics.htm
Monitoring.htm
Multiple_Conditions_on_Same_Column.htm
Multiple_Drilldowns_in_a_Report.htm
Multiple_Drilldowns_on_Same_Column.htm
Navigating_to_the_Required_Report.htm
New_Processes.htm
Notifications.htm
Opening_Business_Objects.htm
Opening_Existing_Logical_Model.htm
Operational_Reports.htm
Options_in_Analysis.htm
ORBIT_Application.htm
ORBIT_Discoverer_Migration.htm
ORBIT_Extensions.htm
ORBIT_Help.htm
Order_By.htm
Organizing_Reports.htm
Output_and_Delivery.htm
Ownership_Change.htm
Parameters.htm
Parameters_1.htm
Performing_Grouping_on_Publisher_Report.htm
Pie_Basic_and_Pie_Donut.htm
Polar_Charts.htm
Practice_Examples.htm
Preface.htm
Preferences.htm
Processes.htm
Product_Overview.htm
Properties1.htm
Properties_for_Tables_Views_Synonym.htm
Properties_of_Data_Report.htm
Publisher_Report.htm
Purge_Job.htm
Python_Scripts_for_Multiple_Outputs.htm
Radar.htm
Reloading_Business_View.htm
Remove_all_portlets.htm
Removing_Columns_under_Business_Object.htm
Removing_Displaying_Columns_from_Reports.htm
Renaming_a_Business_Object.htm
Renaming_a_Logical_Model.htm
Renaming_a_Report.htm
Renaming_Datasets.htm
Renaming_Labels.htm
Renaming_Physical_Model.htm
Report_Configurator_Area.htm
Report_Statistics.htm
Report_Statistics1.htm
Reports.htm
Resetting_Password.htm
Run_Results_Area.htm
Running_a_Report.htm
Running_a_Report_in_Excel_Edge.htm
Save_As_New_Quick_Filter.htm
Save_as_New_View.htm
Save_Current_Quick_Filter.htm
Save_This_Search.htm
Scatter.htm
Schedule.htm
Schedule_a_Report.htm
Schedule_the_Process.htm
Scheduling_a_Report.htm
Script_Reports.htm
Searching_a_Business_Object.htm
Security.htm
Selecting_Default_Values.htm
Setting_Aggregate_Functions_on_Reports.htm
Setting_Deliveries.htm
Setting_Logical_Model_Properties.htm
Setting_Output_and_Delivery_Types.htm
Setting_Outputs.htm
Setting_Permissions.htm
Setting_Physical_Model_Properties.htm
Setting_the_Advanced_Option.htm
Setting_the_Conditional_Formatting.htm
Setting_the_Simple_Option.htm
Settings.htm
Sharing_a_Report.htm
Sizing_the_Columns_Automatically.htm
Sorting_Field-wise_in_Reports.htm
Sorting_Fields_in_Ascending_Order.htm
Sorting_Fields_in_Descending_Order.htm
Sorting_in_Ascending_Order.htm
Sorting_in_Descending_Order.htm
Sorting_in_Pivot.htm
Splitting_Date_Dimensions.htm
Submit_the_Process.htm
Table.htm
Testing_Business_Object_Query1.htm
Tools_on_Logical_Model_Work_Area.htm
Tree_Maps,_Sun_Burst_and_Heat_Maps.htm
Tree_Maps.htm
Types_of_Filters.htm
Underlying_Data.htm
Uploading_Files_In_Operational_Reports.htm
Uploading_Schedule_XML_into_ORBIT_Analytics.htm
User_Filters.htm
User_Filters1.htm
Value_Filters.htm
View_Query.htm
Viewing_a_Publisher_Report_in_Excel.htm
Viewing_Datasets.htm
Viewing_Imported_Users.htm
Viewing_Migrated_reports.htm
Viewing_Opened_Reports.htm
Viewing_Outputs.htm
Viewing_Publisher_Report_in_Word.htm
Viewing_Recently_Run_Reports.htm
Viewing_Scheduled_Parameters.htm
Viewing_the_Newly_Created_Authority.htm
Viewing_the_Outputs.htm
Viewing_the_Publisher_Report_in_HTML.htm
Widget_Dependencies.htm
Widget_Settings_of_Different_Charts.htm
Working_with_Authorities.htm
Working_with_Drilldowns.htm
Working_with_Excel_Edge.htm
Working_with_Groups.htm
Working_with_Permissions.htm
Working_with_Pivot.htm
Working_with_Roles.htm
Working_with_Users1.htm
Orbit_Help_index.glo
default.css
Reports20.png
clip_image032.jpg
userlist.png
ImportUsers_from_Authorities.png
Favorites.png
clip_image002.jpg
clip_image005.png
Disco7.png
disco2.png
Settings202.png
image004.png
image082.png
image066.png
image016.png
image011.png
image002.png
image038.png
image007.png
filter_2.png
RefreshQuery.png
cancelPr.png
ResetPWD.png
showresults.png
Filters_in_Groups.png
Assigning_Groups.png
refresh1.png
Run_results.png
Options.png
ImportDisoObjs2.jpg
ImportDisoObjs1.jpg
ImportDisoObjs.png
clip_image014.jpg
BusinessModels20.png
J9.png
J8.png
J7.png
J6.png
J5.png
J4.png
J3.png
J2.png
J1.png
79.png
78.png
77.png
76.png
74.png
73.png
72.png
71.png
24.png
23.png
98.png
97.png
96.png
95.png
94.png
44.png
59.png
58.png
21.png
Unpin.png
61.png
60.png
67.png
66.png
65.png
64.png
89.png
88.png
87.png
85.png
10.png
26.png
25.png
38.png
37.png
36.png
35.png
34.png
93.png
47.png
46.png
45.png
Hideshowfilters.png
19.png
27.png
QS.png
57.png
56.png
55.png
39.png
SA.png
53.png
52.png
51.png
50.png
BU.png
13.png
12.png
11.png
22.png
BusinessUnits.png
Removecolumns.png
14.png
clip_image004.jpg
81.png
91.png
20.png
ExcelEdge305.png
ExcelEdge304.png
ExcelEdge303.png
Excel_Edge302.png
config200.png
DiscoMigration1.png
Edit_user.png
Domain.png
Settings1.png
Relationships.png
View_Mode.png
clip_image016.jpg
Settings20.png
TestQuery.png
clip_image026.jpg
1.png
8.png
OrganizeReports.png
clip_image006.jpg
Excel_Edge300.png
My_Processes.png
expand200.png
image022.jpg
image007.jpg
image020.jpg
image006.jpg
image004.jpg
image026.jpg
image024.jpg
image018.jpg
image015.jpg
image013.jpg
image011.jpg
image009.jpg
BusinessU.png
Monitoring20.png
Recentrep.png
new_Criterion.png
BusinessModels.png
refresh10.png
Properties.png
Excel_Edge301.png
down201.png
AR204.png
more201.png
Auth202.png
ORB.jpg
change_pwd.png
Removeall.png
permissions.png
CreatenewDS.png
Changeview.png
Activated.png
clip_image008.jpg
Hierarchy.jpg
clip_image018.jpg
Datasets20.png
Exceledge.png
clip_image038.jpg
clip_image028.jpg
Locales.png
Disable_Sorting.png
RemoveMark.png
Settings.png
userMenu.png
Pause.png
Propertiesmore.png
Hideshowuserfilters.png
image7.gif
RepStats3.png
RepStats2.png
RepStats1.png
Export_eex4.jpg
WS201.png
DiscoDS1.png
Auth1.png
Reset_PWD.png
STDS1.png
image98.gif
image99.gif
image97.gif
image96.gif
image95.gif
image94.gif
image93.gif
image92.gif
image90.gif
image89.gif
image88.gif
image87.gif
image86.gif
image85.gif
image84.gif
image83.gif
image82.gif
image81.gif
image72.gif
image71.gif
image70.gif
image69.gif
image67.gif
image62.gif
image63.gif
image61.gif
image60.gif
image59.gif
image58.gif
image57.gif
image56.gif
image55.gif
image54.gif
image52.gif
image51.gif
image43.gif
image42.gif
image41.gif
image40.gif
image39.gif
image38.gif
image36.gif
image35.gif
Start.png
image33.gif
image26.gif
image25.gif
image24.gif
image23.gif
image19.gif
image18.gif
image17.gif
image16.gif
image15.gif
image14.gif
image12.gif
image11.gif
resubmitprocess.png
Delete.png
Collapse_all.png
Upload_File.png
GridFilter1.png
image1535.gif
ShowPwd.png
filter1.png
Edit_Group.png
Available_Groups.png
Upward_arrow.png
notify.png
Datsets.png
loggedinuser.png
downcolumn.png
My_Account.png
refresh.png
filters.png
Export_eex1.jpg
Home20.png
Moveall.png
Remove.png
ProcessFlow.png
Deactivated.png
image681.gif
image680.gif
image679.gif
image678.gif
image677.gif
image676.gif
image675.gif
image674.gif
image673.gif
image672.gif
image671.gif
image670.gif
image669.gif
image668.gif
image667.gif
image666.gif
image665.gif
image664.gif
image663.gif
image662.gif
image661.gif
image660.gif
image657.gif
image656.gif
image655.gif
image654.gif
image653.gif
image652.gif
image650.gif
image649.gif
image644.gif
image643.gif
image641.gif
image640.gif
image639.gif
image638.gif
image637.gif
image636.gif
image635.gif
image634.gif
image632.gif
image633.gif
image631.gif
image630.gif
image629.gif
image628.gif
image627.gif
image626.gif
image625.gif
image624.gif
image623.gif
image622.gif
image621.gif
image620.gif
image619.gif
image618.gif
image617.gif
image616.gif
image615.gif
image614.gif
image613.gif
image612.gif
image611.gif
image610.gif
image609.gif
image608.gif
image607.gif
image606.gif
image605.gif
image604.gif
image603.gif
image602.gif
image601.gif
image600.gif
image599.gif
image598.gif
image597.gif
image596.gif
image595.gif
image594.gif
image593.gif
image592.gif
image591.gif
image590.gif
image589.gif
image588.gif
image587.gif
image586.gif
image585.gif
image584.gif
image583.gif
image582.gif
image581.gif
image580.gif
image579.gif
image578.gif
image577.gif
image576.gif
image575.gif
image574.gif
image573.gif
image572.gif
image571.gif
image570.gif
image569.gif
image568.gif
image567.gif
image566.gif
image565.gif
image564.gif
image562.gif
image561.gif
image560.gif
image559.gif
image558.gif
image557.gif
image556.gif
image555.gif
image554.gif
image553.gif
image552.gif
image551.gif
image550.gif
image549.gif
image548.gif
image547.gif
image546.gif
image545.gif
image544.gif
image543.gif
image542.gif
image541.gif
image540.gif
image539.gif
image538.gif
image537.gif
image536.gif
image535.gif
image534.gif
image533.gif
image532.gif
image531.gif
image530.gif
image529.gif
image528.gif
image527.gif
image525.gif
image524.gif
image522.gif
image520.gif
image519.gif
image518.gif
image517.gif
image516.gif
image515.gif
image514.gif
image513.gif
image512.gif
image510.gif
image508.gif
image507.gif
image509.gif
image506.gif
image505.gif
image503.gif
image502.gif
image501.gif
image500.gif
image499.gif
image498.gif
image497.gif
image496.gif
image495.gif
image494.gif
image493.gif
image492.gif
image491.gif
image490.gif
image489.gif
image488.gif
image487.gif
image486.gif
image485.gif
image484.gif
image483.gif
image482.gif
image481.gif
image480.gif
image479.gif
image478.gif
image477.gif
image476.gif
image475.gif
image474.gif
image473.gif
image472.gif
image471.gif
image470.gif
image469.gif
image468.gif
image467.gif
image466.gif
image464.gif
image463.gif
image461.gif
image460.gif
image459.gif
image458.gif
image457.gif
image456.gif
image455.gif
image454.gif
image453.gif
image452.gif
image451.gif
image450.gif
image449.gif
image447.gif
image448.gif
image446.gif
image445.gif
image444.gif
image443.gif
image442.gif
image441.gif
image440.gif
image439.gif
image438.gif
image437.gif
image436.gif
image435.gif
image434.gif
image433.gif
image432.gif
image431.gif
image430.gif
image429.gif
image426.gif
image425.gif
image424.gif
image423.gif
image422.gif
image421.gif
image420.gif
image419.gif
image418.gif
image417.gif
image416.gif
image415.gif
image413.gif
image412.gif
image411.gif
image410.gif
image409.gif
image408.gif
image407.gif
image406.gif
image403.gif
image402.gif
image400.gif
image399.gif
image398.gif
image397.gif
image396.gif
image395.gif
image394.gif
image393.gif
image392.gif
image391.gif
image390.gif
image389.gif
image387.gif
image388.gif
image386.gif
image384.gif
image383.gif
image381.gif
image380.gif
image379.gif
image378.gif
image377.gif
image376.gif
image375.gif
image374.gif
image373.gif
image371.gif
image372.gif
image369.gif
image368.gif
image367.gif
image366.gif
image365.gif
image364.gif
image361.gif
image363.gif
image362.gif
image360.gif
image358.gif
image357.gif
image356.gif
image355.gif
image354.gif
image350.gif
image348.gif
image347.gif
image349.gif
image346.gif
image345.gif
image344.gif
image343.gif
image342.gif
image341.gif
image340.gif
image338.gif
image337.gif
image336.gif
image335.gif
image334.gif
image333.gif
image332.gif
image331.gif
image330.gif
image329.gif
image328.gif
image327.gif
image326.gif
image325.gif
image324.gif
image323.gif
image322.gif
image321.gif
image320.gif
image319.gif
image318.gif
image316.gif
image315.gif
image314.gif
image313.gif
image312.gif
image311.gif
image310.gif
image309.gif
image308.gif
image307.gif
image306.gif
image304.gif
image303.gif
image302.gif
image301.gif
image299.gif
image298.gif
image297.gif
image296.gif
image295.gif
image294.gif
image293.gif
image292.gif
image291.gif
image290.gif
image289.gif
image288.gif
image287.gif
image286.gif
image285.gif
image284.gif
image283.gif
image282.gif
image280.gif
image279.gif
image278.gif
image277.gif
image276.gif
image275.gif
image274.gif
image273.gif
image272.gif
image271.gif
image269.gif
image268.gif
image267.gif
image266.gif
image265.gif
image264.gif
image263.gif
image262.gif
image261.gif
image257.gif
image255.gif
image254.gif
image253.gif
image251.gif
image250.gif
image249.gif
image248.gif
image247.gif
image246.gif
image245.gif
image244.gif
image243.gif
image242.gif
image241.gif
image240.gif
image239.gif
image238.gif
image236.gif
image234.gif
image232.gif
image231.gif
image229.gif
image228.gif
image227.gif
image226.gif
image225.gif
image223.gif
image224.gif
image220.gif
image219.gif
image218.gif
image217.gif
image216.gif
image215.gif
image214.gif
image213.gif
image211.gif
image210.gif
image209.gif
image207.gif
image205.gif
image204.gif
image203.gif
image202.gif
image199.gif
image198.gif
image197.gif
image196.gif
image195.gif
image193.gif
image192.gif
image191.gif
image190.gif
image189.gif
image188.gif
image186.gif
image185.gif
image183.gif
image181.gif
image182.gif
image173.gif
image166.gif
image165.gif
image164.gif
image163.gif
image162.gif
image160.gif
image161.gif
image159.gif
image157.gif
image155.gif
image154.gif
image152.gif
image151.gif
image150.gif
image149.gif
image148.gif
image147.gif
image146.gif
image145.gif
image144.gif
image143.gif
image142.gif
image141.gif
image140.gif
image139.gif
image138.gif
image137.gif
image136.gif
image135.gif
image134.gif
image132.gif
image131.gif
image130.gif
image128.gif
image126.gif
image125.gif
image124.gif
image123.gif
image122.gif
image121.gif
image115.gif
image114.gif
image113.gif
image112.gif
image111.gif
image107.gif
image108.gif
image106.gif
image105.gif
image103.gif
image102.gif
Reload_View.png
Multiselect_filter.png
PermissionsRole.png
clip_image001.gif
Export_eex3.jpg
VM2.png
VM1.png
US7.png
US5.png
US1.png
CU2.png
CU1.png
DO4.png
DO3.png
DO2.png
DO1.png
GS3.png
GS1.png
GS2.png
CC7.png
CC6.png
CC5.png
CC4.png
CC3.png
CC2.png
CC1.png
CJ4.png
CJ3.png
CJ2.png
CJ1.png
EJ2.png
EJ1.png
image1593.jpg
image1591.jpg
image1589.jpg
image1587.jpg
image1585.jpg
image1583.jpg
image1581.jpg
image1579.jpg
image1577.jpg
image1575.jpg
image1573.jpg
image1571.jpg
image1569.jpg
image1567.jpg
image1565.jpg
image1563.jpg
image1561.jpg
image1559.jpg
image1557.jpg
image1555.jpg
image1553.jpg
image1551.jpg
image1549.jpg
image1547.jpg
image1545.jpg
image1543.jpg
image1541.jpg
image1539.jpg
image1537.jpg
image1534.jpg
image1532.jpg
image1530.jpg
image1528.jpg
image1526.jpg
image1524.jpg
image1522.jpg
image1520.jpg
image1518.jpg
image1516.jpg
image1514.jpg
image1512.jpg
image1510.jpg
image1508.jpg
image1506.jpg
image1504.jpg
image1502.jpg
image1500.jpg
image1498.jpg
image1492.jpg
image1496.jpg
image1494.jpg
UM1.png
NP1.png
J10.png
AU1.png
AR1.png
AO3.png
AO2.png
AO1.png
MO9.png
MO8.png
MO7.png
MO6.png
MO5.png
MO4.png
MO2.png
MO1.png
373.png
372.png
371.png
120.png
119.png
152.png
286.png
285.png
284.png
307.png
308.png
322.png
321.png
320.png
319.png
370.png
369.png
368.png
105.png
104.png
131.png
276.png
275.png
274.png
273.png
272.png
130.png
129.png
128.png
149.png
296.png
295.png
302.png
301.png
300.png
299.png
298.png
297.png
154.png
153.png
279.png
278.png
277.png
294.png
293.png
312.png
311.png
362.png
123.png
122.png
121.png
151.png
Search.png
downarrow.png
184.png
183.png
182.png
181.png
204.png
203.png
318.png
317.png
316.png
315.png
314.png
349.png
348.png
148.png
147.png
288.png
287.png
367.png
deletenotification.png
218.png
271.png
270.png
269.png
268.png
267.png
266.png
265.png
264.png
306.png
305.png
304.png
303.png
168.png
313.png
328.png
325.png
361.png
359.png
118.png
117.png
116.png
115.png
164.png
248.png
247.png
246.png
245.png
135.png
134.png
133.png
103.png
102.png
339.png
167.png
290.png
289.png
114.png
113.png
112.png
111.png
110.png
109.png
108.png
124.png
158.png
157.png
156.png
310.png
309.png
New.png
155.png
160.png
159.png
292.png
291.png
user_DB.png
Expnadall.png
189.png
188.png
376.png
375.png
374.png
Add.png
DS9.png
DS8.png
DS6.png
DS7.png
DS5.png
DS4.png
DS3.png
DS2.png
DS1.png
138.png
137.png
136.png
Run.png
clip_image010.jpg
Export_eex2.png
IDO2.jpg
IDO1.png
EULds1.png
MBA5.png
MBA3.png
MBA2.png
MBA1.png
IEE2.png
IEE1.png
CEE8.png
CEE7.png
CEE6.png
CEE5.png
CEE4.png
CEE3.png
CEE2.png
CEE1.png
Stop.png
EDS2.png
EDS1.png
Blue_Nav_Glossary.gif
help.jpg
ARU5.png
ARU1.png
MO14.png
MO13.png
MO12.png
MO11.png
MO10.png
Roles2.png
logo.jpg
clip_image030.jpg
Sync.png
Move.png
Lock.png
Edit.png
Plus.png
down.png
AddDS.png
DS10.png
EditBU.png
Save.png
CNL6.png
CNL5.png
CNL3.png
CNL2.png
CNL1.png
clip_image003.jpg
All_Process.png
Export.png
list_of_groups.png
schedule_report1add.png
Resume.png
Rename.png
Delpr.png
RoboHHRE.lng
ehlpdhtm.js
SearchOptions.xml
whxdata\package_0_xml.js
whxdata\package_1_xml.js
whxdata\package_2_xml.js
whxdata\package_3_xml.js
whxdata\package_4_xml.js
whxdata\package_5_xml.js
whxdata\package_6_xml.js
whxdata\package_7_xml.js
whxdata\package_8_xml.js
whxdata\package_9_xml.js
whxdata\package_10_xml.js
whxdata\package_11_xml.js
whxdata\package_12_xml.js
whxdata\package_13_xml.js
whxdata\package_14_xml.js
whxdata\package_15_xml.js
whxdata\package_16_xml.js
whxdata\package_17_xml.js
whxdata\package_18_xml.js
whxdata\package_19_xml.js
whxdata\package_20_xml.js
whxdata\package_21_xml.js
whxdata\package_22_xml.js
whxdata\package_23_xml.js
whxdata\package_24_xml.js
whxdata\package_25_xml.js
whxdata\package_26_xml.js
whxdata\package_27_xml.js
whxdata\package_28_xml.js
whxdata\package_29_xml.js
whxdata\package_30_xml.js
whxdata\package_31_xml.js
whxdata\package_32_xml.js
whxdata\package_33_xml.js
whxdata\package_34_xml.js
whxdata\package_35_xml.js
whxdata\package_36_xml.js
whxdata\package_37_xml.js
whxdata\package_38_xml.js
whxdata\package_39_xml.js
whxdata\package_40_xml.js
whxdata\package_41_xml.js
whxdata\package_42_xml.js
whxdata\package_43_xml.js
whxdata\package_44_xml.js
whxdata\package_45_xml.js
whxdata\package_46_xml.js
whxdata\package_47_xml.js
whxdata\package_48_xml.js
whxdata\package_49_xml.js
whxdata\package_50_xml.js
whxdata\package_51_xml.js
whxdata\package_52_xml.js
whxdata\package_53_xml.js
whxdata\package_54_xml.js
whxdata\package_55_xml.js
whxdata\package_56_xml.js
whxdata\package_57_xml.js
whxdata\package_58_xml.js
whxdata\package_59_xml.js
whxdata\package_60_xml.js
whxdata\package_61_xml.js
whxdata\package_62_xml.js
whxdata\package_63_xml.js
whxdata\package_64_xml.js
whxdata\package_65_xml.js
whxdata\package_66_xml.js
whxdata\package_67_xml.js
whxdata\package_68_xml.js
whxdata\package_69_xml.js
whxdata\package_70_xml.js
whxdata\package_71_xml.js
whxdata\package_72_xml.js
whxdata\package_73_xml.js
whxdata\package_74_xml.js
whxdata\package_75_xml.js
whxdata\package_76_xml.js
whxdata\package_77_xml.js
whxdata\package_78_xml.js
whxdata\package_79_xml.js
whxdata\package_80_xml.js
whxdata\package_81_xml.js
whxdata\package_82_xml.js
whxdata\package_83_xml.js
whxdata\package_84_xml.js
whxdata\package_85_xml.js
whxdata\package_86_xml.js
whxdata\package_87_xml.js
whxdata\package_88_xml.js
whxdata\package_89_xml.js
whxdata\package_90_xml.js
whxdata\package_91_xml.js
whxdata\package_92_xml.js
whxdata\package_93_xml.js
whxdata\package_94_xml.js
whxdata\package_95_xml.js
whxdata\package_96_xml.js
whxdata\package_97_xml.js
whxdata\package_98_xml.js
whxdata\package_99_xml.js
whxdata\package_100_xml.js
whxdata\package_101_xml.js
whxdata\package_102_xml.js
whxdata\package_103_xml.js
whxdata\package_104_xml.js
whxdata\package_105_xml.js
whxdata\package_106_xml.js
whxdata\package_107_xml.js
whxdata\package_108_xml.js
whxdata\package_109_xml.js
whxdata\package_110_xml.js
whxdata\package_111_xml.js
whxdata\package_112_xml.js
whxdata\package_113_xml.js
whxdata\package_114_xml.js
whxdata\package_115_xml.js
whxdata\package_116_xml.js
whxdata\package_117_xml.js
whxdata\package_118_xml.js
whxdata\package_119_xml.js
whxdata\package_120_xml.js
whxdata\package_121_xml.js
whxdata\package_122_xml.js
whxdata\package_123_xml.js
whxdata\package_124_xml.js
whxdata\package_125_xml.js
whxdata\package_126_xml.js
whxdata\package_127_xml.js
whxdata\package_128_xml.js
whxdata\package_129_xml.js
whxdata\package_130_xml.js
whxdata\package_131_xml.js
whxdata\package_132_xml.js
whxdata\package_133_xml.js
whxdata\package_134_xml.js
whxdata\package_135_xml.js
whxdata\package_136_xml.js
whxdata\package_137_xml.js
whxdata\package_138_xml.js
whxdata\package_139_xml.js
whxdata\package_140_xml.js
whxdata\package_141_xml.js
whxdata\package_142_xml.js
whxdata\package_143_xml.js
whxdata\package_144_xml.js
whxdata\package_145_xml.js
whxdata\package_146_xml.js
whxdata\package_147_xml.js
whxdata\package_148_xml.js
whxdata\package_149_xml.js
whxdata\package_150_xml.js
whxdata\package_151_xml.js
whxdata\package_152_xml.js
whxdata\package_153_xml.js
whxdata\package_154_xml.js
whxdata\package_155_xml.js
whxdata\package_156_xml.js
whxdata\package_157_xml.js
whxdata\package_158_xml.js
whxdata\package_159_xml.js
whxdata\package_160_xml.js
whxdata\package_161_xml.js
whxdata\package_162_xml.js
whxdata\package_163_xml.js
whxdata\package_164_xml.js
whxdata\package_165_xml.js
whxdata\package_166_xml.js
whxdata\package_167_xml.js
whxdata\package_168_xml.js
whxdata\package_169_xml.js
whxdata\package_170_xml.js
whxdata\package_171_xml.js
whxdata\package_172_xml.js
whxdata\package_173_xml.js
whxdata\package_174_xml.js
whxdata\package_175_xml.js
whxdata\package_176_xml.js
whxdata\package_177_xml.js
whxdata\package_178_xml.js
whxdata\packageindex_xml.js
whxdata\synonym.xml
whxdata\synonym_xml.js
whxdata\topictable_0_xml.js
whxdata\topictable_1_xml.js
whxdata\topictable_2_xml.js
whxdata\topictable_3_xml.js
whxdata\topictable_4_xml.js
whxdata\topictable_5_xml.js
whxdata\topictable_6_xml.js
whxdata\topictableindex_xml.js
whxdata\whfts.xml
whxdata\whfts_xml.js
whproj_xml.js
whxdata\whtoc_xml.js
whxdata\whidx_xml.js
whxdata\whglo_xml.js
resource\resource_xml.js
whbrs_xml.js
whres_xml.js
whcsh_xml.js
whxdata\whtdata0_xml.js
whxdata\whtdata1_xml.js
whxdata\whtdata2_xml.js
whxdata\whtdata3_xml.js
whxdata\whtdata4_xml.js
whxdata\whtdata5_xml.js
whxdata\whtdata6_xml.js
whxdata\whtdata7_xml.js
whxdata\whtdata8_xml.js
whxdata\whtdata9_xml.js
whxdata\whtdata10_xml.js
whxdata\whtdata11_xml.js
whdata\whtdata0.htm
whdata\whtdata1.htm
whdata\whtdata2.htm
whdata\whtdata3.htm
whdata\whtdata4.htm
whdata\whtdata5.htm
whdata\whtdata6.htm
whdata\whtdata7.htm
whdata\whtdata8.htm
whdata\whtdata9.htm
whdata\whtdata10.htm
whdata\whtdata11.htm
whgdata\whlstt0.htm
whgdata\whlstt1.htm
whgdata\whlstt2.htm
whgdata\whlstt3.htm
whgdata\whlstt4.htm
whgdata\whlstt5.htm
whgdata\whlstt6.htm
whgdata\whlstt7.htm
whgdata\whlstt8.htm
whgdata\whlstt9.htm
whgdata\whlstt10.htm
whgdata\whlstt11.htm
whgdata\whlstt12.htm
whgdata\whlstt13.htm
whgdata\whlstt14.htm
whgdata\whlstt15.htm
whgdata\whlstt16.htm
whgdata\whlstt17.htm
whgdata\whlstt18.htm
whgdata\whlstt19.htm
whgdata\whlstt20.htm
whgdata\whlstt21.htm
whgdata\whlstt22.htm
whgdata\whlstt23.htm
whgdata\whlstt24.htm
whgdata\whlstt25.htm
whgdata\whlstt26.htm
whgdata\whlstt27.htm
whgdata\whlstt28.htm
whgdata\whlstt29.htm
whgdata\whlstt30.htm
whgdata\whlstt31.htm
whgdata\whlstt32.htm
whgdata\whlstt33.htm
whgdata\whlstt34.htm
whgdata\whlstt35.htm
whgdata\whlstt36.htm
whgdata\whlstt37.htm
whgdata\whlstt38.htm
whgdata\whlstt39.htm
whgdata\whlstt40.htm
whgdata\whlstt41.htm
whgdata\whlstt42.htm
whgdata\whlstt43.htm
whgdata\whlstt44.htm
whgdata\whlstt45.htm
whgdata\whlstt46.htm
whgdata\whlstt47.htm
whgdata\whlstt48.htm
whgdata\whlstt49.htm
whgdata\whlstt50.htm
whgdata\whlstt51.htm
whgdata\whlstt52.htm
whgdata\whlstt53.htm
whgdata\whlstt54.htm
whgdata\whlstt55.htm
whgdata\whlstt56.htm
whgdata\whlstt57.htm
whgdata\whlstt58.htm
whgdata\whlstt59.htm
whgdata\whlstt60.htm
whgdata\whlstt61.htm
whgdata\whlstt62.htm
whgdata\whlstt63.htm
whgdata\whlstt64.htm
whgdata\whlsti0.htm
whgdata\whlstfl0.htm
whgdata\whlstfl1.htm
whgdata\whlstfl2.htm
whgdata\whlstfl3.htm
whgdata\whlstfl4.htm
whgdata\whlstfl5.htm
whgdata\whlstfl6.htm
whgdata\whlstfl7.htm
whgdata\whlstfl8.htm
whgdata\whlstfl9.htm
whgdata\whlstfl10.htm
whgdata\whlstfl11.htm
whgdata\whlstfl12.htm
whgdata\whlstfl13.htm
whgdata\whlstfl14.htm
whgdata\whlstfl15.htm
whgdata\whlstfl16.htm
whgdata\whlstfl17.htm
whgdata\whlstfl18.htm
whgdata\whlstfl19.htm
whgdata\whlstfl20.htm
whgdata\whlstfl21.htm
whgdata\whlstfl22.htm
whgdata\whlstfl23.htm
whgdata\whlstfl24.htm
whgdata\whlstfl25.htm
whgdata\whlstf0.htm
whgdata\whlstf1.htm
whgdata\whlstf2.htm
whgdata\whlstf3.htm
whgdata\whlstf4.htm
whgdata\whlstf5.htm
whgdata\whlstf6.htm
whgdata\whlstf7.htm
whgdata\whlstf8.htm
whgdata\whlstf9.htm
whgdata\whlstf10.htm
whgdata\whlstf11.htm
whgdata\whlstf12.htm
whgdata\whlstf13.htm
whgdata\whlstf14.htm
whgdata\whlstf15.htm
whgdata\whlstf16.htm
whgdata\whlstf17.htm
whgdata\whlstf18.htm
whgdata\whlstf19.htm
whgdata\whlstf20.htm
whgdata\whlstf21.htm
whgdata\whlstf22.htm
whgdata\whlstf23.htm
whgdata\whlstf24.htm
whgdata\whlstf25.htm
whgdata\whlstf26.htm
whgdata\whlstf27.htm
whgdata\whlstf28.htm
whgdata\whlstf29.htm
whgdata\whlstf30.htm
whgdata\whlstf31.htm
whgdata\whlstf32.htm
whgdata\whlstf33.htm
whgdata\whlstf34.htm
whgdata\whlstf35.htm
whgdata\whlstf36.htm
whgdata\whlstf37.htm
whgdata\whlstf38.htm
whgdata\whlstf39.htm
whgdata\whlstf40.htm
whgdata\whlstf41.htm
whgdata\whlstf42.htm
whgdata\whlstf43.htm
whgdata\whlstf44.htm
whgdata\whlstf45.htm
whgdata\whlstf46.htm
whgdata\whlstf47.htm
whgdata\whlstf48.htm
whgdata\whlstf49.htm
whgdata\whlstf50.htm
whgdata\whlstf51.htm
whgdata\whlstf52.htm
whgdata\whlstf53.htm
whgdata\whlstf54.htm
whgdata\whlstf55.htm
whgdata\whlstf56.htm
whgdata\whlstf57.htm
whgdata\whlstf58.htm
whgdata\whlstf59.htm
whgdata\whlstf60.htm
whgdata\whlstf61.htm
whgdata\whlstf62.htm
whgdata\whlstf63.htm
whgdata\whlstf64.htm
whgdata\whlstf65.htm
whgdata\whlstf66.htm
whgdata\whlstf67.htm
whgdata\whlstf68.htm
whgdata\whlstf69.htm
whgdata\whlstf70.htm
whgdata\whlstf71.htm
whgdata\whlstf72.htm
whgdata\whlstf73.htm
whgdata\whlstf74.htm
whgdata\whlstf75.htm
whgdata\whlstf76.htm
whgdata\whlstf77.htm
whgdata\whlstf78.htm
whgdata\whlstf79.htm
whgdata\whlstf80.htm
whgdata\whlstf81.htm
whgdata\whlstf82.htm
whgdata\whlstf83.htm
whgdata\whlstf84.htm
whgdata\whlstf85.htm
whgdata\whlstf86.htm
whgdata\whlstf87.htm
whgdata\whlstf88.htm
whgdata\whlstf89.htm
whgdata\whlstf90.htm
whgdata\whlstf91.htm
whgdata\whlstf92.htm
whgdata\whlstf93.htm
whgdata\whlstf94.htm
whgdata\whlstf95.htm
whgdata\whlstf96.htm
whgdata\whlstf97.htm
whgdata\whlstf98.htm
whgdata\whlstf99.htm
whgdata\whlstf100.htm
whgdata\whlstf101.htm
whgdata\whlstf102.htm
whgdata\whlstf103.htm
whgdata\whlstf104.htm
whgdata\whlstf105.htm
whgdata\whlstf106.htm
whgdata\whlstf107.htm
whgdata\whlstf108.htm
whgdata\whlstf109.htm
whgdata\whlstf110.htm
whgdata\whlstf111.htm
whgdata\whlstf112.htm
whgdata\whlstf113.htm
whgdata\whlstf114.htm
whgdata\whlstf115.htm
whgdata\whlstf116.htm
whgdata\whlstf117.htm
whgdata\whlstf118.htm
whgdata\whlstf119.htm
whgdata\whlstf120.htm
whgdata\whlstf121.htm
whgdata\whlstf122.htm
whgdata\whlstf123.htm
whgdata\whlstf124.htm
whgdata\whlstf125.htm
whgdata\whlstf126.htm
whgdata\whlstf127.htm
whgdata\whlstf128.htm
whgdata\whlstf129.htm
whgdata\whlstf130.htm
whgdata\whlstf131.htm
whgdata\whlstf132.htm
whgdata\whlstf133.htm
whgdata\whlstf134.htm
whgdata\whlstf135.htm
whgdata\whlstf136.htm
whgdata\whlstf137.htm
whgdata\whlstf138.htm
whgdata\whlstf139.htm
whgdata\whlstf140.htm
whgdata\whlstf141.htm
whgdata\whlstf142.htm
whgdata\whlstf143.htm
whgdata\whlstf144.htm
whgdata\whlstf145.htm
whgdata\whlstf146.htm
whgdata\whlstf147.htm
whgdata\whlstf148.htm
whgdata\whlstf149.htm
whgdata\whlstg0.htm
Orbit_Help_index.htm
Orbit_Help_index_csh.htm
Orbit_Help_index_rhc.htm
