|SourceProjectName:ORBIT Analytics Help 9.2.0.hpr
|DestinationProjectName:ORBIT_Analytics_Help_index.htm
whhost.js
whmsg.js
whmozemu.js
whutils.js
whproxy.js
whstub.js
whver.js
whform.js
whphost.js
whstart.js
whtopic.js
whframes.js
whlang.js
whskin_info.htm
whskin_blank.htm
whskin_pickup.htm
whskin_homepage.htm
whskin_tw.htm
whnjs.htm
whthost.js
whtdhtml.htm
whihost.js
whibody.htm
whiform.htm
whfhost.js
whfbody.htm
whfform.htm
whghost.js
whgbody.htm
whgdhtml.htm
whgdef.htm
whproj.js
whproj.htm
whdata\whtoc.js
whdata\whtoc.htm
whdata\whtdata.js
whdata\whidx.js
whdata\whidx.htm
whdata\whidata.js
whdata\whglo.js
whdata\whglo.htm
whdata\whgdata.js
whgdata\whnvp30.htm
whgdata\whnvp31.htm
whgdata\whnvp32.htm
whgdata\whnvp33.htm
whgdata\whnvt30.htm
whgdata\whnvt31.htm
whgdata\whnvt32.htm
whgdata\whnvt33.htm
whgdata\whnvf30.htm
whgdata\whnvf31.htm
whgdata\whnvf32.htm
whgdata\whnvf33.htm
whgdata\whnvl31.htm
whgdata\whnvl32.htm
whgdata\whnvl33.htm
whgdata\whexpbar.gif
cshdat_webhelp.htm
whcsh_home.htm
whcshdata.js
cshdat_robohelp.htm
wht_tab0.gif
wht_tab1.gif
wht_tab2.gif
wht_tab3.gif
wht_tab4.gif
wht_tab5.gif
wht_tab6.gif
wht_tab7.gif
wht_tab8.gif
wht_glo_h.gif
wht_glo_n.gif
wht_fts_h.gif
wht_fts_n.gif
wht_idx_h.gif
wht_idx_n.gif
wht_toc_h.gif
wht_toc_n.gif
wht_ws.gif
wht_ws_g.gif
wht_logo1.gif
wht_logo2.gif
wht_abgw.jpg
wht_abgi.jpg
wht_abge.jpg
wht_abtw.jpg
wht_abte.jpg
wht_abti.jpg
wht_spac.gif
wht_next.gif
wht_next_g.gif
wht_prev.gif
wht_prev_g.gif
wht_sync.gif
wht_hide.gif
wht_go.gif
whstart.ico
whestart.ico
whrstart.ico
whidhtml.htm
whfdhtml.htm
whskin_banner.htm
whtbar.js
print-selected.png
print-unselected.png
background.png
contents-selected.png
contents-unselected.png
index-selected.png
index-unselected.png
search-selected.png
search-unselected.png
glossary-selected.png
glossary-unselected.png
search-input-go.png
logo-placeholder.png
previous-disabled.png
previous-enabled.png
next-disabled.png
next-enabled.png
sync-toc.png
hide.png
remote-url.png
folder_(1).png
folder-close.png
file.png
whskin_pdhtml.htm
whskin_plist.htm
whskin_tbars.htm
whskin_mbars.htm
whskin_frmset010.htm
whst_topics.xml
whskin_frmset01.htm
ORBIT_Analytics_Help_index_hha.hhk
ORBIT_Analytics_Help_index.hhc
ORBIT_Analytics_Help_index.hhk
About_Online_Help.htm
Accessing_Account_Details.htm
Active_Directory.htm
Add_this_View_to_Home.htm
Add_to_Dataset.htm
Add_Widget.htm
Adding_a_New_Authority_Type.htm
Adding_a_Report_to_Favourites.htm
Administrative_Interface.htm
Aggregations.htm
Allow_Auto_Interactivity.htm
Allow_Cross_Filters.htm
Allow_Drilldowns.htm
Allow_Filter_Others.htm
Analysis_Feature_Dashboard.htm
AND_Filter.htm
AND_Filter1.htm
Appendix_A.htm
Appendix_B.htm
Applying_Excel_Template_to_Publisher_Report.htm
Applying_Filters_and_Prompts1.htm
Applying_Formula.htm
Applying_FTL_Template_to_Publisher_Report.htm
Applying_Multiple_Aggregations.htm
Applying_Repeat_Header_Rows_Option.htm
Applying_Sort.htm
Applying_Word_Template_to_Publisher_Report.htm
Applying_Word_Template_to_Publisher_Report_1.htm
Architecture.htm
Archiving_a_Thread.htm
Assign_to_Role.htm
Assign_to_User.htm
Assigning_a_Snapshot_to_the_Thread.htm
Assigning_a_Thread_to_a_Snapshot.htm
Assigning_Groups_to_the_Role.htm
Assigning_Groups_to_the_Specific_User.htm
Assigning_Roles.htm
Assigning_Roles_to_the_Group.htm
Assigning_Roles_to_the_Specific_User.htm
Assigning_Security_for_Category_under_BO.htm
Assigning_Users_to_the_Group.htm
Assigning_Users_to_the_Role.htm
Attributes.htm
Attributes1.htm
Audio_Widget.htm
Audit_Archive.htm
Authentication.htm
Authorization.htm
Authorization1.htm
Auto_Refresh.htm
Auto_Visualization_FD.htm
Bar_Charts_FD.htm
BO_Security.htm
Bursting.htm
Bursting_for_Email.htm
Bursting_for_File.htm
Bursting_for_FTP.htm
Business_Models.htm
Business_Objects.htm
Business_Units.htm
Calender.htm
Cancelling_the_Process.htm
Change_Dimensions_and_Measures.htm
Change_Ownership.htm
Changing_Base_Field_Format_in_Report.htm
Changing_Boolean_Field_Format_in_Report.htm
Changing_Date_Field_Format_in_Report.htm
Changing_Id_Field_Format_in_Report.htm
Changing_Number_Field_Format_in_Report.htm
Changing_Password.htm
Changing_String_Field_Format_in_Report.htm
Changing_Time_Field_Format_in_Report.htm
Closing_the_Thread.htm
Collaboration.htm
Columns_and_Filters_in_Logical_Model.htm
Components_of_a_Publisher_Report.htm
Conditional_Formats.htm
Configure_Drill-through.htm
Configuring_a_Plugin_Job.htm
Configuring_Impala_Data_Source.htm
Configuring_Instance.htm
Configuring_List_of_Values.htm
Configuring_Permissions_for_the_Roles.htm
Configuring_Query_Settings.htm
Configuring_Service_Provider_Details_at_IDP_Website.htm
Configuring_the_Settings.htm
Configuring_Widget_Settings.htm
Conventions.htm
Copy_a_Domain.htm
Copying_a_Report.htm
Create_a_Business_Object_for_a_Column.htm
Create_Pivot_From_a_Data_Report.htm
Creating_a_BO.htm
Creating_a_Complex_Join.htm
Creating_a_Custom_Report.htm
Creating_a_Dashboard_Report.htm
Creating_a_FTL_Template1.htm
Creating_a_HTML_Template.htm
Creating_a_Logical_Model.htm
Creating_a_New_Authority_Type.htm
Creating_a_New_Business_Unit.htm
Creating_a_New_Data_Source.htm
Creating_a_New_Domain.htm
Creating_a_New_Group.htm
Creating_a_New_Report.htm
Creating_a_New_Role.htm
Creating_a_New_Snapshot.htm
Creating_a_New_Thread.htm
Creating_a_PeopleSoft_Authority.htm
Creating_a_Physical_Model.htm
Creating_a_Plugin.htm
Creating_a_Publisher_Report.htm
Creating_a_Publisher_Report1.htm
Creating_a_Report_Token.htm
Creating_a_Report_using_Dataset.htm
Creating_a_Reports_Folder.htm
Creating_a_SAML_Authority.htm
Creating_a_Script_Report.htm
Creating_a_Simple_Join.htm
Creating_a_Sub_Folder_in_a_Folder.htm
Creating_a_Word_Template.htm
Creating_a_Word_Template_with_Grouping_and_Page_Break.htm
Creating_an_Active_Directory_Authority1.htm
Creating_an_Analysis_Report_FD_1.htm
Creating_an_Excel_Template.htm
Creating_an_Excel_Template_for_Grouping.htm
Creating_an_LDAP_Authority.htm
Creating_an_Operational_Report.htm
Creating_Annotations_for_Snapshots_in_Thread_Chat.htm
Creating_Authority.htm
Creating_Data_Source_Properties.htm
Creating_Dataset.htm
Creating_Datasets.htm
Creating_Finance_Report.htm
Creating_Multiple_Pages.htm
Creating_New_Category.htm
Creating_New_Dashboard_under_Existing_Folder.htm
Creating_New_Hierarchy.htm
Creating_New_Report_In_Existing_Folder.htm
Creating_New_User.htm
Creating_Notifications.htm
Creating_Object_from_SQL.htm
Creating_Templates.htm
Cross_Filters.htm
Custom_job_API.htm
Custom_Job_Implementation.htm
Custom_Job_Implementation_Guidelines.htm
Custom_Job_Registration.htm
Custom_Jobs.htm
Custom_Jobs1.htm
Custom_Reports.htm
Customize_Axes_Visual_Settings_FD.htm
Customize_Chart_Visual_Settings_FD.htm
Customize_Legend_Visual_Settings_FD.htm
Customize_Series_Visual_Settings_FD.htm
Customize_Slice_Visual_Settings_FD.htm
Customize_Tooltip_Visual_Settings_FD.htm
Customize_Value_Visual_Settings.htm
Dashboard_Options.htm
Dashboard_Options1.htm
Dashboards.htm
Data_Explorer.htm
Data_Filter.htm
Data_Filter_FD.htm
Data_Interaction_Options.htm
Data_Load.htm
Data_Model.htm
Data_Security_in_Logical_Model.htm
Data_Security_in_Logical_Model1.htm
Data_Sources.htm
Datasets.htm
Delete_Calendar.htm
Delete_Custom_Job.htm
Delete_Process.htm
Delete_Visualization.htm
Deleting_a_Logical_Model.htm
Deleting_a_Plugin.htm
Deleting_a_Report.htm
Deleting_Authorities_with_Dependencies1.htm
Deleting_Authority.htm
Deleting_Datasets.htm
Deleting_Physical_Model.htm
Deleting_Schedule.htm
Delimiter_Text.htm
Deliveries.htm
Delivery_Plans_PR.htm
Diagnostics.htm
Displaying_Join_Order_View.htm
Domain_Actions1.htm
Domain_Hierarchy.htm
Domains.htm
Download_Excel_Edge.htm
Drilldowns_in_Operational_Reports.htm
Duplicate_a_Logical_Model.htm
Duplicate_Visualization.htm
Dynamic_Dimension_FD.htm
Dynamic_Dimensions,_Measures_FD.htm
Dynamic_Filters_FD.htm
Dynamic_Measure_FD.htm
Dynamic_Values.htm
Edit_a_Domain.htm
Edit_Calendar.htm
Edit_Custom_Job.htm
Editing_a_Custom_Report.htm
Editing_a_Data_Source.htm
Editing_a_Report.htm
Editing_a_Snapshot.htm
Editing_Authority.htm
Editing_Datasets.htm
Editing_Groups.htm
Editing_register_plugin_program.htm
Editing_Roles.htm
Editing_Schedules.htm
Editing_the_Business_Unit.htm
Editing_the_thread.htm
Editing_Users.htm
Enabling_a_New_User.htm
Environment_Setup.htm
Establising_Joins_between_Tables.htm
Excel_Edge.htm
Excel_Template_with_Bind_Variables.htm
Export_Custom_Job.htm
Export_Dashboard.htm
Exporting_a_Custom_Report.htm
Exporting_a_Domain2.htm
Exporting_a_Report.htm
Exporting_Analysis_Report.htm
Exporting_Reports.htm
Extract_Orbit_MetaData_Job.htm
Feedback.htm
Filtering_a_Domain.htm
Filtering_a_Snapshot.htm
Filtering_Business_Units.htm
Filtering_Data_Source.htm
Filtering_Datasets.htm
Filtering_Groups.htm
Filtering_Reports.htm
Filtering_Roles.htm
Filtering_Users.htm
Filters.htm
Finance_Cube.htm
Finance_cube_model.htm
Finance_Report.htm
Finance_Reports_imported_from_EBS_FSG.htm
Forgot_Password.htm
From_this_query.htm
Generate_Link.htm
Generate_Link_PR.htm
Generating_Report_Link.htm
Getting_Started_with_Excel_Edge.htm
Getting_Started_with_ORBIT_Application.htm
Getting_Started_with_Script_Report.htm
GLSense_EBS_Generate_View_Script_Job.htm
GLSense_Fusion_Balance_Job.htm
GLSense_Fusion_Import_User_Job.htm
GLSense_Fusion_Setup_Job.htm
GLSense_Import_EBS_FSG_Reports_Job.htm
GLSense_Netsuite_Balance_Job.htm
GLSense_Netsuite_Import_User_Job.htm
GLSense_Netsuite_Setup_Job.htm
Grid_Filters.htm
Group_Filters.htm
Group_Search_Information.htm
Group_Search_Information1.htm
Group_Serch_Information.htm
Grouping_and_Hierarchy_Drilldown_FD.htm
Grouping_Columns_in_a_Report.htm
Heat_Map_FD.htm
Help_file.htm
Ignore_in_Interactivity.htm
Image_Widget.htm
Import_Data_from_Different_Sources.htm
Import_Users,Roles_and_Groups_from_Excel1.htm
Importing_Data_From_File.htm
Importing_Data_from_REST.htm
Importing_Data_From_SOAP.htm
Importing_Data_from_SQL_Query.htm
Importing_Data_From_Webservices.htm
Importing_Discoverer_Object(s).htm
Importing_Domain1.htm
Importing_From_File.htm
Importing_Objects_to_Physical_Model.htm
Importing_Oracle_Reports(Concurrent_Programs).htm
Importing_Users_from_Authority.htm
Initialization_Block_Security.htm
Insight_Report.htm
Installing_Excel_Edge_Application.htm
Intended_Audience.htm
Interrupting_the_processes.htm
Introduction1.htm
Introduction2.htm
Introduction_to_Business_Units.htm
Introduction_to_Dashboards.htm
Introduction_to_Datasets.htm
Introduction_to_Home_Page_Features.htm
Introduction_to_Operational_Reports.htm
Introduction_to_ORBIT_Features.htm
Introduction_to_Reports.htm
Job_Actions.htm
Jobs1.htm
Joins.htm
KPI_Card_FD.htm
LDAP.htm
Licensing_Users_Report.htm
Local_Filters_FD.htm
Locales.htm
Lock_Screen.htm
Locking_a_Thread.htm
Logging_into_Excel_edge.htm
Logging_onto_the_ORBIT_Application.htm
Logging_out_of_Excel_Edge_Application.htm
Logging_out_of_the_ORBIT_Application.htm
Logical_Tables_Properties_under_Business_Objects.htm
Macro-enabled_Templates.htm
Macro-enabled_Templates_in_Excel_for_Data_Reports.htm
Maintenance.htm
Managing_Report_Views.htm
Managing_the_Collaborators.htm
Map_FD.htm
Menu_for_Domain_Hierarchy_Objects.htm
Menu_in_Run_Results_Area.htm
Menu_Options_in_Analysis_Report_FD.htm
Menu_Options_in_Dashboards1.htm
Menu_Options_in_Reports.htm
Menu_options_in_XLEdge.htm
Meta_Objects1.htm
Monitoring.htm
Multi-level_Group_Export_to_Excel.htm
Multiple_Conditions_on_Same_Column.htm
Multiple_Drilldowns_in_a_Report.htm
Multiple_Drilldowns_on_Same_Column.htm
Next_Process.htm
Nodes.htm
NOT_Filter.htm
NOT_Filter1.htm
Opening_Business_Objects.htm
Opening_Existing_Logical_Model.htm
Opening_the_closed_chart.htm
Opening_the_Thread_Chat.htm
Operation.htm
Operational_Reports.htm
Options.htm
Options_in_Analysis_Report_FD.htm
OptionsPR1.htm
OR_Filter.htm
OR_Filter1.htm
ORBIT_Application.htm
ORBIT_Help.htm
Order_By.htm
Organizing_Reports.htm
Output_Compliance_Matrix.htm
Packed_Bubbles_FD.htm
Parameters_1.htm
Pause_Job.htm
Pause_Schedule.htm
PeopleSoft.htm
Performing_Grouping_on_Publisher_Report.htm
Pie_Charts_FD.htm
Pivot_Matrix_Charts_FD.htm
Plugin_Jobs.htm
Plugins.htm
Pre_Executive_Block.htm
Preface.htm
Preferences.htm
Previous_and_Next_Process.htm
Previous_Schedule_Runs.htm
Process_Finance_Cube_Batch.htm
Processes.htm
Processes1.htm
Processes_Search.htm
Product_Overview.htm
Properties1.htm
Properties2.htm
Properties3.htm
Properties_for_Tables_Views_Synonym.htm
Properties_of_Data_Report.htm
Publisher_Report.htm
Purge_Job.htm
Python_Scripts_for_Multiple_Outputs.htm
R_Scripts_for_Multiple_Outputs.htm
Range_Filter_FD.htm
Register_a_Plugin_Program.htm
Reloading_Licenses.htm
Reloading_Logical_Tables.htm
Remove_a_Data_source.htm
Remove_a_Domain.htm
Removing_a_Custom_Report.htm
Removing_a_Snapshot.htm
Removing_Columns_under_Business_Object.htm
Removing_Displaying_Columns_from_Reports.htm
Removing_the_Thread.htm
Rename_a_Domain.htm
Renaming_a_Business_Object.htm
Renaming_a_Logical_Model.htm
Renaming_a_Report.htm
Renaming_Datasets.htm
Renaming_Labels.htm
Renaming_Physical_Model.htm
Report_Configurator_Area.htm
Report_Properties.htm
Report_Statistics1.htm
Report_Tokens.htm
Reports.htm
Rescheduling_a_schedule.htm
Resetting_Password.htm
Resubmiting_the_process.htm
Resume_Job.htm
Resume_Schedule.htm
Run_Results_Area.htm
Running_a_Report.htm
Running_a_Report_in_Excel_Edge.htm
SAML.htm
Sankey_Chart_FD.htm
Save_As.htm
Save_as_New_Quick_Filter_in_Data_Reports.htm
Save_This_Search.htm
Scatter_Bubble_Charts_FD.htm
Schedule.htm
Schedule_a_Report.htm
Schedule_Options.htm
Schedule_Refresh.htm
Schedule_the_Process.htm
Scheduler_Id_Search.htm
Schedules.htm
Schedules1.htm
Schedules_Details.htm
Scheduling_a_Custom_Report.htm
Scheduling_a_Finance_Report.htm
Scheduling_a_Report.htm
Scheduling_Custom_Jobs.htm
Scheduling_Plugin_program.htm
Scheduling_report.htm
Script_Reports.htm
Search_Base.htm
Search_Base1.htm
Search_Base_Filter.htm
Search_Base_Group.htm
Search_Base_Groups.htm
Search_Filter.htm
Search_Filter1.htm
Search_Filter_Groups.htm
Searching_a_Business_Object.htm
Searching_the_Thread.htm
Security.htm
Seeded_Jobs.htm
Selecting_Default_Values.htm
Setting_Advance_Option.htm
Setting_Aggregate_Functions_on_Reports.htm
Setting_Data_Security.htm
Setting_Default_Output.htm
Setting_Logical_Model_Properties.htm
Setting_Output_and_Delivery_Types.htm
Setting_Permissions.htm
Setting_Physical_Model_Properties.htm
Setting_Role-based_Security.htm
Setting_Simple_Option.htm
Setting_the_Conditional_Formatting.htm
Settings.htm
Share_a_Domain.htm
Sharing_a_Custom_Report.htm
Sharing_a_Dataset.htm
Sharing_a_Report.htm
Sharing_a_report_at_folder_level.htm
Sharing_Data_Source.htm
Sharing_Finance_Repoprt.htm
Sharing_Jobs.htm
Show_Processes.htm
Show_Schedule.htm
Sizing_the_Columns_Automatically.htm
Snapshots.htm
Solid_Gauge_FD.htm
Sorting_Columns_in_Logical_Models.htm
Sorting_Field-wise_in_Reports.htm
Sorting_Fields_in_Ascending_Order.htm
Sorting_Fields_in_Descending_Order.htm
Sorting_Null_values.htm
Splitting_Date_Dimensions.htm
Submit_the_Process.htm
Synchronize_with_Database.htm
System.htm
Tabular_Charts_FD.htm
Template_Based.htm
Template_with_Bind_Variables.htm
Templates2.htm
Testing_Business_Object_Query1.htm
Text_Widget.htm
Thread_Chat_Settings_Menu.htm
Threads.htm
Tools_in_the_Reports_Section.htm
Tools_on_Logical_Model_Work_Area.htm
Tree_Maps,_Sun_Burst_FD.htm
Types_of_Filters.htm
Underlying_Data.htm
Underlying_Data1.htm
Underlying_Data_option.htm
Unlocking_a_Thread.htm
Upload_Files.htm
Uploading_Document_in_Thread_Chat.htm
Uploading_Snapshot_in_Thread_Chat.htm
User_Filters.htm
User_Filters_FD.htm
User_Search_Information.htm
User_Search_Information1.htm
Using_Calculation_Formula_in_Email_Bursting.htm
Using_Display_Text_in_Grouping.htm
Validate_Condition.htm
Value_Pair_FD.htm
View_Query.htm
View_SQL__DR.htm
Viewing_a_Publisher_Report_in_Excel.htm
Viewing_a_Snapshot.htm
Viewing_Datasets.htm
Viewing_Finance_Report_Output.htm
Viewing_Imported_Users.htm
Viewing_Opened_Reports.htm
Viewing_Output_in_Required_Output_FTL.htm
Viewing_Outputs.htm
Viewing_Parameters.htm
Viewing_Publisher_Report_in_HTML.htm
Viewing_Publisher_Report_in_Word.htm
Viewing_Publisher_Report_in_Word1.htm
Viewing_Recently_Run_Reports.htm
Viewing_Report_Details.htm
Viewing_Scheduled_Parameters.htm
Viewing_Schedules.htm
Viewing_the_Excel_Template_Output.htm
Viewing_the_Newly_Created_Authority.htm
Viewing_the_Output.htm
Viewing_the_Outputs.htm
Viewing_the_Process_Details.htm
Viewing_the_Publisher_Report_in_HTML.htm
Viewing_the_Thread.htm
Visual_Settings_of_Analysis_Reports_FD.htm
Visual_Settings_of_Different_Charts_FD1.htm
Visualization.htm
Visualization_options.htm
Widget_option.htm
Without_Repeat_Header_Rows_Option.htm
Word_Cloud_FD.htm
Word_Template_with_Bind_Variables.htm
Working_with_Authorities.htm
Working_with_Bursting_Email.htm
Working_with_Excel_Edge.htm
Working_with_Groups.htm
Working_with_nodes.htm
Working_with_Permissions.htm
Working_with_Roles.htm
Working_with_Single_Sign-on.htm
Working_with_Users1.htm
Working_with_Voting_Request.htm
ORBIT_Analytics_Help_index.glo
default.css
image42.png
Multi_Grouping.jpg
CustomJobs_001.jpg
Process_id_Submit.jpg
Escape_Char.jpg
image20.png
image22.png
Bind1.jpg
image10.png
Filters1.jpg
Filters.jpg
Report_saved_succeess.jpg
image1217.gif
filters.png
image3209.gif
image3000.gif
image2008.gif
image2004.gif
image2003.gif
image2001.gif
image3293.gif
image3207.gif
image1255.gif
image3246.gif
image3262.gif
image1085.gif
image1093.gif
image1092.gif
image1090.gif
image3203.gif
image3009.gif
image3006.gif
image3007.gif
image3005.gif
image3010.gif
image3204.gif
image2283.gif
image2284.gif
image2293.gif
image2294.gif
image2296.gif
image2292.gif
image2297.gif
image2298.gif
image3266.gif
image3265.gif
image3083.gif
image3062.gif
image3088.gif
image3211.gif
image1218.gif
image1219.gif
image1220.gif
image1216.gif
image1214.gif
image1221.gif
image1258.gif
image2220.gif
image2221.gif
image2222.gif
image2223.gif
image2224.gif
image3072.gif
image3071.gif
image3070.gif
image3085.gif
image1091.gif
image2016.gif
image2015.gif
image2014.gif
image2013.gif
image3020.gif
image3018.gif
image3019.gif
image1000.gif
image2267.gif
image2269.gif
image2268.gif
image2271.gif
image2210.gif
image2208.gif
image2211.gif
image3271.gif
image1070.gif
image1069.gif
image1068.gif
image3259.gif
image2054.gif
image2059.gif
image2053.gif
image3276.gif
image3272.gif
image1205.gif
image1204.gif
image3095.gif
image1042.gif
image1043.gif
image1041.gif
image1040.gif
image1080.gif
image1078.gif
image1079.gif
image1099.gif
image1098.gif
image1097.gif
image2265.gif
image2264.gif
image2263.gif
image2262.gif
image2261.gif
image2260.gif
image2202.gif
image2201.gif
image2200.gif
image3053.gif
image3287.gif
image3016.gif
image3295.gif
image3014.gif
image3013.gif
image3294.gif
image3002.gif
image3278.gif
image3275.gif
image1261.gif
image3240.gif
image2230.gif
image2229.gif
image2228.gif
image2226.gif
image2227.gif
image2225.gif
image3057.gif
image3054.gif
image3055.gif
image3078.gif
image3077.gif
image3076.gif
image3075.gif
image3073.gif
image3086.gif
Legend_02.gif
image1005.gif
image1086.gif
image1088.gif
image1087.gif
Removeall.png
image1283.gif
image3034.gif
image3090.gif
image3028.gif
image1268.gif
image2050.gif
image2048.gif
image2047.gif
image2045.gif
image2046.gif
image3264.gif
image2239.gif
image2238.gif
image2237.gif
image2235.gif
image2234.gif
image3283.gif
image3282.gif
image3281.gif
image3080.gif
image3079.gif
image1077.gif
image1075.gif
image1076.gif
image1009.gif
image1074.gif
image2024.gif
image2025.gif
image2038.gif
image2039.gif
image3286.gif
image1245.gif
image1298.gif
image1025.gif
image1033.gif
image1039.gif
image2233.gif
image2232.gif
image2231.gif
image3279.gif
image3274.gif
image1050.gif
image1046.gif
image1047.gif
image1048.gif
image1095.gif
image1089.gif
image1084.gif
image1083.gif
image3238.gif
image1094.gif
image3208.gif
image2033.gif
image2031.gif
image2032.gif
image2028.gif
image2027.gif
image2026.gif
image3025.gif
image3021.gif
image3239.gif
image2241.gif
image2240.gif
image3061.gif
image3087.gif
image3082.gif
image3081.gif
image1066.gif
image1065.gif
image3285.gif
image3284.gif
image3237.gif
image2091.gif
image2086.gif
image3044.gif
image3043.gif
image3042.gif
image2291.gif
image2290.gif
image2289.gif
image2205.gif
image2206.gif
image2207.gif
image3268.gif
image3267.gif
userMenu.png
image3263.gif
image3291.gif
image3200.gif
image3277.gif
image3273.gif
image3270.gif
image3269.gif
image1294.gif
image3026.gif
image1293.gif
image1292.gif
image1291.gif
image1289.gif
image1288.gif
image3243.gif
image3241.gif
image2247.gif
image2245.gif
image2246.gif
image2288.gif
image2287.gif
image2286.gif
image2285.gif
image3094.gif
image3093.gif
image3092.gif
image3091.gif
image3256.gif
image3255.gif
image3254.gif
image3253.gif
image3252.gif
image3251.gif
image1071.gif
image3289.gif
image2062.gif
image2068.gif
image3236.gif
image2081.gif
image2082.gif
image2079.gif
image2080.gif
image2078.gif
image2074.gif
image3288.gif
image2070.gif
image2071.gif
image3051.gif
image3038.gif
image3037.gif
image3036.gif
image3035.gif
image2251.gif
image2250.gif
image2249.gif
image2255.gif
image2254.gif
image2252.gif
image2253.gif
image2248.gif
image2266.gif
image2275.gif
image2274.gif
image2272.gif
image2273.gif
image2270.gif
image2215.gif
image2214.gif
image2213.gif
image2216.gif
image2217.gif
image2219.gif
image2218.gif
image2212.gif
image2244.gif
image2243.gif
image2242.gif
Bar_Chart.jpg
image1081.gif
image1049.gif
image1096.gif
image1044.gif
image2044.gif
image2041.gif
image2256.gif
image2257.gif
image2259.gif
image2258.gif
image2282.gif
image2281.gif
image2280.gif
image2279.gif
image2278.gif
image2277.gif
image2276.gif
image3202.gif
image3201.gif
image3069.gif
image3068.gif
image3084.gif
image3258.gif
image3257.gif
image3260.gif
image3290.gif
image3024.gif
image3023.gif
image3022.gif
image3216.gif
image1238.gif
image1231.gif
image1228.gif
image1235.gif
image1234.gif
image1225.gif
image1223.gif
image1202.gif
image1203.gif
image2092.gif
image3225.gif
image3224.gif
image2299.gif
image3245.gif
image3244.gif
image3033.gif
image3031.gif
image3032.gif
image3030.gif
image3040.gif
image3029.gif
image3067.gif
image3066.gif
image3064.gif
image3063.gif
image3012.gif
image3011.gif
image3003.gif
image3089.gif
image3059.gif
image1052.gif
image1054.gif
image1053.gif
image1051.gif
image1062.gif
image1063.gif
image1064.gif
image1056.gif
image1058.gif
image3205.gif
image3292.gif
image3249.gif
image3041.gif
image3050.gif
image3047.gif
image3049.gif
image3048.gif
image3046.gif
image3045.gif
image3215.gif
Roles_filtered.jpg
Import_USer.jpg
CustomJobs_002.jpg
Pause_Job.jpg
image16.png
No_PB.jpg
group5.jpg
Group4.jpg
Group3.jpg
group2.jpg
group1.jpg
Report1.jpg
Template1.jpg
WordT1.jpg
New_Template.jpg
image3424.gif
image3423.gif
image2672.gif
image3422.gif
image2669.gif
image1465.gif
image3488.gif
Dashboard_FD_013.jpg
image3681.gif
image3421.gif
image3420.gif
image3419.gif
image3418.gif
image2472.gif
image2478.gif
image2471.gif
image2467.gif
image2470.gif
image2477.gif
image2465.gif
image2466.gif
image3610.gif
image3622.gif
image2429.gif
image2620.gif
image2619.gif
image2618.gif
image2617.gif
image2616.gif
image2615.gif
image1631.gif
image1624.gif
image1623.gif
image1622.gif
image1621.gif
image1620.gif
image1619.gif
image1618.gif
image1617.gif
image1616.gif
image1630.gif
image1629.gif
image1628.gif
image1627.gif
image1625.gif
image3409.gif
image3410.gif
image2663.gif
image2665.gif
image3633.gif
image3694.gif
image3693.gif
image2687.gif
image2685.gif
image2413.gif
image2411.gif
Dashboard_FD_012.jpg
Dashboard_FD_011.jpg
Dashboard_FD_010.jpg
Dashboard_FD_008.jpg
Dashboard_FD_007.jpg
Dashboard_FD_009.jpg
Dashboard_FD_006.jpg
image3405.gif
image276.gif
image1644.gif
image1646.gif
image1648.gif
image1649.gif
image3427.gif
image2606.gif
image2605.gif
image2612.gif
image2610.gif
image2611.gif
image3641.gif
image676.gif
image870.gif
image3663.gif
image2400.gif
image2401.gif
image2402.gif
image3605.gif
image3435.gif
image3604.gif
image3697.gif
image1688.gif
image1689.gif
image1687.gif
image1686.gif
image1690.gif
image1451.gif
image1450.gif
image1449.gif
image1448.gif
KPI_Card_02.gif
image3463.gif
image3609.gif
image3611.gif
image3401.gif
image1490.gif
image1489.gif
image1488.gif
image1487.gif
image1486.gif
image1485.gif
image1484.gif
image1483.gif
image1482.gif
image1473.gif
image1481.gif
image1480.gif
image1479.gif
image1478.gif
image1472.gif
image1477.gif
image1476.gif
image1475.gif
image1471.gif
image1470.gif
image1469.gif
image1468.gif
image1467.gif
image1466.gif
image1670.gif
image1669.gif
image1668.gif
image1666.gif
image1667.gif
image2453.gif
image1422.gif
image1420.gif
image1419.gif
image1421.gif
image1418.gif
image1413.gif
image1412.gif
image1410.gif
image1409.gif
image10.gif
image2662.gif
image2661.gif
image2660.gif
image2659.gif
image2658.gif
image1656.gif
image1657.gif
image1660.gif
image1659.gif
image1661.gif
image1663.gif
image1665.gif
image1662.gif
image1664.gif
image1609.gif
image1608.gif
image1607.gif
image1606.gif
image1605.gif
image1604.gif
image1603.gif
image1602.gif
image1601.gif
image1600.gif
image170.gif
image171.gif
image172.gif
image173.gif
image174.gif
image175.gif
image176.gif
image177.gif
image178.gif
image179.gif
image277.gif
image275.gif
image273.gif
image272.gif
image271.gif
image375.gif
image374.gif
image373.gif
image372.gif
image371.gif
image370.gif
image376.gif
image377.gif
image92.gif
image90.gif
image378.gif
image379.gif
image82.gif
image2630.gif
image2629.gif
image2628.gif
image3408.gif
image1654.gif
image1653.gif
image1651.gif
image1650.gif
image1652.gif
image3690.gif
image2683.gif
image2681.gif
image2680.gif
image2679.gif
image2678.gif
image2677.gif
image2675.gif
image2676.gif
image62.gif
image60.gif
image50.gif
image72.gif
image20.gif
image3613.gif
image3606.gif
image3487.gif
image3680.gif
image3679.gif
image3678.gif
image3677.gif
image3673.gif
image3676.gif
image3403.gif
image3402.gif
image2650.gif
image2649.gif
image2648.gif
image2647.gif
image2646.gif
image2645.gif
image2644.gif
image2643.gif
image2653.gif
image1464.gif
image1463.gif
image1462.gif
image1461.gif
image1460.gif
image1459.gif
image1458.gif
image1447.gif
image1445.gif
image2667.gif
image2668.gif
image2666.gif
image2651.gif
image1696.gif
image1695.gif
image1697.gif
image1698.gif
image1693.gif
image3621.gif
image3620.gif
image3425.gif
image3426.gif
image878.gif
image3429.gif
image1453.gif
image1452.gif
image3411.gif
image2463.gif
Dashboard_FD_021.jpg
image3499.gif
image3498.gif
image3497.gif
image3495.gif
image3400.gif
image3404.gif
image1683.gif
image1679.gif
image1678.gif
image1677.gif
image1676.gif
image1674.gif
image1671.gif
image1673.gif
image1672.gif
image2474.gif
image2475.gif
image2469.gif
image1647.gif
image3672.gif
image3670.gif
image3682.gif
image3696.gif
image3675.gif
image3689.gif
image3688.gif
image3414.gif
image3413.gif
image3412.gif
image2499.gif
image2497.gif
image2498.gif
image2495.gif
image978.gif
image970.gif
image976.gif
image975.gif
image974.gif
image973.gif
image971.gif
image972.gif
image2473.gif
image2476.gif
image2468.gif
image2409.gif
image2410.gif
image2406.gif
image2404.gif
image2405.gif
image3417.gif
image2635.gif
image2633.gif
image2697.gif
image2695.gif
image2694.gif
Dashboard_FD_018.jpg
Dashboard_FD_020.jpg
Dashboard_FD_019.jpg
Dashboard_FD_017.jpg
Dashboard_FD_016.jpg
Dashboard_FD_015.jpg
Dashboard_FD_014.jpg
image3683.gif
image3699.gif
image3698.gif
image1685.gif
image1684.gif
image1637.gif
image1636.gif
image1643.gif
image1641.gif
image1642.gif
image2457.gif
image2460.gif
image1632.gif
image1633.gif
image1635.gif
image1634.gif
image3695.gif
image274.gif
image3416.gif
image70.gif
image1691.gif
image1692.gif
image3602.gif
image3601.gif
image3608.gif
image3615.gif
image3459.gif
image3616.gif
image12.gif
image3407.gif
image3614.gif
image3600.gif
image3494.gif
image3493.gif
image3492.gif
image3491.gif
image3490.gif
image3692.gif
image3691.gif
image3684.gif
image3685.gif
image2642.gif
image2626.gif
image2625.gif
image2640.gif
image2639.gif
image2637.gif
image1499.gif
image1497.gif
image3603.gif
image979.gif
image279.gif
image278.gif
image2601.gif
image2602.gif
image2600.gif
image3651.gif
image3649.gif
image3650.gif
image3652.gif
image3653.gif
image1615.gif
image1612.gif
image1611.gif
image1610.gif
image1614.gif
image1613.gif
image3482.gif
image3481.gif
image3480.gif
image3479.gif
image3612.gif
image3484.gif
image3428.gif
image3607.gif
image1427.gif
image3619.gif
image2427.gif
image2425.gif
image2426.gif
image2424.gif
image2423.gif
image2422.gif
image2421.gif
image2420.gif
image2419.gif
image2418.gif
image2417.gif
image2416.gif
image2415.gif
image2414.gif
image3669.gif
image3665.gif
image3668.gif
image3667.gif
image3666.gif
image3460.gif
image3617.gif
image3434.gif
image3631.gif
image3629.gif
image3628.gif
Group_Filter.jpg
Excel_Output1.jpg
image520.gif
Map_01.gif
Analysis_FD_189.jpg
image327.gif
image326.gif
image328.gif
image424.gif
image421.gif
image420.gif
image429.gif
image427.gif
image426.gif
image425.gif
image322.gif
image321.gif
image320.gif
image325.gif
image324.gif
image329.gif
image129.gif
image128.gif
image127.gif
image126.gif
image125.gif
image124.gif
image123.gif
image122.gif
image121.gif
image120.gif
image228.gif
image227.gif
image226.gif
image225.gif
image223.gif
image222.gif
image221.gif
image99.gif
image220.gif
image96.gif
image94.gif
image89.gif
image86.gif
image84.gif
MO14.png
image79.gif
image64.gif
image56.gif
image74.gif
image49.gif
image46.gif
image26.gif
image19.gif
Remove.png
image628.gif
Analysis_FD_185.jpg
Analysis_FD_184.jpg
Analysis_FD_183.jpg
Analysis_FD_181.jpg
Analysis_FD_180.jpg
Analysis_FD_169.jpg
Analysis_FD_168.jpg
Analysis_FD_167.jpg
Analysis_FD_166.jpg
Analysis_FD_086.jpg
Top_01.jpg
Analysis_FD_085.jpg
Analysis_FD_084.jpg
Analysis_FD_083.jpg
Analysis_FD_082.jpg
Analysis_FD_081.jpg
Analysis_FD_080.jpg
Analysis_FD_066.jpg
Analysis_FD_067.jpg
Analysis_FD_064.jpg
Analysis_FD_065.jpg
Analysis_FD_063.jpg
Analysis_FD_062.jpg
Analysis_FD_061.jpg
Analysis_FD_060.jpg
Max_labels_01.gif
Domain.png
image14.gif
Analysis_FD_162.jpg
Analysis_FD_161.jpg
Analysis_FD_160.jpg
MO10.png
image827.gif
Analysis_FD_165.jpg
Analysis_FD_164.jpg
Analysis_FD_163.jpg
Analysis_FD_188.jpg
Analysis_FD_187.jpg
Analysis_FD_186.jpg
Analysis_FD_089.jpg
Analysis_FD_088.jpg
image623.gif
Pie_button.jpg
Analysis_FD_182.jpg
Propertiesmore.png
image528.gif
image423.gif
image422.gif
image929.gif
image928.gif
image926.gif
image925.gif
image924.gif
image923.gif
image922.gif
image921.gif
image920.gif
excel_outputnew.jpg
image19.png
No_header_repeat.jpg
WordToutput.jpg
StateF.jpg
Header_query.jpg
image9.png
image8.png
Word_output.jpg
Min_sal_Temp.jpg
image6.png
image4.png
image3.png
image2.png
image2999.gif
image2998.gif
image2997.gif
image2996.gif
image2995.gif
image2994.gif
image2993.gif
image2991.gif
image2990.gif
image2989.gif
image2988.gif
clip_image014.png
image2966.gif
image1907.gif
image1906.gif
image1904.gif
image1903.gif
image1902.gif
image1925.gif
image2932.gif
image2945.gif
image1989.gif
image2944.gif
image2943.gif
image1982.gif
image1997.gif
image2901.gif
image1901.gif
image1900.gif
clip_image001.gif
image5.gif
image2.gif
image3.gif
image8.gif
image7.gif
image6.gif
image2951.gif
image2950.gif
image2949.gif
image2948.gif
image2947.gif
image2946.gif
image1967.gif
image2911.gif
image2931.gif
image2930.gif
image2929.gif
image2926.gif
image2925.gif
clip_image019.png
hierarchy_gif.gif
image1992.gif
image1993.gif
image1994.gif
image1916.gif
image1915.gif
image1914.gif
image1910.gif
image1912.gif
image1911.gif
image1913.gif
image1909.gif
image1981.gif
image1980.gif
Data_filter_03.gif
image1941.gif
image2961.gif
image2960.gif
image2958.gif
image2978.gif
image2987.gif
image2986.gif
User_filter_button.jpg
image2969.gif
image2982.gif
image2981.gif
image2953.gif
image2902.gif
image2936.gif
image2935.gif
image2933.gif
image2971.gif
Add.png
image2977.gif
image2974.gif
image2985.gif
image2984.gif
image2954.gif
image1.gif
Schedule_Job.jpg
remove_Job.jpg
KPI_Card_01.gif
image158.gif
image156.gif
image153.gif
image152.gif
image151.gif
image150.gif
image259.gif
image258.gif
image257.gif
image256.gif
image255.gif
image254.gif
image253.gif
image252.gif
image251.gif
image350.gif
image250.gif
image351.gif
image352.gif
image353.gif
image354.gif
image355.gif
image91.gif
image81.gif
image61.gif
image51.gif
image21.gif
Drill_down_all_items_button.jpg
image959.gif
image956.gif
image955.gif
image953.gif
image950.gif
image11.gif
Data_filter_02.gif
Search_button.jpg
View_mode_button.jpg
image159.gif
image157.gif
image71.gif
Series_01.gif
Font_Style-meta.jpg
image41.png
group_search.jpg
process_id_pic.jpg
image21.png
image3123.gif
image3119.gif
image3118.gif
image3122.gif
image3156.gif
image3157.gif
image3155.gif
image2199.gif
image2198.gif
image2197.gif
image2196.gif
image2195.gif
image2194.gif
image2192.gif
image2191.gif
image2126.gif
image2125.gif
image2124.gif
image2123.gif
image2150.gif
image2147.gif
image2149.gif
image2148.gif
image1164.gif
image2103.gif
image2102.gif
image3196.gif
image3191.gif
image3190.gif
image3189.gif
image1130.gif
image1131.gif
image395.gif
image894.gif
image3163.gif
image3162.gif
image3161.gif
image2165.gif
image2164.gif
image2163.gif
image2162.gif
image996.gif
image3150.gif
image1171.gif
image999.gif
image3153.gif
KPI_Card_03.gif
Gear_Icon.jpg
image1107.gif
image1106.gif
image3197.gif
image1197.gif
image1167.gif
image3169.gif
image3188.gif
image3187.gif
image437.gif
image3194.gif
image3144.gif
image3143.gif
image3140.gif
image3142.gif
image3139.gif
image3138.gif
image3135.gif
image3171.gif
image3173.gif
image3180.gif
image2153.gif
image2152.gif
image2146.gif
image935.gif
image994.gif
image3152.gif
image1174.gif
image399.gif
image398.gif
image299.gif
image298.gif
image297.gif
image296.gif
image295.gif
image294.gif
image293.gif
image190.gif
image191.gif
image291.gif
image192.gif
image290.gif
image193.gif
image194.gif
image195.gif
image196.gif
image197.gif
image198.gif
image199.gif
image331.gif
image330.gif
image334.gif
image390.gif
image332.gif
image333.gif
image335.gif
image336.gif
image337.gif
image338.gif
image339.gif
image139.gif
image138.gif
image137.gif
image136.gif
image135.gif
image134.gif
image133.gif
image132.gif
image131.gif
image130.gif
image239.gif
image238.gif
image237.gif
image236.gif
image235.gif
image234.gif
image233.gif
image230.gif
image3181.gif
image2127.gif
image937.gif
image936.gif
image3134.gif
image431.gif
image3132.gif
image3131.gif
image1153.gif
image1154.gif
image1151.gif
image1152.gif
image1142.gif
image1156.gif
image1155.gif
image3176.gif
image3177.gif
image393.gif
image439.gif
image396.gif
image438.gif
image397.gif
image3158.gif
image1129.gif
image1128.gif
image1127.gif
image1126.gif
image1122.gif
image1124.gif
image1123.gif
image3182.gif
image3179.gif
image1198.gif
image1166.gif
image1165.gif
image1141.gif
image1140.gif
image3102.gif
image394.gif
image2169.gif
image2168.gif
image2167.gif
image2166.gif
image3111.gif
image3109.gif
image3127.gif
image3126.gif
image3125.gif
image3124.gif
image3130.gif
image3128.gif
image1178.gif
image1181.gif
image1179.gif
image1170.gif
image1176.gif
image1143.gif
image1144.gif
image1145.gif
image1105.gif
image1102.gif
image1136.gif
image1135.gif
image1133.gif
image1132.gif
image430.gif
Y2_Axis_01.gif
Label_Axis_3.gif
image1121.gif
image1120.gif
image1118.gif
image1119.gif
image1117.gif
image1115.gif
image1116.gif
image1114.gif
image1113.gif
image1112.gif
image1111.gif
image1109.gif
image3174.gif
image3175.gif
image3193.gif
image3192.gif
image3183.gif
image3184.gif
Data_filter_01.gif
Plus_New_2.jpg
image3165.gif
image3166.gif
image3167.gif
image1139.gif
image1138.gif
image2108.gif
image2155.gif
image2154.gif
image2157.gif
image2156.gif
image3199.gif
image1158.gif
image1157.gif
image2190.gif
image2189.gif
image2187.gif
image2185.gif
image2184.gif
image2183.gif
image2182.gif
image2181.gif
image2179.gif
image2176.gif
Visualization_button.jpg
image3137.gif
image1101.gif
image1100.gif
image1137.gif
image3195.gif
image938.gif
image1149.gif
image1175.gif
image839.gif
image838.gif
image837.gif
image836.gif
image3154.gif
Line_Weight.jpg
Spline_button.jpg
image436.gif
image435.gif
image434.gif
image3160.gif
image3159.gif
image2160.gif
image2161.gif
image2159.gif
image2158.gif
image1161.gif
image1162.gif
image1163.gif
image1160.gif
image1195.gif
image3114.gif
image3113.gif
image3112.gif
image931.gif
image3178.gif
image3186.gif
image990.gif
image3151.gif
image3185.gif
image433.gif
image3100.gif
image1148.gif
image1159.gif
image3149.gif
image3148.gif
image3147.gif
image3146.gif
image1190.gif
image3198.gif
image2121.gif
image2120.gif
image2118.gif
image2116.gif
image3115.gif
image896.gif
image2114.gif
image2113.gif
image2112.gif
image2109.gif
image2111.gif
image2110.gif
HTML_Output.jpg
Analysis_FD_144.jpg
Analysis_FD_143.jpg
image93.gif
image83.gif
image53.gif
image73.gif
image23.gif
Moveall.png
Analysis_FD_145.jpg
Range_filter.jpg
Analysis_FD_149.jpg
Analysis_FD_148.jpg
Analysis_FD_147.jpg
Analysis_FD_146.jpg
Analysis_FD_049.jpg
Analysis_FD_048.jpg
Analysis_FD_047.jpg
Analysis_FD_046.jpg
Analysis_FD_045.jpg
Analysis_FD_043.jpg
Analysis_FD_044.jpg
image63.gif
image13.gif
BusinessUnits.png
Analysis_FD_141.jpg
Analysis_FD_140.jpg
Analysis_FD_042.jpg
Analysis_FD_041.jpg
Analysis_FD_040.jpg
Analysis_FD_142.jpg
image43.png
Resume_Job.jpg
No_repeat_header1.jpg
No_PB_1.jpg
image13.png
dates1.jpg
FTL_output.jpg
1.png
image1306.gif
image3353.gif
image405.gif
image404.gif
image403.gif
image2399.gif
image3392.gif
image608.gif
image3324.gif
image606.gif
image3323.gif
image3322.gif
image3321.gif
image3326.gif
image802.gif
image3397.gif
image3301.gif
image3396.gif
image408.gif
image407.gif
image2339.gif
image2338.gif
image2337.gif
image2336.gif
image2335.gif
image3314.gif
image3313.gif
image3312.gif
image2362.gif
image2361.gif
image2359.gif
image3311.gif
image3310.gif
image3308.gif
image3307.gif
image2353.gif
image2352.gif
image2350.gif
image2349.gif
image2348.gif
image2347.gif
image401.gif
image400.gif
image308.gif
image307.gif
image306.gif
image305.gif
image304.gif
image303.gif
image302.gif
image301.gif
image300.gif
image200.gif
image109.gif
image108.gif
image107.gif
image106.gif
image105.gif
image104.gif
image103.gif
image102.gif
image101.gif
image100.gif
image209.gif
image208.gif
image207.gif
image206.gif
image205.gif
image204.gif
image203.gif
image201.gif
image2375.gif
image2346.gif
image2345.gif
image202.gif
image406.gif
image3332.gif
image3331.gif
image3330.gif
image2340.gif
image2341.gif
image3395.gif
image2319.gif
image2318.gif
image2317.gif
image2316.gif
image2315.gif
image2314.gif
image2313.gif
image2312.gif
image2311.gif
image2310.gif
image2309.gif
image2308.gif
image2320.gif
image2307.gif
image2306.gif
image2305.gif
image2304.gif
image2303.gif
image2386.gif
image2385.gif
image2384.gif
image2383.gif
image2381.gif
image2382.gif
image2380.gif
image3398.gif
image2398.gif
image2397.gif
image2396.gif
image2395.gif
image3350.gif
image2391.gif
image2392.gif
image2394.gif
image2393.gif
image3389.gif
image3391.gif
image3367.gif
image3366.gif
image3365.gif
image3364.gif
image3363.gif
image3362.gif
Data_filter_button.jpg
image3393.gif
MO6.png
image1380.gif
image2328.gif
image2327.gif
image2326.gif
image3306.gif
image3399.gif
image2374.gif
image2373.gif
image2372.gif
image2371.gif
image2370.gif
image2369.gif
image2368.gif
image2367.gif
image2366.gif
image3318.gif
image3390.gif
image3329.gif
image3328.gif
image3327.gif
image3300.gif
image2322.gif
image3325.gif
image309.gif
image3304.gif
image3333.gif
image3341.gif
image3339.gif
image2300.gif
image2301.gif
image2302.gif
image2334.gif
image2333.gif
image2332.gif
image1301.gif
image1300.gif
image1378.gif
image1377.gif
image1376.gif
image1374.gif
image1375.gif
image1373.gif
image1372.gif
image1371.gif
image1370.gif
image1369.gif
image1368.gif
image1367.gif
image1366.gif
image1365.gif
image1364.gif
image1363.gif
image1362.gif
image1361.gif
image1360.gif
image1359.gif
image1358.gif
image1357.gif
image3348.gif
image3346.gif
image3345.gif
Assigned_Roles.jpg
Edit_Job.jpg
Default_Values.jpg
Quote_character.jpg
with_PB.jpg
Txt_output.jpg
image519.gif
image518.gif
image517.gif
image516.gif
Analysis_FD_206.jpg
Analysis_FD_205.jpg
Analysis_FD_204.jpg
Analysis_FD_203.jpg
Analysis_FD_008.jpg
Analysis_FD_006.jpg
Analysis_FD_005.jpg
Analysis_FD_004.jpg
Analysis_FD_003.jpg
Analysis_FD_002.jpg
Analysis_FD_001.jpg
Analysis_FD_200.jpg
Analysis_FD_009.jpg
image419.gif
image215.gif
image418.gif
image416.gif
image415.gif
image414.gif
image413.gif
image412.gif
image411.gif
image318.gif
image317.gif
image316.gif
image315.gif
image314.gif
image313.gif
image312.gif
image311.gif
image119.gif
image118.gif
image117.gif
image116.gif
image115.gif
image114.gif
image113.gif
image111.gif
image110.gif
image219.gif
image218.gif
image217.gif
image216.gif
image214.gif
image213.gif
image212.gif
image211.gif
image210.gif
image319.gif
Analysis_FD_105.jpg
Analysis_FD_104.jpg
Analysis_FD_103.jpg
Analysis_FD_102.jpg
Analysis_FD_202.jpg
Analysis_FD_201.jpg
Analysis_FD_209.jpg
Right_01.jpg
Analysis_FD_208.jpg
Analysis_FD_021.jpg
Analysis_FD_020.jpg
Analysis_FD_109.jpg
Analysis_FD_108.jpg
Analysis_FD_107.jpg
Analysis_FD_106.jpg
Run_results.png
Dynamic_dimensions_button.jpg
Quick_filters.jpg
Analysis_FD_101.jpg
Analysis_FD_100.jpg
Analysis_FD_129.jpg
Analysis_FD_128.jpg
Analysis_FD_127.jpg
Analysis_FD_126.jpg
Analysis_FD_125.jpg
Analysis_FD_124.jpg
Analysis_FD_123.jpg
Analysis_FD_122.jpg
Analysis_FD_121.jpg
Analysis_FD_120.jpg
Analysis_FD_029.jpg
Analysis_FD_028.jpg
Analysis_FD_027.jpg
Analysis_FD_026.jpg
Analysis_FD_025.jpg
Analysis_FD_024.jpg
Analysis_FD_023.jpg
Analysis_FD_022.jpg
Analysis_FD_207.jpg
image310.gif
image919.gif
image918.gif
image917.gif
image916.gif
image915.gif
image913.gif
image912.gif
image911.gif
Date.jpg
Template_3.jpg
TestQuery.png
Arrow_01.png
Edit_button.jpg
Top_level_button.jpg
Doughnut_button.jpg
Null_sorting_007.jpg
Null_sorting_005.jpg
Null_sorting_006.jpg
Null_sorting_004.jpg
Null_sorting_003.jpg
Null_sorting_002.jpg
Null_sorting_001.jpg
sal.jpg
COL.jpg
TempW.jpg
Valve.jpg
WordT.jpg
temp7.jpg
temp6.jpg
Temp5.jpg
temp4.jpg
Temp2.jpg
Temp1.jpg
image1886.gif
image1884.gif
image1881.gif
image1880.gif
image1879.gif
Dynamic_measure_button.jpg
image2839.gif
image2838.gif
image2898.gif
image2889.gif
image2829.gif
image2828.gif
image2827.gif
image2826.gif
image1820.gif
image1821.gif
image2899.gif
image1887.gif
Datsets.png
image1840.gif
image1839.gif
image1838.gif
image1899.gif
image1897.gif
image1896.gif
image2802.gif
image2803.gif
image1807.gif
image1804.gif
image2867.gif
image2866.gif
image2864.gif
image1875.gif
image1874.gif
image1873.gif
image1890.gif
image1858.gif
image1855.gif
image1883.gif
image1882.gif
image2831.gif
image2830.gif
image1846.gif
image1845.gif
image1844.gif
image1843.gif
image1842.gif
image1841.gif
date_format_gif.gif
image97.gif
image95.gif
image87.gif
image85.gif
image1847.gif
image1825.gif
image77.gif
image75.gif
image57.gif
image47.gif
image25.gif
image1893.gif
image1895.gif
image1894.gif
image1853.gif
image1851.gif
image1848.gif
image1850.gif
image2843.gif
image2842.gif
image1892.gif
image1891.gif
image1861.gif
image1863.gif
image1862.gif
image1860.gif
image1859.gif
image1856.gif
Drilldown_button_Disable.jpg
image2875.gif
image2874.gif
image2873.gif
image2872.gif
image2871.gif
image2860.gif
image2859.gif
image2858.gif
Bottom_01.jpg
Label_rows_03.jpg
Label_rows_02.jpg
Label_rows_01.jpg
image2883.gif
image2878.gif
image2879.gif
image2885.gif
image2884.gif
image2880.gif
image1809.gif
image1810.gif
image1805.gif
Remove_button.jpg
image1871.gif
image1870.gif
image1869.gif
image1868.gif
image1867.gif
image1866.gif
image1865.gif
image2849.gif
image2870.gif
image1828.gif
image1826.gif
image15.gif
Scatter_button.jpg
image2818.gif
image2820.gif
image2819.gif
image2811.gif
image2810.gif
image1878.gif
image1876.gif
image1877.gif
image001.png
image1803.gif
image1819.gif
image1818.gif
image1817.gif
image1816.gif
image1815.gif
image1813.gif
image1812.gif
image1822.gif
image1823.gif
image1836.gif
image1835.gif
image1834.gif
image1833.gif
image1831.gif
image1830.gif
image1829.gif
image2847.gif
image2846.gif
image2845.gif
image1889.gif
image1854.gif
image1811.gif
Base_field-meta.jpg
User_search.jpg
image17.png
image15.png
Output_Type.jpg
Underscore.jpg
image3551.gif
image3552.gif
image1536.gif
image1534.gif
image1533.gif
image1532.gif
image1757.gif
image1759.gif
image2534.gif
image2531.gif
image2532.gif
image2560.gif
image2559.gif
image2558.gif
image2556.gif
image2755.gif
image2751.gif
image2754.gif
image2749.gif
image2750.gif
image2753.gif
image2752.gif
image2742.gif
image2743.gif
image2744.gif
image2745.gif
image2746.gif
image2747.gif
image2570.gif
image3568.gif
image3561.gif
image3562.gif
image3563.gif
image3564.gif
image3557.gif
image3532.gif
image3531.gif
image3572.gif
image3573.gif
image3530.gif
image3529.gif
image1589.gif
image1587.gif
image1588.gif
image1586.gif
image1585.gif
image1584.gif
image1583.gif
image1582.gif
image1581.gif
image1580.gif
image1579.gif
image1578.gif
image1577.gif
image1576.gif
image1575.gif
image1574.gif
image1573.gif
image1596.gif
image1595.gif
image1594.gif
image1593.gif
image1592.gif
image1591.gif
image1748.gif
image1747.gif
image1749.gif
image1751.gif
image1750.gif
image2552.gif
image2551.gif
image2548.gif
image2549.gif
image2728.gif
image2726.gif
image1524.gif
image1523.gif
image1522.gif
image1767.gif
image1766.gif
image1765.gif
image1755.gif
image1754.gif
image1753.gif
image1752.gif
Dynamic_dimension_button01.jpg
image3586.gif
image3585.gif
image3584.gif
image3582.gif
image3580.gif
image3587.gif
image3577.gif
image3576.gif
image3589.gif
image3543.gif
image3541.gif
image2713.gif
image2711.gif
image2709.gif
image2708.gif
image2714.gif
image1727.gif
image1718.gif
image3540.gif
image1559.gif
image1558.gif
image3539.gif
image1708.gif
image1707.gif
image1706.gif
image1705.gif
image1704.gif
image1703.gif
image1702.gif
image1701.gif
image1729.gif
image1730.gif
image1788.gif
image1786.gif
image1784.gif
image3595.gif
image3593.gif
BusinessU.png
image3554.gif
image2575.gif
image2574.gif
image2573.gif
image1514.gif
image1531.gif
image1530.gif
image1529.gif
image1528.gif
image1527.gif
image1526.gif
image1525.gif
image1713.gif
image1520.gif
image1711.gif
image2765.gif
image2764.gif
image2763.gif
image2761.gif
image3549.gif
image3547.gif
image2508.gif
image2507.gif
image2504.gif
image1743.gif
image1740.gif
image1739.gif
image98.gif
image88.gif
image3509.gif
image1516.gif
image78.gif
image3550.gif
image3546.gif
image1700.gif
image2786.gif
image2785.gif
image2784.gif
image2783.gif
image2782.gif
image2781.gif
image2780.gif
image2779.gif
image2778.gif
image2777.gif
image3591.gif
image3590.gif
image3506.gif
image2569.gif
image2568.gif
image3534.gif
image3533.gif
image3569.gif
image1715.gif
image3505.gif
image3503.gif
image3502.gif
image3501.gif
image2588.gif
image2587.gif
image1756.gif
image2529.gif
Date_format_01.gif
image3508.gif
image3507.gif
image2502.gif
image2500.gif
image2536.gif
image2535.gif
image2546.gif
image2547.gif
image3527.gif
image3526.gif
image3525.gif
image3524.gif
image2567.gif
image2566.gif
image2565.gif
image2563.gif
image2562.gif
Arrow_01.jpg
image2543.gif
image2544.gif
image2545.gif
image2542.gif
image2541.gif
image2581.gif
image2580.gif
image2578.gif
image2579.gif
image2577.gif
image1571.gif
image3517.gif
image1569.gif
image3516.gif
image3515.gif
image3514.gif
image1565.gif
image3513.gif
image1563.gif
image1719.gif
image1736.gif
image1735.gif
image1738.gif
image1732.gif
image2538.gif
image2539.gif
image2540.gif
image2537.gif
image3706.gif
image3705.gif
image3704.gif
image3703.gif
image3701.gif
image3700.gif
image3702.gif
image3599.gif
image3598.gif
image3597.gif
image3596.gif
image3592.gif
image1501.gif
image1542.gif
image1541.gif
image1540.gif
image1539.gif
image1538.gif
image1537.gif
image1549.gif
image1548.gif
image1546.gif
image1742.gif
image1741.gif
image2706.gif
image2705.gif
image1553.gif
image1552.gif
image1551.gif
image1550.gif
image2599.gif
image2598.gif
image1796.gif
image1798.gif
image1795.gif
image1794.gif
image1793.gif
image1791.gif
image1790.gif
image1746.gif
image1745.gif
image1547.gif
image1744.gif
image2719.gif
image2717.gif
image2716.gif
image2718.gif
image2715.gif
image2798.gif
image2796.gif
image2795.gif
image2793.gif
image2792.gif
image2787.gif
image2790.gif
image2788.gif
image2526.gif
image2525.gif
image2524.gif
image2523.gif
image2775.gif
image2776.gif
image2767.gif
image2772.gif
image2771.gif
image2769.gif
image2762.gif
image2768.gif
image2757.gif
image2597.gif
image2596.gif
image2594.gif
image2593.gif
image2592.gif
image2591.gif
image2589.gif
image2590.gif
image2724.gif
image2722.gif
image2721.gif
image2720.gif
image3556.gif
image1783.gif
image1782.gif
image1781.gif
image2521.gif
image2520.gif
image2519.gif
image2518.gif
image2517.gif
image2516.gif
image2514.gif
image2512.gif
image2511.gif
image2509.gif
image3588.gif
image2527.gif
Insight_Schedule.jpg
formula.jpg
refresh.jpg
Run.jpg
image365.gif
image869.gif
image868.gif
image867.gif
image866.gif
Analysis_FD_199.jpg
Analysis_FD_198.jpg
Analysis_FD_197.jpg
Analysis_FD_196.jpg
image167.gif
image168.gif
image169.gif
image268.gif
image267.gif
image266.gif
image265.gif
image264.gif
image263.gif
image262.gif
image261.gif
image260.gif
image361.gif
image364.gif
image366.gif
image367.gif
image368.gif
Analysis_FD_178.jpg
Analysis_FD_177.jpg
Analysis_FD_176.jpg
Analysis_FD_179.jpg
Analysis_FD_175.jpg
Analysis_FD_174.jpg
Analysis_FD_173.jpg
Analysis_FD_172.jpg
Analysis_FD_171.jpg
Analysis_FD_170.jpg
Analysis_FD_195.jpg
Drill_Up_01.gif
Analysis_FD_194.jpg
Analysis_FD_193.jpg
Analysis_FD_192.jpg
Analysis_FD_191.jpg
Analysis_FD_190.jpg
Analysis_FD_078.jpg
Analysis_FD_077.jpg
Analysis_FD_076.jpg
Analysis_FD_079.jpg
Analysis_FD_074.jpg
Analysis_FD_075.jpg
Analysis_FD_073.jpg
Analysis_FD_072.jpg
Analysis_FD_070.jpg
Analysis_FD_071.jpg
image962.gif
image963.gif
image964.gif
image967.gif
image966.gif
image961.gif
image968.gif
image969.gif
image965.gif
Plus.png
Options_button_2.jpg
image164.gif
image161.gif
image765.gif
Analysis_FD_093.jpg
Analysis_FD_092.jpg
Analysis_FD_091.jpg
Analysis_FD_090.jpg
Step_button.jpg
Area_button.jpg
Analysis_FD_099.jpg
Analysis_FD_097.jpg
Analysis_FD_094.jpg
Analysis_FD_095.jpg
Analysis_FD_096.jpg
UI_output.jpg
Plugin_Job.jpg
delimiter_output.jpg
At.jpg
Region_Filter.jpg
downarrow.png
Analysis_FD_133.jpg
Analysis_FD_139.jpg
Analysis_FD_138.jpg
Dynamic_dimensions_01.gif
Analysis_FD_154.jpg
Analysis_FD_153.jpg
Analysis_FD_152.jpg
Analysis_FD_151.jpg
Analysis_FD_150.jpg
Plus_New.jpg
Analysis_FD_131.jpg
Analysis_FD_130.jpg
Analysis_FD_132.jpg
Drilldown_button.jpg
Left_01.jpg
Analysis_FD_059.jpg
Analysis_FD_058.jpg
Analysis_FD_057.jpg
Analysis_FD_056.jpg
Analysis_FD_055.jpg
Analysis_FD_054.jpg
Analysis_FD_053.jpg
Analysis_FD_052.jpg
Analysis_FD_051.jpg
Analysis_FD_050.jpg
Analysis_FD_159.jpg
Analysis_FD_158.jpg
Analysis_FD_157.jpg
Analysis_FD_156.jpg
Analysis_FD_155.jpg
Analysis_FD_036.jpg
Options_button.jpg
Run_button.jpg
Analysis_FD_035.jpg
Analysis_FD_034.jpg
Analysis_FD_033.jpg
Analysis_FD_032.jpg
Analysis_FD_031.jpg
Analysis_FD_030.jpg
BU.png
Analysis_FD_039.jpg
Analysis_FD_038.jpg
Analysis_FD_037.jpg
Base_meta.jpg
Excel_Output.jpg
Analysis_FD_112.jpg
Analysis_FD_111.jpg
Analysis_FD_217.jpg
Analysis_FD_216.jpg
Analysis_FD_016.jpg
Analysis_FD_015.jpg
Analysis_FD_013.jpg
Close_button_005.jpg
Analysis_FD_012.jpg
Analysis_FD_011.jpg
Analysis_FD_010.jpg
Analysis_FD_119.jpg
Analysis_FD_118.jpg
Analysis_FD_117.jpg
Analysis_FD_116.jpg
Analysis_FD_219.jpg
Analysis_FD_218.jpg
Analysis_FD_210.jpg
Analysis_FD_019.jpg
Analysis_FD_018.jpg
Analysis_FD_017.jpg
Analysis_FD_014.jpg
Analysis_FD_214.jpg
Analysis_FD_213.jpg
Analysis_FD_212.jpg
Analysis_FD_211.jpg
Analysis_FD_115.jpg
Edit_Mode.jpg
Save_button.jpg
Analysis_FD_215.jpg
bubble_button.jpg
Analysis_FD_114.jpg
Analysis_FD_113.jpg
Reports_001.jpg
Aggr.jpg
Repeat_Header.jpg
clip_image038.jpg
clip_image027.jpg
clip_image012.jpg
AddDS.png
image149.gif
image148.gif
image147.gif
image146.gif
image145.gif
image144.gif
image143.gif
image142.gif
image141.gif
image140.gif
image340.gif
image341.gif
image342.gif
image343.gif
image344.gif
image345.gif
image346.gif
image347.gif
image348.gif
image349.gif
image249.gif
image248.gif
image247.gif
image246.gif
image245.gif
image244.gif
image243.gif
image242.gif
image241.gif
image240.gif
image440.gif
clip_image013.jpg
Drill_up_button.jpg
image949.gif
image946.gif
image941.gif
image945.gif
image943.gif
image846.gif
image844.gif
image843.gif
image845.gif
image842.gif
image841.gif
image840.gif
Line_chart_button.jpg
Point_Size.jpg
Delimiter.jpg
total.jpg
image885.gif
image880.gif
image384.gif
Dynamic_Dimension_widget_01.gif
ShowPwd.png
image180.gif
image181.gif
image182.gif
image183.gif
image184.gif
image185.gif
image186.gif
image187.gif
image188.gif
image189.gif
image289.gif
image288.gif
image287.gif
image286.gif
image285.gif
image284.gif
image283.gif
image282.gif
image281.gif
image280.gif
image389.gif
image388.gif
image380.gif
image381.gif
image382.gif
image387.gif
image383.gif
image386.gif
image385.gif
image887.gif
Move.png
Drill_Up_02.gif
Drill_down_01.gif
Close_button.jpg
Line_Dashes.jpg
image987.gif
image989.gif
RoboHHRE.lng
ehlpdhtm.js
SearchOptions.xml
Viewing_Publisher_Reports.htm
whxdata\package_0_xml.js
whxdata\package_1_xml.js
whxdata\package_2_xml.js
whxdata\package_3_xml.js
whxdata\package_4_xml.js
whxdata\package_5_xml.js
whxdata\package_6_xml.js
whxdata\package_7_xml.js
whxdata\package_8_xml.js
whxdata\package_9_xml.js
whxdata\package_10_xml.js
whxdata\package_11_xml.js
whxdata\package_12_xml.js
whxdata\package_13_xml.js
whxdata\package_14_xml.js
whxdata\package_15_xml.js
whxdata\package_16_xml.js
whxdata\package_17_xml.js
whxdata\package_18_xml.js
whxdata\package_19_xml.js
whxdata\package_20_xml.js
whxdata\package_21_xml.js
whxdata\package_22_xml.js
whxdata\package_23_xml.js
whxdata\package_24_xml.js
whxdata\package_25_xml.js
whxdata\package_26_xml.js
whxdata\package_27_xml.js
whxdata\package_28_xml.js
whxdata\package_29_xml.js
whxdata\package_30_xml.js
whxdata\package_31_xml.js
whxdata\package_32_xml.js
whxdata\package_33_xml.js
whxdata\package_34_xml.js
whxdata\package_35_xml.js
whxdata\package_36_xml.js
whxdata\package_37_xml.js
whxdata\package_38_xml.js
whxdata\package_39_xml.js
whxdata\package_40_xml.js
whxdata\package_41_xml.js
whxdata\package_42_xml.js
whxdata\package_43_xml.js
whxdata\package_44_xml.js
whxdata\package_45_xml.js
whxdata\package_46_xml.js
whxdata\package_47_xml.js
whxdata\package_48_xml.js
whxdata\package_49_xml.js
whxdata\package_50_xml.js
whxdata\package_51_xml.js
whxdata\package_52_xml.js
whxdata\package_53_xml.js
whxdata\package_54_xml.js
whxdata\package_55_xml.js
whxdata\package_56_xml.js
whxdata\package_57_xml.js
whxdata\package_58_xml.js
whxdata\package_59_xml.js
whxdata\package_60_xml.js
whxdata\package_61_xml.js
whxdata\package_62_xml.js
whxdata\package_63_xml.js
whxdata\package_64_xml.js
whxdata\package_65_xml.js
whxdata\package_66_xml.js
whxdata\package_67_xml.js
whxdata\package_68_xml.js
whxdata\package_69_xml.js
whxdata\package_70_xml.js
whxdata\package_71_xml.js
whxdata\package_72_xml.js
whxdata\package_73_xml.js
whxdata\package_74_xml.js
whxdata\package_75_xml.js
whxdata\package_76_xml.js
whxdata\package_77_xml.js
whxdata\package_78_xml.js
whxdata\package_79_xml.js
whxdata\package_80_xml.js
whxdata\package_81_xml.js
whxdata\package_82_xml.js
whxdata\package_83_xml.js
whxdata\package_84_xml.js
whxdata\package_85_xml.js
whxdata\package_86_xml.js
whxdata\package_87_xml.js
whxdata\package_88_xml.js
whxdata\package_89_xml.js
whxdata\package_90_xml.js
whxdata\package_91_xml.js
whxdata\package_92_xml.js
whxdata\package_93_xml.js
whxdata\package_94_xml.js
whxdata\package_95_xml.js
whxdata\package_96_xml.js
whxdata\package_97_xml.js
whxdata\package_98_xml.js
whxdata\package_99_xml.js
whxdata\package_100_xml.js
whxdata\package_101_xml.js
whxdata\package_102_xml.js
whxdata\package_103_xml.js
whxdata\package_104_xml.js
whxdata\package_105_xml.js
whxdata\package_106_xml.js
whxdata\package_107_xml.js
whxdata\package_108_xml.js
whxdata\package_109_xml.js
whxdata\package_110_xml.js
whxdata\package_111_xml.js
whxdata\package_112_xml.js
whxdata\package_113_xml.js
whxdata\package_114_xml.js
whxdata\package_115_xml.js
whxdata\package_116_xml.js
whxdata\package_117_xml.js
whxdata\package_118_xml.js
whxdata\package_119_xml.js
whxdata\package_120_xml.js
whxdata\package_121_xml.js
whxdata\package_122_xml.js
whxdata\package_123_xml.js
whxdata\package_124_xml.js
whxdata\package_125_xml.js
whxdata\package_126_xml.js
whxdata\package_127_xml.js
whxdata\package_128_xml.js
whxdata\package_129_xml.js
whxdata\package_130_xml.js
whxdata\package_131_xml.js
whxdata\package_132_xml.js
whxdata\package_133_xml.js
whxdata\package_134_xml.js
whxdata\package_135_xml.js
whxdata\package_136_xml.js
whxdata\package_137_xml.js
whxdata\package_138_xml.js
whxdata\package_139_xml.js
whxdata\package_140_xml.js
whxdata\package_141_xml.js
whxdata\package_142_xml.js
whxdata\package_143_xml.js
whxdata\package_144_xml.js
whxdata\package_145_xml.js
whxdata\package_146_xml.js
whxdata\package_147_xml.js
whxdata\package_148_xml.js
whxdata\package_149_xml.js
whxdata\package_150_xml.js
whxdata\package_151_xml.js
whxdata\package_152_xml.js
whxdata\package_153_xml.js
whxdata\package_154_xml.js
whxdata\package_155_xml.js
whxdata\package_156_xml.js
whxdata\package_157_xml.js
whxdata\package_158_xml.js
whxdata\package_159_xml.js
whxdata\package_160_xml.js
whxdata\package_161_xml.js
whxdata\package_162_xml.js
whxdata\package_163_xml.js
whxdata\package_164_xml.js
whxdata\package_165_xml.js
whxdata\package_166_xml.js
whxdata\package_167_xml.js
whxdata\package_168_xml.js
whxdata\package_169_xml.js
whxdata\package_170_xml.js
whxdata\package_171_xml.js
whxdata\package_172_xml.js
whxdata\package_173_xml.js
whxdata\package_174_xml.js
whxdata\package_175_xml.js
whxdata\package_176_xml.js
whxdata\package_177_xml.js
whxdata\package_178_xml.js
whxdata\package_179_xml.js
whxdata\package_180_xml.js
whxdata\package_181_xml.js
whxdata\package_182_xml.js
whxdata\package_183_xml.js
whxdata\package_184_xml.js
whxdata\package_185_xml.js
whxdata\package_186_xml.js
whxdata\package_187_xml.js
whxdata\package_188_xml.js
whxdata\package_189_xml.js
whxdata\package_190_xml.js
whxdata\package_191_xml.js
whxdata\package_192_xml.js
whxdata\package_193_xml.js
whxdata\package_194_xml.js
whxdata\package_195_xml.js
whxdata\package_196_xml.js
whxdata\package_197_xml.js
whxdata\package_198_xml.js
whxdata\package_199_xml.js
whxdata\package_200_xml.js
whxdata\package_201_xml.js
whxdata\package_202_xml.js
whxdata\package_203_xml.js
whxdata\package_204_xml.js
whxdata\package_205_xml.js
whxdata\package_206_xml.js
whxdata\package_207_xml.js
whxdata\package_208_xml.js
whxdata\package_209_xml.js
whxdata\package_210_xml.js
whxdata\package_211_xml.js
whxdata\package_212_xml.js
whxdata\package_213_xml.js
whxdata\package_214_xml.js
whxdata\package_215_xml.js
whxdata\package_216_xml.js
whxdata\package_217_xml.js
whxdata\package_218_xml.js
whxdata\package_219_xml.js
whxdata\package_220_xml.js
whxdata\package_221_xml.js
whxdata\package_222_xml.js
whxdata\package_223_xml.js
whxdata\package_224_xml.js
whxdata\package_225_xml.js
whxdata\package_226_xml.js
whxdata\package_227_xml.js
whxdata\package_228_xml.js
whxdata\package_229_xml.js
whxdata\package_230_xml.js
whxdata\package_231_xml.js
whxdata\package_232_xml.js
whxdata\package_233_xml.js
whxdata\package_234_xml.js
whxdata\package_235_xml.js
whxdata\package_236_xml.js
whxdata\package_237_xml.js
whxdata\package_238_xml.js
whxdata\package_239_xml.js
whxdata\package_240_xml.js
whxdata\package_241_xml.js
whxdata\package_242_xml.js
whxdata\package_243_xml.js
whxdata\package_244_xml.js
whxdata\package_245_xml.js
whxdata\package_246_xml.js
whxdata\package_247_xml.js
whxdata\package_248_xml.js
whxdata\package_249_xml.js
whxdata\package_250_xml.js
whxdata\package_251_xml.js
whxdata\package_252_xml.js
whxdata\package_253_xml.js
whxdata\package_254_xml.js
whxdata\package_255_xml.js
whxdata\package_256_xml.js
whxdata\package_257_xml.js
whxdata\package_258_xml.js
whxdata\package_259_xml.js
whxdata\package_260_xml.js
whxdata\package_261_xml.js
whxdata\package_262_xml.js
whxdata\package_263_xml.js
whxdata\package_264_xml.js
whxdata\package_265_xml.js
whxdata\package_266_xml.js
whxdata\package_267_xml.js
whxdata\package_268_xml.js
whxdata\package_269_xml.js
whxdata\package_270_xml.js
whxdata\package_271_xml.js
whxdata\package_272_xml.js
whxdata\package_273_xml.js
whxdata\package_274_xml.js
whxdata\package_275_xml.js
whxdata\package_276_xml.js
whxdata\package_277_xml.js
whxdata\package_278_xml.js
whxdata\package_279_xml.js
whxdata\package_280_xml.js
whxdata\package_281_xml.js
whxdata\package_282_xml.js
whxdata\package_283_xml.js
whxdata\package_284_xml.js
whxdata\package_285_xml.js
whxdata\package_286_xml.js
whxdata\package_287_xml.js
whxdata\package_288_xml.js
whxdata\package_289_xml.js
whxdata\package_290_xml.js
whxdata\package_291_xml.js
whxdata\package_292_xml.js
whxdata\package_293_xml.js
whxdata\package_294_xml.js
whxdata\package_295_xml.js
whxdata\package_296_xml.js
whxdata\package_297_xml.js
whxdata\package_298_xml.js
whxdata\package_299_xml.js
whxdata\package_300_xml.js
whxdata\package_301_xml.js
whxdata\package_302_xml.js
whxdata\package_303_xml.js
whxdata\package_304_xml.js
whxdata\package_305_xml.js
whxdata\package_306_xml.js
whxdata\package_307_xml.js
whxdata\package_308_xml.js
whxdata\package_309_xml.js
whxdata\package_310_xml.js
whxdata\package_311_xml.js
whxdata\package_312_xml.js
whxdata\package_313_xml.js
whxdata\package_314_xml.js
whxdata\package_315_xml.js
whxdata\package_316_xml.js
whxdata\package_317_xml.js
whxdata\package_318_xml.js
whxdata\package_319_xml.js
whxdata\package_320_xml.js
whxdata\package_321_xml.js
whxdata\package_322_xml.js
whxdata\package_323_xml.js
whxdata\package_324_xml.js
whxdata\package_325_xml.js
whxdata\package_326_xml.js
whxdata\package_327_xml.js
whxdata\package_328_xml.js
whxdata\package_329_xml.js
whxdata\package_330_xml.js
whxdata\package_331_xml.js
whxdata\package_332_xml.js
whxdata\package_333_xml.js
whxdata\package_334_xml.js
whxdata\package_335_xml.js
whxdata\package_336_xml.js
whxdata\package_337_xml.js
whxdata\package_338_xml.js
whxdata\package_339_xml.js
whxdata\package_340_xml.js
whxdata\package_341_xml.js
whxdata\package_342_xml.js
whxdata\package_343_xml.js
whxdata\package_344_xml.js
whxdata\packageindex_xml.js
whxdata\synonym.xml
whxdata\synonym_xml.js
whxdata\topictable_0_xml.js
whxdata\topictable_1_xml.js
whxdata\topictable_2_xml.js
whxdata\topictable_3_xml.js
whxdata\topictable_4_xml.js
whxdata\topictable_5_xml.js
whxdata\topictable_6_xml.js
whxdata\topictable_7_xml.js
whxdata\topictable_8_xml.js
whxdata\topictable_9_xml.js
whxdata\topictable_10_xml.js
whxdata\topictableindex_xml.js
whxdata\whfts.xml
whxdata\whfts_xml.js
whproj_xml.js
whxdata\whtoc_xml.js
whxdata\whidx_xml.js
whxdata\whglo_xml.js
resource\resource_xml.js
whbrs_xml.js
whres_xml.js
whcsh_xml.js
whxdata\whtdata0_xml.js
whxdata\whtdata1_xml.js
whxdata\whtdata2_xml.js
whxdata\whtdata3_xml.js
whxdata\whtdata4_xml.js
whxdata\whtdata5_xml.js
whxdata\whtdata6_xml.js
whxdata\whtdata7_xml.js
whxdata\whtdata8_xml.js
whxdata\whtdata9_xml.js
whxdata\whtdata10_xml.js
whxdata\whtdata11_xml.js
whdata\whtdata0.htm
whdata\whtdata1.htm
whdata\whtdata2.htm
whdata\whtdata3.htm
whdata\whtdata4.htm
whdata\whtdata5.htm
whdata\whtdata6.htm
whdata\whtdata7.htm
whdata\whtdata8.htm
whdata\whtdata9.htm
whdata\whtdata10.htm
whdata\whtdata11.htm
whgdata\whlstt0.htm
whgdata\whlstt1.htm
whgdata\whlstt2.htm
whgdata\whlstt3.htm
whgdata\whlstt4.htm
whgdata\whlstt5.htm
whgdata\whlstt6.htm
whgdata\whlstt7.htm
whgdata\whlstt8.htm
whgdata\whlstt9.htm
whgdata\whlstt10.htm
whgdata\whlstt11.htm
whgdata\whlstt12.htm
whgdata\whlstt13.htm
whgdata\whlstt14.htm
whgdata\whlstt15.htm
whgdata\whlstt16.htm
whgdata\whlstt17.htm
whgdata\whlstt18.htm
whgdata\whlstt19.htm
whgdata\whlstt20.htm
whgdata\whlstt21.htm
whgdata\whlstt22.htm
whgdata\whlstt23.htm
whgdata\whlstt24.htm
whgdata\whlstt25.htm
whgdata\whlstt26.htm
whgdata\whlstt27.htm
whgdata\whlstt28.htm
whgdata\whlstt29.htm
whgdata\whlstt30.htm
whgdata\whlstt31.htm
whgdata\whlstt32.htm
whgdata\whlstt33.htm
whgdata\whlstt34.htm
whgdata\whlstt35.htm
whgdata\whlstt36.htm
whgdata\whlstt37.htm
whgdata\whlstt38.htm
whgdata\whlstt39.htm
whgdata\whlstt40.htm
whgdata\whlstt41.htm
whgdata\whlstt42.htm
whgdata\whlstt43.htm
whgdata\whlstt44.htm
whgdata\whlstt45.htm
whgdata\whlstt46.htm
whgdata\whlstt47.htm
whgdata\whlstt48.htm
whgdata\whlstt49.htm
whgdata\whlstt50.htm
whgdata\whlstt51.htm
whgdata\whlstt52.htm
whgdata\whlstt53.htm
whgdata\whlstt54.htm
whgdata\whlstt55.htm
whgdata\whlstt56.htm
whgdata\whlstt57.htm
whgdata\whlstt58.htm
whgdata\whlstt59.htm
whgdata\whlstt60.htm
whgdata\whlstt61.htm
whgdata\whlstt62.htm
whgdata\whlstt63.htm
whgdata\whlstt64.htm
whgdata\whlstt65.htm
whgdata\whlstt66.htm
whgdata\whlstt67.htm
whgdata\whlstt68.htm
whgdata\whlstt69.htm
whgdata\whlstt70.htm
whgdata\whlstt71.htm
whgdata\whlstt72.htm
whgdata\whlstt73.htm
whgdata\whlstt74.htm
whgdata\whlstt75.htm
whgdata\whlstt76.htm
whgdata\whlstt77.htm
whgdata\whlstt78.htm
whgdata\whlstt79.htm
whgdata\whlstt80.htm
whgdata\whlstt81.htm
whgdata\whlstt82.htm
whgdata\whlstt83.htm
whgdata\whlstt84.htm
whgdata\whlstt85.htm
whgdata\whlstt86.htm
whgdata\whlstt87.htm
whgdata\whlstt88.htm
whgdata\whlstt89.htm
whgdata\whlstt90.htm
whgdata\whlstt91.htm
whgdata\whlstt92.htm
whgdata\whlstt93.htm
whgdata\whlstt94.htm
whgdata\whlstt95.htm
whgdata\whlstt96.htm
whgdata\whlstt97.htm
whgdata\whlstt98.htm
whgdata\whlstt99.htm
whgdata\whlstt100.htm
whgdata\whlsti0.htm
whgdata\whlstfl0.htm
whgdata\whlstfl1.htm
whgdata\whlstfl2.htm
whgdata\whlstfl3.htm
whgdata\whlstfl4.htm
whgdata\whlstfl5.htm
whgdata\whlstfl6.htm
whgdata\whlstfl7.htm
whgdata\whlstfl8.htm
whgdata\whlstfl9.htm
whgdata\whlstfl10.htm
whgdata\whlstfl11.htm
whgdata\whlstfl12.htm
whgdata\whlstfl13.htm
whgdata\whlstfl14.htm
whgdata\whlstfl15.htm
whgdata\whlstfl16.htm
whgdata\whlstfl17.htm
whgdata\whlstfl18.htm
whgdata\whlstfl19.htm
whgdata\whlstfl20.htm
whgdata\whlstfl21.htm
whgdata\whlstfl22.htm
whgdata\whlstfl23.htm
whgdata\whlstfl24.htm
whgdata\whlstfl25.htm
whgdata\whlstf0.htm
whgdata\whlstf1.htm
whgdata\whlstf2.htm
whgdata\whlstf3.htm
whgdata\whlstf4.htm
whgdata\whlstf5.htm
whgdata\whlstf6.htm
whgdata\whlstf7.htm
whgdata\whlstf8.htm
whgdata\whlstf9.htm
whgdata\whlstf10.htm
whgdata\whlstf11.htm
whgdata\whlstf12.htm
whgdata\whlstf13.htm
whgdata\whlstf14.htm
whgdata\whlstf15.htm
whgdata\whlstf16.htm
whgdata\whlstf17.htm
whgdata\whlstf18.htm
whgdata\whlstf19.htm
whgdata\whlstf20.htm
whgdata\whlstf21.htm
whgdata\whlstf22.htm
whgdata\whlstf23.htm
whgdata\whlstf24.htm
whgdata\whlstf25.htm
whgdata\whlstf26.htm
whgdata\whlstf27.htm
whgdata\whlstf28.htm
whgdata\whlstf29.htm
whgdata\whlstf30.htm
whgdata\whlstf31.htm
whgdata\whlstf32.htm
whgdata\whlstf33.htm
whgdata\whlstf34.htm
whgdata\whlstf35.htm
whgdata\whlstf36.htm
whgdata\whlstf37.htm
whgdata\whlstf38.htm
whgdata\whlstf39.htm
whgdata\whlstf40.htm
whgdata\whlstf41.htm
whgdata\whlstf42.htm
whgdata\whlstf43.htm
whgdata\whlstf44.htm
whgdata\whlstf45.htm
whgdata\whlstf46.htm
whgdata\whlstf47.htm
whgdata\whlstf48.htm
whgdata\whlstf49.htm
whgdata\whlstf50.htm
whgdata\whlstf51.htm
whgdata\whlstf52.htm
whgdata\whlstf53.htm
whgdata\whlstf54.htm
whgdata\whlstf55.htm
whgdata\whlstf56.htm
whgdata\whlstf57.htm
whgdata\whlstf58.htm
whgdata\whlstf59.htm
whgdata\whlstf60.htm
whgdata\whlstf61.htm
whgdata\whlstf62.htm
whgdata\whlstf63.htm
whgdata\whlstf64.htm
whgdata\whlstf65.htm
whgdata\whlstf66.htm
whgdata\whlstf67.htm
whgdata\whlstf68.htm
whgdata\whlstf69.htm
whgdata\whlstf70.htm
whgdata\whlstf71.htm
whgdata\whlstf72.htm
whgdata\whlstf73.htm
whgdata\whlstf74.htm
whgdata\whlstf75.htm
whgdata\whlstf76.htm
whgdata\whlstf77.htm
whgdata\whlstf78.htm
whgdata\whlstf79.htm
whgdata\whlstf80.htm
whgdata\whlstf81.htm
whgdata\whlstf82.htm
whgdata\whlstf83.htm
whgdata\whlstf84.htm
whgdata\whlstf85.htm
whgdata\whlstf86.htm
whgdata\whlstf87.htm
whgdata\whlstf88.htm
whgdata\whlstf89.htm
whgdata\whlstf90.htm
whgdata\whlstf91.htm
whgdata\whlstf92.htm
whgdata\whlstf93.htm
whgdata\whlstf94.htm
whgdata\whlstf95.htm
whgdata\whlstf96.htm
whgdata\whlstf97.htm
whgdata\whlstf98.htm
whgdata\whlstf99.htm
whgdata\whlstf100.htm
whgdata\whlstf101.htm
whgdata\whlstf102.htm
whgdata\whlstf103.htm
whgdata\whlstf104.htm
whgdata\whlstf105.htm
whgdata\whlstf106.htm
whgdata\whlstf107.htm
whgdata\whlstf108.htm
whgdata\whlstf109.htm
whgdata\whlstf110.htm
whgdata\whlstf111.htm
whgdata\whlstf112.htm
whgdata\whlstf113.htm
whgdata\whlstf114.htm
whgdata\whlstf115.htm
whgdata\whlstf116.htm
whgdata\whlstf117.htm
whgdata\whlstf118.htm
whgdata\whlstf119.htm
whgdata\whlstf120.htm
whgdata\whlstf121.htm
whgdata\whlstf122.htm
whgdata\whlstf123.htm
whgdata\whlstf124.htm
whgdata\whlstf125.htm
whgdata\whlstf126.htm
whgdata\whlstf127.htm
whgdata\whlstf128.htm
whgdata\whlstf129.htm
whgdata\whlstf130.htm
whgdata\whlstf131.htm
whgdata\whlstf132.htm
whgdata\whlstf133.htm
whgdata\whlstf134.htm
whgdata\whlstf135.htm
whgdata\whlstf136.htm
whgdata\whlstf137.htm
whgdata\whlstf138.htm
whgdata\whlstf139.htm
whgdata\whlstf140.htm
whgdata\whlstf141.htm
whgdata\whlstf142.htm
whgdata\whlstf143.htm
whgdata\whlstf144.htm
whgdata\whlstf145.htm
whgdata\whlstf146.htm
whgdata\whlstf147.htm
whgdata\whlstf148.htm
whgdata\whlstf149.htm
whgdata\whlstf150.htm
whgdata\whlstf151.htm
whgdata\whlstf152.htm
whgdata\whlstf153.htm
whgdata\whlstf154.htm
whgdata\whlstf155.htm
whgdata\whlstf156.htm
whgdata\whlstf157.htm
whgdata\whlstf158.htm
whgdata\whlstf159.htm
whgdata\whlstf160.htm
whgdata\whlstf161.htm
whgdata\whlstf162.htm
whgdata\whlstf163.htm
whgdata\whlstf164.htm
whgdata\whlstf165.htm
whgdata\whlstf166.htm
whgdata\whlstf167.htm
whgdata\whlstf168.htm
whgdata\whlstf169.htm
whgdata\whlstf170.htm
whgdata\whlstf171.htm
whgdata\whlstf172.htm
whgdata\whlstf173.htm
whgdata\whlstf174.htm
whgdata\whlstf175.htm
whgdata\whlstf176.htm
whgdata\whlstf177.htm
whgdata\whlstf178.htm
whgdata\whlstf179.htm
whgdata\whlstf180.htm
whgdata\whlstf181.htm
whgdata\whlstf182.htm
whgdata\whlstf183.htm
whgdata\whlstf184.htm
whgdata\whlstf185.htm
whgdata\whlstf186.htm
whgdata\whlstf187.htm
whgdata\whlstf188.htm
whgdata\whlstf189.htm
whgdata\whlstf190.htm
whgdata\whlstf191.htm
whgdata\whlstf192.htm
whgdata\whlstf193.htm
whgdata\whlstf194.htm
whgdata\whlstf195.htm
whgdata\whlstf196.htm
whgdata\whlstf197.htm
whgdata\whlstf198.htm
whgdata\whlstf199.htm
whgdata\whlstf200.htm
whgdata\whlstf201.htm
whgdata\whlstf202.htm
whgdata\whlstf203.htm
whgdata\whlstf204.htm
whgdata\whlstf205.htm
whgdata\whlstf206.htm
whgdata\whlstf207.htm
whgdata\whlstf208.htm
whgdata\whlstf209.htm
whgdata\whlstf210.htm
whgdata\whlstf211.htm
whgdata\whlstf212.htm
whgdata\whlstg0.htm
ORBIT_Analytics_Help_index.htm
ORBIT_Analytics_Help_index_csh.htm
ORBIT_Analytics_Help_index_rhc.htm
