|SourceProjectName:ORBIT Help.hpr
|DestinationProjectName:ORBIT_Help.htm
whhost.js
whmsg.js
whmozemu.js
whutils.js
whproxy.js
whstub.js
whver.js
whform.js
whphost.js
whstart.js
whtopic.js
whframes.js
whlang.js
XmlReadHelper.js
whskin_info.htm
whskin_blank.htm
whskin_pickup.htm
whskin_homepage.htm
whskin_tw.htm
whnjs.htm
whthost.js
whtdhtml.htm
whihost.js
whibody.htm
whiform.htm
whfhost.js
whfbody.htm
whfform.htm
whghost.js
whgbody.htm
whgdhtml.htm
whgdef.htm
whproj.js
whproj.htm
whdata\whtoc.js
whdata\whtoc.htm
whdata\whtdata.js
whdata\whidx.js
whdata\whidx.htm
whdata\whidata.js
whdata\whglo.js
whdata\whglo.htm
whdata\whgdata.js
whgdata\whnvp30.htm
whgdata\whnvp31.htm
whgdata\whnvp32.htm
whgdata\whnvp33.htm
whgdata\whnvt30.htm
whgdata\whnvt31.htm
whgdata\whnvt32.htm
whgdata\whnvt33.htm
whgdata\whnvf30.htm
whgdata\whnvf31.htm
whgdata\whnvf32.htm
whgdata\whnvf33.htm
whgdata\whnvl31.htm
whgdata\whnvl32.htm
whgdata\whnvl33.htm
whgdata\whexpbar.gif
cshdat_webhelp.htm
whcsh_home.htm
whcshdata.js
cshdat_robohelp.htm
wht_tab0.gif
wht_tab1.gif
wht_tab2.gif
wht_tab3.gif
wht_tab4.gif
wht_tab5.gif
wht_tab6.gif
wht_tab7.gif
wht_tab8.gif
wht_glo_h.gif
wht_glo_n.gif
wht_fts_h.gif
wht_fts_n.gif
wht_idx_h.gif
wht_idx_n.gif
wht_toc_h.gif
wht_toc_n.gif
wht_ws.gif
wht_ws_g.gif
wht_logo1.gif
wht_logo2.gif
wht_abgw.jpg
wht_abgi.jpg
wht_abge.jpg
wht_abtw.jpg
wht_abte.jpg
wht_abti.jpg
wht_spac.gif
wht_next.gif
wht_next_g.gif
wht_prev.gif
wht_prev_g.gif
wht_sync.gif
wht_hide.gif
wht_go.gif
whstart.ico
whestart.ico
whrstart.ico
whidhtml.htm
whfdhtml.htm
whskin_banner.htm
whtbar.js
print-selected.png
print-unselected.png
background.png
contents-selected.png
contents-unselected.png
index-selected.png
index-unselected.png
search-selected.png
search-unselected.png
glossary-selected.png
glossary-unselected.png
search-input-go.png
logo-placeholder.png
previous-disabled.png
previous-enabled.png
next-disabled.png
next-enabled.png
sync-toc.png
hide.png
remote-url.png
folder_(1).png
folder-close.png
file.png
whskin_pdhtml.htm
whskin_plist.htm
whskin_tbars.htm
whskin_mbars.htm
whskin_frmset010.htm
whst_topics.xml
whskin_frmset01.htm
ORBIT_Help_hha.hhk
ORBIT_Help.hhc
ORBIT_Help.hhk
About_Online_Help.htm
Accessing_Account_Details.htm
Activating_the_Business_Unit.htm
Adding_a_Report_to_Favourites.htm
Adding_New_Column_under_Business_Objects.htm
Administrative_Interface.htm
Aggregation_in_Pivot.htm
Analysis.htm
Applying_Filters_and_Prompts1.htm
Applying_Formula.htm
Applying_Security_to_the_Business_Units.htm
Architecture.htm
Assigning_Groups_to_the_Role.htm
Assigning_Groups_to_the_Specific_User.htm
Assigning_Roles.htm
Assigning_Roles_to_the_Group.htm
Assigning_Roles_to_the_Specific_User.htm
Assigning_Users.htm
Assigning_Users_to_the_Group.htm
Assigning_Users_to_the_Role.htm
Bar_Basic.htm
BO_Security.htm
Business_Models.htm
Business_Objects_Area.htm
Business_Units.htm
Cancelling_the_Process.htm
Changing_Password.htm
Columns_and_Filters_in_Logical_Model.htm
Conditional_Filter.htm
Conditional_Filters1.htm
Conditional_Formats.htm
Configuring_Email_Settings.htm
Configuring_Fax_Settings.htm
Configuring_FTP_Settings.htm
Configuring_List_of_Values.htm
Configuring_Permissions_for_the_Roles.htm
Configuring_Print_Settings.htm
Configuring_Query_Settings.htm
Configuring_Query_Settings_in_Analysis.htm
Configuring_the_Settings.htm
Configuring_Widget_Settings.htm
Conventions.htm
Creating_a_BO.htm
Creating_a_Business_Object.htm
Creating_a_Business_Object1.htm
Creating_a_Dashboard_Report.htm
Creating_a_Logical_Model.htm
Creating_a_New_Business_Unit.htm
Creating_a_New_Data_Source.htm
Creating_a_New_Domain.htm
Creating_a_New_Group.htm
Creating_a_New_Role.htm
Creating_a_Physical_Model.htm
Creating_a_Reports_Folder.htm
Creating_an_Analysis_Report.htm
Creating_an_Operational_Report.htm
Creating_Authority.htm
Creating_Conditions.htm
Creating_Datasets.htm
Creating_Joins_in_Operational_Reports.htm
Creating_Multiple_Pages.htm
Creating_New_User.htm
Creating_Object_from_SQL.htm
Dashboards.htm
Data_Security_in_Logical_Model.htm
Data_Sources.htm
Datasets.htm
Delete_Process.htm
Deleting_a_Report.htm
Deleting_Authority.htm
Deleting_Datasets.htm
Disabling_Sorting.htm
Domain_Hierarchy.htm
Domains.htm
Drilldowns_in_Operational_Reports.htm
Editing_a_Report.htm
Editing_Authority.htm
Editing_Datasets.htm
Editing_Groups.htm
Editing_Roles.htm
Editing_the_Business_Unit.htm
Editing_Users.htm
Enabling_a_New_User.htm
Establishing_Joins_between_Tables.htm
Exporting_a_Domain.htm
Exporting_a_Domain2.htm
Exporting_Analysis_Report.htm
Exporting_Datasets.htm
Exporting_Reports.htm
Feedback.htm
Filtering_a_Domain.htm
Filtering_Business_Objects.htm
Filtering_Business_Units.htm
Filtering_Data_Source.htm
Filtering_Datasets.htm
Filtering_Groups.htm
Filtering_Processes.htm
Filtering_Roles.htm
Filtering_Users.htm
Filters.htm
Filters_in_Pivot.htm
Getting_Started_with_ORBIT_Application.htm
Grid_Filters.htm
Grouping_Columns_in_a_Report.htm
Importing_Date_Hirerarchy_Table.htm
Importing_From_File.htm
Importing_Job.htm
Importing_Users_from_Authority.htm
Intended_Audience.htm
Introduction_to_Business_Units.htm
Introduction_to_Dashboards.htm
Introduction_to_Datasets.htm
Introduction_to_Home_Page_Features.htm
Introduction_to_Monitoring.htm
Introduction_to_Operational_Reports.htm
Introduction_to_ORBIT_Application.htm
Introduction_to_ORBIT_Features.htm
Introduction_to_Reports.htm
Label_filters.htm
Locking_a_Column_in_Report.htm
Logging_onto_the_ORBIT_Application.htm
Logging_out_of_the_ORBIT_Application.htm
Logical_Tables_Properties_under_Business_Objects.htm
Menu_for_Domain_Hierarchy_Objects.htm
Menu_in_Run_Results_Area.htm
Menu_Options_in_Dashboards.htm
Menu_Options_in_Reports.htm
Menus_on_Run_Result_area.htm
Meta_Objects.htm
Monitoring.htm
Multiple_Conditions_on_Same_Column.htm
Multiple_Drilldowns_in_a_Report.htm
Multiple_Drilldowns_on_Same_Column.htm
Notifications.htm
Opening_Business_Objects.htm
Opening_Existing_Logical_Model.htm
Operational_Reports.htm
Options_in_Analysis.htm
ORBIT_Application.htm
ORBIT_Help_1.htm
ORBIT_Process_Flow.htm
Order_By.htm
Organizing_Reports.htm
Output_and_Delivery.htm
Parameters.htm
Pausing_the_Process.htm
Pie_Basic.htm
Preface.htm
Product_Overview.htm
Properties.htm
Purge_Job.htm
Related_Guides.htm
Reloading_Business_View.htm
Removing_Columns_under_Business_Object.htm
Removing_Displaying_Columns_from_Reports.htm
Renaming_a_Business_Object.htm
Renaming_a_Logical_Model.htm
Renaming_a_Report.htm
Renaming_Datasets.htm
Renaming_Labels.htm
Renaming_Physical_Model.htm
Report_Configurator_Area.htm
Reports.htm
Resetting_Password.htm
Resubmitting_the_Process.htm
Resuming_the_Process.htm
Run_Results_Area.htm
Running_a_Report.htm
Schedule.htm
Schedule_a_Report.htm
Scheduling_New_Process.htm
Searching_a_Business_Object.htm
Security.htm
Setting_Aggregate_Functions_on_Reports.htm
Setting_Deliveries.htm
Setting_Logical_Model_Properties.htm
Setting_Outputs.htm
Setting_Permissions.htm
Setting_Physical_Model_Properties.htm
Setting_Repeat_Intervals.htm
Setting_the_Advanced_Option.htm
Setting_the_Conditional_Formatting.htm
Setting_the_Simple_Option.htm
Sharing_a_Report.htm
Sizing_the_Columns_Automatically.htm
Sorting_Field-wise_in_Reports.htm
Sorting_Fields_in_Ascending_Order.htm
Sorting_Fields_in_Descending_Order.htm
Sorting_in_Ascending_Order.htm
Sorting_in_Descending_Order.htm
Sorting_in_Pivot.htm
Splitting_Date_Dimensions.htm
Synchronize_with_Database.htm
System_Requirements.htm
Table.htm
Templates.htm
Testing_Business_Object_Query1.htm
Tools_on_Logical_Model_Work_Area.htm
Types_of_Filters.htm
Uploading_Files.htm
Uploading_Files_In_Operational_Reports.htm
User_Filters.htm
User_Filters1.htm
Value_Filters.htm
View_Query.htm
Viewing_Datasets.htm
Viewing_Deliveries.htm
Viewing_Imported_Users.htm
Viewing_Outputs.htm
Viewing_Recently_Run_Reports.htm
Viewing_the_Newly_Created_Authority.htm
Widget_Settings_of_Different_Charts.htm
Working_with_Authorities.htm
Working_with_Drilldowns.htm
Working_with_Groups.htm
Working_with_Locales.htm
Working_with_Permissions.htm
Working_with_Pivot.htm
Working_with_Roles.htm
Working_with_Settings.htm
Working_with_Users1.htm
ORBIT_Help.glo
default.css
Delpr.png
resubmitprocess.png
SA.png
BU.png
list_of_DS.png
QS.png
Run.png
OrganizeReports.png
Upward_arrow.png
Sync.png
Add.png
New.png
Help.png
DS9.png
DS8.png
DS6.png
DS7.png
DS5.png
DS4.png
DS3.png
DS2.png
DS1.png
376.png
375.png
374.png
373.png
372.png
371.png
370.png
369.png
368.png
367.png
366.png
365.png
364.png
363.png
362.png
361.png
360.png
359.png
358.png
357.png
356.png
355.png
354.png
353.png
352.png
351.png
350.png
349.png
348.png
347.png
346.png
345.png
343.png
342.png
341.png
340.png
339.png
338.png
337.png
336.png
335.png
334.png
333.png
332.png
331.png
330.png
329.png
328.png
327.png
326.png
325.png
324.png
323.png
322.png
321.png
320.png
319.png
318.png
317.png
316.png
315.png
314.png
313.png
312.png
311.png
310.png
309.png
308.png
307.png
306.png
305.png
304.png
303.png
302.png
301.png
300.png
299.png
298.png
297.png
296.png
295.png
294.png
293.png
292.png
291.png
290.png
289.png
288.png
287.png
286.png
285.png
284.png
282.png
281.png
280.png
279.png
278.png
277.png
276.png
275.png
274.png
273.png
272.png
271.png
270.png
269.png
268.png
267.png
266.png
265.png
264.png
263.png
262.png
261.png
260.png
259.png
258.png
257.png
255.png
254.png
253.png
252.png
251.png
250.png
249.png
248.png
247.png
246.png
245.png
244.png
243.png
242.png
241.png
240.png
239.png
238.png
237.png
236.png
235.png
234.png
233.png
232.png
231.png
230.png
229.png
228.png
227.png
226.png
225.png
224.png
223.png
222.png
221.png
220.png
219.png
218.png
217.png
216.png
215.png
214.png
213.png
212.png
211.png
210.png
209.png
208.png
207.png
206.png
205.png
204.png
203.png
202.png
201.png
200.png
199.png
198.png
197.png
196.png
195.png
192.png
191.png
190.png
189.png
188.png
187.png
186.png
185.png
184.png
183.png
182.png
181.png
180.png
179.png
178.png
177.png
176.png
175.png
174.png
173.png
172.png
168.png
167.png
164.png
160.png
159.png
158.png
157.png
156.png
155.png
154.png
153.png
152.png
151.png
150.png
149.png
148.png
147.png
146.png
145.png
144.png
143.png
142.png
141.png
140.png
139.png
138.png
137.png
136.png
135.png
134.png
133.png
132.png
131.png
130.png
129.png
128.png
127.png
126.png
125.png
124.png
123.png
122.png
121.png
120.png
119.png
118.png
117.png
116.png
115.png
114.png
113.png
112.png
111.png
110.png
109.png
108.png
107.png
106.png
105.png
104.png
103.png
102.png
101.png
100.png
99.png
98.png
97.png
96.png
95.png
94.png
93.png
92.png
91.png
90.png
89.png
88.png
87.png
86.png
85.png
84.png
83.png
82.png
81.png
80.png
79.png
78.png
77.png
76.png
75.png
74.png
73.png
72.png
71.png
70.png
69.png
68.png
67.png
66.png
65.png
64.png
63.png
62.png
61.png
60.png
59.png
58.png
57.png
56.png
55.png
54.png
53.png
52.png
51.png
50.png
49.png
48.png
47.png
46.png
45.png
44.png
43.png
42.png
41.png
40.png
39.png
38.png
37.png
36.png
35.png
34.png
33.png
32.png
31.png
30.png
29.png
28.png
27.png
26.png
25.png
24.png
23.png
22.png
21.png
20.png
19.png
18.png
17.png
16.png
15.png
14.png
13.png
12.png
11.png
10.png
notify.png
Textfilter.png
QuerySettings.png
list_of_groups.png
Pause.png
Locales.png
Monitoring.png
Plus.png
cancelPr.png
PermissionsRole.png
Available_Groups.png
Export.png
Save.png
Remove.png
Move.png
Roles.png
users.png
Home.png
user_DB.png
fav1.png
recentrep1.png
Refreshfavs.png
ProcessFlow.png
Assigning_Groups.png
Edit_Group.png
Disable_Sorting.png
Whitebox.png
Settings.png
AddDS.png
refresh.png
CNL1.png
purge.png
Available_Roles.png
Datafilters.png
Removecolumns.png
Moveall.png
BusinessUnits.png
BusinessModels.png
Edit.png
DS10.png
schedule_report1add.png
Login_Page2.png
Edit_Role_DB.png
Resume.png
RefreshQuery.png
filters.png
Security.png
CNL3.png
fav2.png
refresh2.png
refresh1.png
Favorites.png
userlist.png
Relationships.png
SearchBO.png
Unpin.png
Propertiesmore.png
Removeall.png
userMenu.png
CNL2.png
clip_image004.jpg
clip_image006.jpg
clip_image002.jpg
serachfilter.png
downcolumn.png
Hideshowfilters.png
RemoveMark.png
Properties.png
CreatenewDS.png
Deactivated.png
CNL5.png
clip_image038.jpg
clip_image036.jpg
clip_image034.jpg
clip_image032.jpg
clip_image030.jpg
ORBIT_Login_Page.png
Recentrep.png
resetpassword.png
sidearrow.png
Upload_File.png
Reload_View.png
Lock.png
expandcollapse.png
clip_image028.jpg
clip_image026.jpg
clip_image024.jpg
deletenotification.png
My_Account.png
filter_DS.png
Edit_Role.png
Edit_user.png
Options.png
Settings1.png
TestQuery.png
Datasource.png
importJob_domain.png
Delete_Process.png
Add_Template.png
Search.png
authorities.png
Reports.png
Lockscreen.png
CNL6.png
cancelprocess.png
Expnadall.png
Rename.png
downarrow.png
Domain.png
permissions.png
Datsets.png
Filter.png
new_Criterion.png
ImportUsers_from_Authorities.png
EditBU.png
loggedinuser.png
ViewSQL.png
change_pwd.png
1.png
New_Role.png
down.png
Run_results.png
Changeview.png
showresults.png
Delete.png
Activated.png
9.png
8.png
6.png
5.png
4.png
3.png
2.png
favorites_screen.png
Hideshowuserfilters.png
Multiselect_filter.png
Collapse_all.png
changePwddB.png
Filters_in_Groups.png
ResetPWD.png
refresh10.png
View_Mode.png
image7.gif
ORBIT_Help.ppf
RoboHHRE.lng
ORBIT_Map_File.h
ehlpdhtm.js
SearchOptions.xml
whxdata\package_0_xml.js
whxdata\package_1_xml.js
whxdata\package_2_xml.js
whxdata\package_3_xml.js
whxdata\package_4_xml.js
whxdata\package_5_xml.js
whxdata\package_6_xml.js
whxdata\package_7_xml.js
whxdata\package_8_xml.js
whxdata\package_9_xml.js
whxdata\package_10_xml.js
whxdata\package_11_xml.js
whxdata\package_12_xml.js
whxdata\package_13_xml.js
whxdata\package_14_xml.js
whxdata\package_15_xml.js
whxdata\package_16_xml.js
whxdata\package_17_xml.js
whxdata\package_18_xml.js
whxdata\package_19_xml.js
whxdata\package_20_xml.js
whxdata\package_21_xml.js
whxdata\package_22_xml.js
whxdata\package_23_xml.js
whxdata\packageindex_xml.js
whxdata\synonym.xml
whxdata\synonym_xml.js
whxdata\topictable_0_xml.js
whxdata\topictable_1_xml.js
whxdata\topictable_2_xml.js
whxdata\topictable_3_xml.js
whxdata\topictable_4_xml.js
whxdata\topictableindex_xml.js
whxdata\whfts.xml
whxdata\whfts_xml.js
whproj_xml.js
whxdata\whtoc_xml.js
whxdata\whidx_xml.js
whxdata\whglo_xml.js
resource\resource_xml.js
whbrs_xml.js
whres_xml.js
whcsh_xml.js
whxdata\whtdata0_xml.js
whxdata\whtdata1_xml.js
whxdata\whtdata2_xml.js
whdata\whtdata0.htm
whdata\whtdata1.htm
whdata\whtdata2.htm
whgdata\whlstt0.htm
whgdata\whlstt1.htm
whgdata\whlstt2.htm
whgdata\whlstt3.htm
whgdata\whlstt4.htm
whgdata\whlstt5.htm
whgdata\whlstt6.htm
whgdata\whlstt7.htm
whgdata\whlstt8.htm
whgdata\whlstt9.htm
whgdata\whlstt10.htm
whgdata\whlstt11.htm
whgdata\whlstt12.htm
whgdata\whlstt13.htm
whgdata\whlstt14.htm
whgdata\whlstt15.htm
whgdata\whlstt16.htm
whgdata\whlstt17.htm
whgdata\whlstt18.htm
whgdata\whlstt19.htm
whgdata\whlstt20.htm
whgdata\whlstt21.htm
whgdata\whlstt22.htm
whgdata\whlstt23.htm
whgdata\whlstt24.htm
whgdata\whlstt25.htm
whgdata\whlstt26.htm
whgdata\whlstt27.htm
whgdata\whlstt28.htm
whgdata\whlstt29.htm
whgdata\whlstt30.htm
whgdata\whlstt31.htm
whgdata\whlstt32.htm
whgdata\whlstt33.htm
whgdata\whlstt34.htm
whgdata\whlstt35.htm
whgdata\whlstt36.htm
whgdata\whlsti0.htm
whgdata\whlstfl0.htm
whgdata\whlstfl1.htm
whgdata\whlstfl2.htm
whgdata\whlstfl3.htm
whgdata\whlstfl4.htm
whgdata\whlstfl5.htm
whgdata\whlstfl6.htm
whgdata\whlstfl7.htm
whgdata\whlstfl8.htm
whgdata\whlstfl9.htm
whgdata\whlstfl10.htm
whgdata\whlstfl11.htm
whgdata\whlstfl12.htm
whgdata\whlstfl13.htm
whgdata\whlstfl14.htm
whgdata\whlstfl15.htm
whgdata\whlstfl16.htm
whgdata\whlstfl17.htm
whgdata\whlstfl18.htm
whgdata\whlstfl19.htm
whgdata\whlstfl20.htm
whgdata\whlstfl21.htm
whgdata\whlstfl22.htm
whgdata\whlstfl23.htm
whgdata\whlstfl24.htm
whgdata\whlstfl25.htm
whgdata\whlstf0.htm
whgdata\whlstf1.htm
whgdata\whlstf2.htm
whgdata\whlstf3.htm
whgdata\whlstf4.htm
whgdata\whlstf5.htm
whgdata\whlstf6.htm
whgdata\whlstf7.htm
whgdata\whlstf8.htm
whgdata\whlstf9.htm
whgdata\whlstf10.htm
whgdata\whlstf11.htm
whgdata\whlstf12.htm
whgdata\whlstf13.htm
whgdata\whlstf14.htm
whgdata\whlstf15.htm
whgdata\whlstf16.htm
whgdata\whlstf17.htm
whgdata\whlstf18.htm
whgdata\whlstf19.htm
whgdata\whlstf20.htm
whgdata\whlstf21.htm
whgdata\whlstf22.htm
whgdata\whlstf23.htm
whgdata\whlstf24.htm
whgdata\whlstg0.htm
ORBIT_Help.htm
ORBIT_Help_csh.htm
ORBIT_Help_rhc.htm
