|SourceProjectName:ORBIT Analytics Help 9.hpr
|DestinationProjectName:ORBIT_Analytics_Help_index_02_04_2020.htm
whhost.js
whmsg.js
whmozemu.js
whutils.js
whproxy.js
whstub.js
whver.js
whform.js
whphost.js
whstart.js
whtopic.js
whframes.js
whlang.js
XmlReadHelper.js
whskin_info.htm
whskin_blank.htm
whskin_pickup.htm
whskin_homepage.htm
whskin_tw.htm
whnjs.htm
whthost.js
whtdhtml.htm
whihost.js
whibody.htm
whiform.htm
whfhost.js
whfbody.htm
whfform.htm
whghost.js
whgbody.htm
whgdhtml.htm
whgdef.htm
whproj.js
whproj.htm
whdata\whtoc.js
whdata\whtoc.htm
whdata\whtdata.js
whdata\whidx.js
whdata\whidx.htm
whdata\whidata.js
whdata\whglo.js
whdata\whglo.htm
whdata\whgdata.js
whgdata\whnvp30.htm
whgdata\whnvp31.htm
whgdata\whnvp32.htm
whgdata\whnvp33.htm
whgdata\whnvt30.htm
whgdata\whnvt31.htm
whgdata\whnvt32.htm
whgdata\whnvt33.htm
whgdata\whnvf30.htm
whgdata\whnvf31.htm
whgdata\whnvf32.htm
whgdata\whnvf33.htm
whgdata\whnvl31.htm
whgdata\whnvl32.htm
whgdata\whnvl33.htm
whgdata\whexpbar.gif
cshdat_webhelp.htm
whcsh_home.htm
whcshdata.js
cshdat_robohelp.htm
wht_tab0.gif
wht_tab1.gif
wht_tab2.gif
wht_tab3.gif
wht_tab4.gif
wht_tab5.gif
wht_tab6.gif
wht_tab7.gif
wht_tab8.gif
wht_glo_h.gif
wht_glo_n.gif
wht_fts_h.gif
wht_fts_n.gif
wht_idx_h.gif
wht_idx_n.gif
wht_toc_h.gif
wht_toc_n.gif
wht_ws.gif
wht_ws_g.gif
wht_logo1.gif
wht_logo2.gif
wht_abgw.jpg
wht_abgi.jpg
wht_abge.jpg
wht_abtw.jpg
wht_abte.jpg
wht_abti.jpg
wht_spac.gif
wht_next.gif
wht_next_g.gif
wht_prev.gif
wht_prev_g.gif
wht_sync.gif
wht_hide.gif
wht_go.gif
whstart.ico
whestart.ico
whrstart.ico
whidhtml.htm
whfdhtml.htm
whskin_banner.htm
whtbar.js
print-selected.png
print-unselected.png
background.png
contents-selected.png
contents-unselected.png
index-selected.png
index-unselected.png
search-selected.png
search-unselected.png
glossary-selected.png
glossary-unselected.png
search-input-go.png
logo-placeholder.png
previous-disabled.png
previous-enabled.png
next-disabled.png
next-enabled.png
sync-toc.png
hide.png
remote-url.png
folder_(1).png
folder-close.png
file.png
whskin_pdhtml.htm
whskin_plist.htm
whskin_tbars.htm
whskin_mbars.htm
whskin_frmset010.htm
whst_topics.xml
whskin_frmset01.htm
ORBIT_Analytics_Help_index_02_04_2020_hha.hhk
ORBIT_Analytics_Help_index_02_04_2020.hhc
ORBIT_Analytics_Help_index_02_04_2020.hhk
About_Online_Help.htm
Accessing_Account_Details.htm
Active_Directory.htm
Add_this_View_to_Home.htm
Adding_a_New_Authority_Type.htm
Adding_a_Report_to_Favourites.htm
Administrative_Interface.htm
Aggregation_in_Pivot.htm
Analysis.htm
AND_Filter.htm
AND_Filter1.htm
Applying_Excel_Template_to_Publisher_Report.htm
Applying_Filters_and_Prompts1.htm
Applying_Formula.htm
Applying_Repeat_Header_Rows_Option.htm
Applying_Security_to_the_Business_Object.htm
Applying_Sort.htm
Applying_Word_Template_to_Publisher_Report.htm
Applying_Word_Template_to_Publisher_Report_1.htm
Architecture.htm
Assign_to_Role.htm
Assign_to_User.htm
Assigning_Groups_to_the_Role.htm
Assigning_Groups_to_the_Specific_User.htm
Assigning_Roles.htm
Assigning_Roles_to_the_Group.htm
Assigning_Roles_to_the_Specific_User.htm
Assigning_Security_for_Category_under_BO.htm
Assigning_Users_to_the_Group.htm
Assigning_Users_to_the_Role.htm
Attributes.htm
Attributes1.htm
Authentication.htm
Authorization.htm
Authorization1.htm
Bar,_Stacked_Bar,_and_100__Stacked.htm
Bar_Basic.htm
BO_Security.htm
Bubble.htm
Business_Models.htm
Business_Objects.htm
Business_Units.htm
Cancelling_the_Process.htm
Card.htm
Cartesian_Charts.htm
Change_date_format.htm
Changing_Date_Field_Format_in_Report.htm
Changing_Id_Field_Format_in_Report.htm
Changing_Number_Field_Format_in_Report.htm
Changing_Password.htm
Changing_String_Field_Format_in_Report.htm
Column_Basic,_Stacked_Column,_100__Stacked,_Multi-Axis_and_Negative_value_charts.htm
Columns_and_Filters_in_Logical_Model.htm
Combination_Charts.htm
Components_of_a_Publisher_Report.htm
Conditional_Filters1.htm
Conditional_Formats.htm
Configuring_List_of_Values.htm
Configuring_Permissions_for_the_Roles.htm
Configuring_Query_Settings.htm
Configuring_Query_Settings_in_Analysis.htm
Configuring_the_Settings.htm
Configuring_Widget_Settings.htm
Conventions.htm
Create_an_Analysis_Report.htm
Creating__discoverer__data_source.htm
Creating__discoverer_eul5__data_source.htm
Creating_a_BO.htm
Creating_a_Business_ObjectPE.htm
Creating_a_Complex_Join.htm
Creating_a_Dashboard.htm
Creating_a_Dashboard_Report.htm
Creating_a_Data_Report_using_Dataset.htm
Creating_a_Domain_PE.htm
Creating_a_HTML_Template.htm
Creating_a_Logical_Model.htm
Creating_a_Logical_Model1.htm
Creating_a_New_Authority_Type.htm
Creating_a_New_Business_Unit.htm
Creating_a_New_Data_Source.htm
Creating_a_New_Domain.htm
Creating_a_New_Group.htm
Creating_a_New_Report.htm
Creating_a_New_Role.htm
Creating_a_PeopleSoft_Authority.htm
Creating_a_Physical_Model.htm
Creating_a_Physical_Model_1.htm
Creating_a_Publisher_Report.htm
Creating_a_Publisher_Report1.htm
Creating_a_Report_Token.htm
Creating_a_Report_under_Existing_Folder.htm
Creating_a_Reports_Folder.htm
Creating_a_Script_Report.htm
Creating_a_Simple_Join.htm
Creating_a_Sub_Folder_in_a_Folder.htm
Creating_a_Word_Template.htm
Creating_a_Word_Template_with_Grouping_and_Page_Break.htm
Creating_an_Active_Directory_Authority1.htm
Creating_an_Analysis_Report.htm
Creating_an_Analysis_Report_using_Dataset.htm
Creating_an_Excel_Template.htm
Creating_an_Excel_Template_for_Grouping.htm
Creating_an_LDAP_Authority.htm
Creating_an_Operational_Report.htm
Creating_Authority.htm
Creating_Data_Report1.htm
Creating_Datasets.htm
Creating_Datasources.htm
Creating_Joins_in_Operational_Reports.htm
Creating_Multiple_Pages.htm
Creating_New_Category.htm
Creating_New_Dashboard_under_Existing_Folder.htm
Creating_New_Data_Report_Under_Existing_Folder.htm
Creating_New_Hierarchy.htm
Creating_New_User.htm
Creating_Notifications.htm
Creating_Object_from_SQL.htm
Creating_Reports.htm
Creating_Reports1.htm
Creating_Reports_Using_Dataset.htm
Creating_Templates.htm
Custom_Jobs.htm
Dashboards.htm
Data_Explorer.htm
Data_Filter.htm
Data_Model.htm
Data_Security_in_Logical_Model.htm
Data_Sources.htm
Datasets.htm
Delete_Process.htm
Deleting_a_Logical_Model.htm
Deleting_a_Report.htm
Deleting_Authorities_with_Dependencies1.htm
Deleting_Authority.htm
Deleting_Datasets.htm
Deleting_Physical_Model.htm
Diagnostics.htm
Disabling_Sorting.htm
Discoverer_Migration_into_ORBIT_Analytics1.htm
Domain_Hierarchy.htm
Domains.htm
Download_Excel_Edge.htm
Drilldowns_in_Operational_Reports.htm
Dynamic_Values.htm
Editing_a_Data_Source.htm
Editing_a_Report.htm
Editing_Authority.htm
Editing_Datasets.htm
Editing_Groups.htm
Editing_Roles.htm
Editing_the_Business_Unit.htm
Editing_Users.htm
Enable_Disable_Auto_Interaction.htm
Enabling_a_New_User.htm
Enabling_Business_Unit.htm
Environment_Setup.htm
Establising_Joins_between_Tables.htm
Excel_Edge.htm
Export_Dashboard.htm
Export_MetaObject_Security.htm
Exporting_a_Domain2.htm
Exporting_a_Report.htm
Exporting_Analysis_Report.htm
Exporting_and_Importing_ORBIT_Meta_Content1.htm
Exporting_Domain.htm
Exporting_eex_File1.htm
Exporting_Report.htm
Exporting_Reports.htm
Feedback.htm
Filtering_a_Domain.htm
Filtering_Business_Units.htm
Filtering_Data_Source.htm
Filtering_Datasets.htm
Filtering_Groups.htm
Filtering_Processes.htm
Filtering_Reports.htm
Filtering_Roles.htm
Filtering_Users.htm
Filters.htm
Filters_in_Pivot.htm
Forgot_Password.htm
From_this_query.htm
Gauge_Charts.htm
Generate_Link.htm
Generate_Link_1.htm
Generate_Link_2.htm
Generating_Excel_Output_in_Schedule_Report.htm
Generating_Report_Link.htm
Getting_Started_with_Excel_Edge.htm
Getting_Started_with_ORBIT_Application.htm
Getting_Started_with_Script_Report.htm
Grid_Filters.htm
Group_Filters.htm
Group_Filters1.htm
Group_Search_Information.htm
Group_Search_Information1.htm
Grouping_Columns_in_a_Report.htm
Help_file.htm
Import_MetaObject_Security.htm
Import_Users,Roles_and_Groups_from_Excel1.htm
Importing_a_Report.htm
Importing_Discoverer_Object(s).htm
Importing_Domain.htm
Importing_From_File.htm
Importing_Job.htm
Importing_Report.htm
Importing_Users_from_Authority.htm
Installing_Excel_Edge_Application.htm
Intended_Audience.htm
Introduction.htm
Introduction1.htm
Introduction2.htm
Introduction_to_Business_Units.htm
Introduction_to_Dashboards.htm
Introduction_to_Datasets.htm
Introduction_to_Home_Page_Features.htm
Introduction_to_Operational_Reports.htm
Introduction_to_ORBIT_Features.htm
Introduction_to_Reports.htm
Jobs.htm
Joins.htm
Label_filters.htm
LDAP.htm
Licensing_Users_Report.htm
Line,_Spline,_Step_Line,_and_Area_Charts.htm
Locales.htm
Lock_Screen.htm
Locking_a_Column_in_Report.htm
Logging_into_Excel_edge.htm
Logging_onto_the_ORBIT_Application.htm
Logging_out_of_Excel_Edge_Application.htm
Logging_out_of_the_ORBIT_Application.htm
Logical_Tables_Properties_under_Business_Objects.htm
Macro-enabled_Templates.htm
Macro-enabled_Templates_in_Excel_for_Data_Reports.htm
Manage_Quick_Filters.htm
Managing_Report_Views.htm
Maps.htm
Menu_for_Domain_Hierarchy_Objects.htm
Menu_in_Run_Results_Area.htm
Menu_Options_in_Dashboards1.htm
Menu_Options_in_Reports.htm
Menus_on_Run_Result_area.htm
Meta_Objects1.htm
Migrating_Business_Areas.htm
Migrating_Worksheets_into_ORBIT_Analytics.htm
Monitoring.htm
Multiple_Conditions_on_Same_Column.htm
Multiple_Drilldowns_in_a_Report.htm
Multiple_Drilldowns_on_Same_Column.htm
Navigating_to_the_Required_Report.htm
New_Processes.htm
NOT_Filter.htm
NOT_Filter1.htm
Notifications.htm
Opening_Business_Objects.htm
Opening_Existing_Logical_Model.htm
Operational_Reports.htm
Options.htm
Options_in_Analysis.htm
OptionsPR1.htm
OR_Filter.htm
OR_Filter1.htm
ORBIT_Application.htm
ORBIT_Discoverer_Migration.htm
ORBIT_Extensions.htm
ORBIT_Help.htm
Order_By.htm
Organizing_Reports.htm
Output_and_Delivery.htm
Output_Compliance_Matrix.htm
Ownership_Change.htm
Parameters.htm
Parameters_1.htm
PeopleSoft.htm
Performing_Grouping_on_Publisher_Report.htm
Pie_Basic_and_Pie_Donut.htm
Polar_Charts.htm
Practice_Examples.htm
Preface.htm
Preferences.htm
Processes.htm
Product_Overview.htm
Properties1.htm
Properties2.htm
Properties3.htm
Properties_for_Tables_Views_Synonym.htm
Properties_of_Data_Report.htm
Publisher_Report.htm
Purge_Job.htm
Python_Scripts_for_Multiple_Outputs.htm
Radar.htm
Reloading_Business_View.htm
Reloading_Licenses.htm
Remove_all_portlets.htm
Removing_Columns_under_Business_Object.htm
Removing_Displaying_Columns_from_Reports.htm
Renaming_a_Business_Object.htm
Renaming_a_Logical_Model.htm
Renaming_a_Report.htm
Renaming_Datasets.htm
Renaming_Labels.htm
Renaming_Physical_Model.htm
Report_Configurator_Area.htm
Report_Statistics.htm
Report_Statistics1.htm
Report_Tokens.htm
Reports.htm
Resetting_Password.htm
Run_Results_Area.htm
Running_a_Report.htm
Running_a_Report_in_Excel_Edge.htm
Save_As_New_Quick_Filter.htm
Save_as_New_Quick_Filter_in_Data_Reports.htm
Save_Current_Quick_Filter.htm
Save_This_Search.htm
Scatter.htm
Schedule.htm
Schedule_a_Report.htm
Schedule_the_Process.htm
Scheduling_a_Report.htm
Script_Reports.htm
Search_Base.htm
Search_Base1.htm
Search_Base_Groups.htm
Search_Filter.htm
Search_Filter1.htm
Search_Filter_Groups.htm
Searching_a_Business_Object.htm
Security.htm
Selecting_Default_Values.htm
Setting_Aggregate_Functions_on_Reports.htm
Setting_Deliveries.htm
Setting_Logical_Model_Properties.htm
Setting_Output_and_Delivery_Types.htm
Setting_Outputs.htm
Setting_Permissions.htm
Setting_Physical_Model_Properties.htm
Setting_the_Advanced_Option.htm
Setting_the_Conditional_Formatting.htm
Setting_the_Simple_Option.htm
Settings.htm
Sharing_a_Report.htm
Sizing_the_Columns_Automatically.htm
Sorting_Field-wise_in_Reports.htm
Sorting_Fields_in_Ascending_Order.htm
Sorting_Fields_in_Descending_Order.htm
Sorting_in_Ascending_Order.htm
Sorting_in_Descending_Order.htm
Sorting_in_Pivot.htm
Splitting_Date_Dimensions.htm
Submit_the_Process.htm
Table.htm
Templates2.htm
Testing_Business_Object_Query1.htm
Tomcat_Configuration_Changes_for_Excel_Edge.htm
Tools_in_the_Reports_Section.htm
Tools_on_Logical_Model_Work_Area.htm
Tree_Maps,_Sun_Burst_and_Heat_Maps.htm
Tree_Maps.htm
Types_of_Filters.htm
Underlying_Data.htm
Uploading_Files_In_Operational_Reports.htm
Uploading_Schedule_XML_into_ORBIT_Analytics.htm
User_Filters.htm
User_Filters1.htm
User_Search_Information.htm
User_Search_Information1.htm
Value_Filters.htm
View_Query.htm
Viewing_a_Publisher_Report_in_Excel.htm
Viewing_Datasets.htm
Viewing_Imported_Users.htm
Viewing_Migrated_reports.htm
Viewing_Opened_Reports.htm
Viewing_Outputs.htm
Viewing_Parameters.htm
Viewing_Publisher_Report_in_Word.htm
Viewing_Recently_Run_Reports.htm
Viewing_Scheduled_Parameters.htm
Viewing_the_Newly_Created_Authority.htm
Viewing_the_Outputs.htm
Viewing_the_Process_Details.htm
Viewing_the_Publisher_Report_in_HTML.htm
Widget_Dependencies.htm
Widget_Settings_of_Different_Charts.htm
Without_Repeat_Header_Rows_Option.htm
Working_with_Authorities.htm
Working_with_Drilldowns.htm
Working_with_Excel_Edge.htm
Working_with_Groups.htm
Working_with_Permissions.htm
Working_with_Pivot.htm
Working_with_Roles.htm
Working_with_Users1.htm
ORBIT_Analytics_Help_index_02_04_2020.glo
default.css
image1176.gif
image1174.gif
image1175.gif
image1172.gif
image1171.gif
image1170.gif
image1164.gif
image1085.gif
image1093.gif
image1092.gif
image1090.gif
image1130.gif
image1131.gif
image1028.gif
image1027.gif
image1006.gif
image1010.gif
image1091.gif
image1030.gif
Recentrep.png
IDO2.jpg
image1000.gif
image1070.gif
image1069.gif
image1068.gif
image1107.gif
image1106.gif
image1167.gif
image1166.gif
image1165.gif
image1042.gif
image1043.gif
image1041.gif
image1038.gif
image1040.gif
image1080.gif
image1078.gif
image1079.gif
image1099.gif
image1098.gif
image1097.gif
CEE2.png
EDS2.png
MO12.png
image1153.gif
image1154.gif
image1151.gif
image1152.gif
image1142.gif
image1156.gif
image1155.gif
image1005.gif
image1001.gif
image1086.gif
image1088.gif
image1087.gif
image1129.gif
image1128.gif
image1127.gif
image1126.gif
image1122.gif
image1124.gif
image1123.gif
image1141.gif
image1140.gif
image1077.gif
image1075.gif
image1076.gif
image1074.gif
image1004.gif
image1003.gif
image1143.gif
image1144.gif
image1145.gif
image1025.gif
image1033.gif
image1032.gif
image1039.gif
image1050.gif
image1046.gif
image1047.gif
image1048.gif
image1095.gif
image1089.gif
image1084.gif
image1083.gif
image1104.gif
image1105.gif
image1102.gif
image1094.gif
image1136.gif
image1135.gif
image1133.gif
image1009.gif
image1132.gif
image1066.gif
image1065.gif
image1121.gif
image1120.gif
image1118.gif
image1119.gif
image1117.gif
image1115.gif
image1116.gif
image1114.gif
image1113.gif
image1112.gif
image1111.gif
image1109.gif
image1018.gif
image1017.gif
image1014.gif
image1139.gif
image1138.gif
IEE2.png
image1158.gif
image1157.gif
image1071.gif
image1101.gif
image1100.gif
image1011.gif
image1137.gif
image1149.gif
image1148.gif
image1002.gif
image1029.gif
image1020.gif
image1021.gif
image1081.gif
image1049.gif
image1096.gif
image1044.gif
image1168.gif
MBA2.png
image1161.gif
image1162.gif
image1163.gif
image1160.gif
CreatenewDS.png
image1159.gif
image1052.gif
image1054.gif
image1053.gif
image1051.gif
image1062.gif
image1063.gif
image1064.gif
image1056.gif
image1058.gif
CNL2.png
image1535.gif
image1518.jpg
image1516.jpg
image1514.jpg
image1512.jpg
image1510.jpg
image1508.jpg
image1569.jpg
image1567.jpg
image1565.jpg
image1563.jpg
ARU5.png
Multiselect_filter.png
image1571.jpg
image1589.jpg
image1587.jpg
image1585.jpg
image1583.jpg
image1581.jpg
Unpin.png
new_Criterion.png
CEE5.png
notify.png
image1506.jpg
image1504.jpg
image1502.jpg
image1500.jpg
image1498.jpg
image1555.jpg
image1553.jpg
image1551.jpg
image1549.jpg
image1547.jpg
image1545.jpg
image1579.jpg
image1577.jpg
image1575.jpg
image1573.jpg
image1496.jpg
image1494.jpg
image1561.jpg
image1591.jpg
clip_image014.jpg
downcolumn.png
image1559.jpg
image1557.jpg
image1543.jpg
MBA5.png
clip_image004.jpg
image1593.jpg
Options.png
CNL5.png
image1528.jpg
image1526.jpg
image1524.jpg
image1522.jpg
image1520.jpg
image1492.jpg
image1541.jpg
image1539.jpg
image1537.jpg
image1534.jpg
image1532.jpg
image1530.jpg
Reload_View.png
Hierarchy.jpg
CEE4.png
MO14.png
Upload_File.png
DiscoDS1.png
clip_image005.png
Auth202.png
Auth1.png
View_Mode.png
All_Process.png
clip_image032.jpg
Relationships.png
RepStats3.png
RepStats2.png
RepStats1.png
Expnadall.png
CEE7.png
OrganizeReports.png
Removecolumns.png
expand200.png
clip_image002.jpg
CEE6.png
clip_image003.jpg
Settings1.png
Favorites.png
CNL6.png
image345.gif
image344.gif
image497.gif
image886.gif
image884.gif
image883.gif
image885.gif
image882.gif
image881.gif
image880.gif
image240.gif
image239.gif
image238.gif
image236.gif
image335.gif
image334.gif
image333.gif
image641.gif
image268.gif
image267.gif
image266.gif
image265.gif
image264.gif
image522.gif
image280.gif
clip_image030.jpg
image520.gif
image519.gif
image518.gif
image517.gif
image516.gif
image284.gif
image283.gif
image282.gif
image381.gif
image380.gif
image389.gif
image387.gif
image386.gif
image383.gif
image384.gif
image388.gif
image379.gif
image378.gif
image377.gif
image376.gif
image445.gif
image444.gif
image443.gif
image442.gif
image441.gif
image130.gif
image128.gif
image126.gif
image125.gif
image124.gif
image123.gif
image197.gif
image196.gif
image195.gif
image193.gif
image192.gif
image321.gif
image320.gif
image711.gif
image710.gif
image709.gif
image708.gif
image707.gif
image706.gif
image705.gif
image704.gif
image703.gif
image702.gif
image701.gif
image712.gif
image580.gif
image579.gif
image578.gif
image577.gif
image576.gif
image694.gif
image693.gif
image692.gif
image691.gif
image690.gif
image689.gif
image688.gif
image696.gif
image830.gif
image828.gif
image332.gif
image331.gif
image330.gif
image329.gif
image496.gif
image137.gif
image299.gif
image298.gif
image297.gif
image312.gif
image276.gif
image697.gif
image318.gif
image597.gif
image596.gif
image361.gif
image366.gif
image360.gif
image358.gif
image365.gif
image357.gif
image364.gif
image363.gif
image356.gif
image355.gif
image362.gif
image506.gif
image354.gif
image603.gif
image602.gif
image082.png
image636.gif
image639.gif
image850.gif
image684.gif
image683.gif
image682.gif
image136.gif
image134.gif
image135.gif
image132.gif
image131.gif
image122.gif
image234.gif
image232.gif
image231.gif
image229.gif
image228.gif
image227.gif
image223.gif
image226.gif
image225.gif
image224.gif
image327.gif
image326.gif
image328.gif
image713.gif
image676.gif
image325.gif
image324.gif
image323.gif
image322.gif
image656.gif
image655.gif
image654.gif
image653.gif
image695.gif
image687.gif
image894.gif
image870.gif
image869.gif
image868.gif
image867.gif
image866.gif
image996.gif
image995.gif
image593.gif
image592.gif
image591.gif
image590.gif
image375.gif
image374.gif
image373.gif
image371.gif
image372.gif
image608.gif
image607.gif
image606.gif
image605.gif
image397.gif
image396.gif
image395.gif
image394.gif
image604.gif
image393.gif
image392.gif
image391.gif
image390.gif
image343.gif
image893.gif
image369.gif
image802.gif
image999.gif
image997.gif
image699.gif
image698.gif
image553.gif
image640.gif
image319.gif
Upward_arrow.png
image601.gif
image399.gif
image495.gif
image494.gif
image220.gif
image219.gif
image218.gif
image217.gif
image216.gif
image215.gif
image214.gif
image213.gif
image211.gif
image210.gif
image209.gif
image632.gif
image207.gif
image633.gif
image667.gif
image910.gif
image909.gif
image908.gif
image904.gif
image935.gif
image994.gif
image992.gif
image273.gif
image272.gif
image568.gif
image567.gif
image566.gif
image565.gif
image564.gif
image562.gif
image561.gif
image560.gif
image559.gif
image558.gif
image557.gif
image556.gif
image555.gif
image554.gif
image346.gif
image463.gif
image461.gif
image460.gif
image459.gif
image458.gif
image681.gif
image680.gif
image679.gif
image678.gif
image937.gif
image936.gif
image271.gif
image269.gif
schedule_report1add.png
image368.gif
image367.gif
image313.gif
image004.png
image638.gif
image600.gif
image599.gif
image598.gif
image892.gif
image891.gif
image890.gif
image888.gif
image887.gif
image152.gif
image151.gif
image150.gif
image475.gif
image474.gif
image473.gif
image472.gif
image471.gif
image470.gif
image469.gif
image468.gif
image467.gif
image610.gif
image609.gif
image503.gif
image502.gif
clip_image010.jpg
image501.gif
image500.gif
image499.gif
image498.gif
image634.gif
image342.gif
image341.gif
image205.gif
image204.gif
image203.gif
image202.gif
image199.gif
image198.gif
image241.gif
image316.gif
image304.gif
image552.gif
image303.gif
image551.gif
image302.gif
image550.gif
image301.gif
image548.gif
image315.gif
image314.gif
image664.gif
image663.gif
image545.gif
image631.gif
image630.gif
image629.gif
image628.gif
image627.gif
image675.gif
image674.gif
image933.gif
image932.gif
image398.gif
image879.gif
image878.gif
image876.gif
image875.gif
image874.gif
image873.gif
image872.gif
image825.gif
image191.gif
image190.gif
image189.gif
image188.gif
image186.gif
image185.gif
image183.gif
image181.gif
image182.gif
image415.gif
image476.gif
image533.gif
image532.gif
image531.gif
image530.gif
image529.gif
image754.gif
image753.gif
image748.gif
image750.gif
image749.gif
image011.png
image650.gif
image487.gif
image296.gif
image295.gif
image294.gif
image311.gif
image146.gif
image145.gif
image144.gif
image143.gif
image435.gif
image434.gif
image433.gif
image432.gif
image431.gif
image430.gif
image466.gif
image505.gif
image406.gif
image669.gif
image668.gif
image403.gif
image402.gif
image763.gif
image764.gif
image762.gif
image761.gif
image760.gif
image759.gif
image740.gif
image757.gif
image756.gif
image832.gif
image831.gif
image829.gif
image901.gif
image900.gif
image899.gif
image898.gif
image962.gif
image963.gif
image964.gif
image967.gif
image966.gif
image961.gif
image960.gif
image959.gif
image956.gif
image955.gif
image954.gif
image953.gif
image952.gif
image951.gif
image950.gif
image949.gif
image978.gif
image968.gif
image969.gif
image970.gif
image976.gif
image975.gif
image974.gif
image965.gif
image973.gif
image971.gif
image972.gif
image515.gif
image514.gif
image350.gif
image486.gif
image485.gif
image149.gif
image148.gif
image147.gif
image661.gif
image660.gif
image657.gif
image589.gif
image588.gif
image587.gif
image586.gif
image585.gif
image584.gif
image583.gif
image582.gif
image581.gif
image595.gif
image594.gif
image413.gif
image412.gif
image411.gif
image410.gif
image425.gif
image121.gif
image022.jpg
image827.gif
image274.gif
image513.gif
image512.gif
image263.gif
image262.gif
image261.gif
image408.gif
image407.gif
image484.gif
image483.gif
image482.gif
image481.gif
image480.gif
image479.gif
image477.gif
image478.gif
image946.gif
image941.gif
image945.gif
image943.gif
image938.gif
image755.gif
image142.gif
image141.gif
image140.gif
image139.gif
image138.gif
image166.gif
image165.gif
image164.gif
image163.gif
image162.gif
image160.gif
image161.gif
image159.gif
image157.gif
image547.gif
image155.gif
image154.gif
image452.gif
image451.gif
image450.gif
image449.gif
image447.gif
image448.gif
image446.gif
image457.gif
image456.gif
image455.gif
image454.gif
image453.gif
image666.gif
image665.gif
image743.gif
image742.gif
image741.gif
image747.gif
image746.gif
image745.gif
image744.gif
image739.gif
image765.gif
image846.gif
image844.gif
image843.gif
image839.gif
image845.gif
image842.gif
image838.gif
image841.gif
image837.gif
image840.gif
image836.gif
BusinessUnits.png
image493.gif
image492.gif
image491.gif
image490.gif
image489.gif
image488.gif
image066.png
image635.gif
image464.gif
image626.gif
image625.gif
image624.gif
image623.gif
image622.gif
image621.gif
image849.gif
image848.gif
image847.gif
image855.gif
image854.gif
image853.gif
image931.gif
image990.gif
image987.gif
image991.gif
image979.gif
image989.gif
image644.gif
image620.gif
image619.gif
image618.gif
image617.gif
image616.gif
image615.gif
image614.gif
image613.gif
image612.gif
image611.gif
image308.gif
image307.gif
image671.gif
image670.gif
image306.gif
image549.gif
image338.gif
image337.gif
image336.gif
image347.gif
image349.gif
image409.gif
image424.gif
image038.png
image340.gif
image429.gif
image637.gif
image310.gif
image309.gif
image279.gif
image278.gif
image348.gif
image527.gif
image525.gif
image524.gif
image544.gif
image543.gif
image542.gif
image541.gif
image540.gif
image539.gif
image538.gif
image537.gif
image536.gif
image535.gif
image534.gif
image546.gif
image662.gif
image400.gif
image865.gif
image860.gif
image858.gif
image857.gif
image277.gif
image257.gif
image737.gif
image736.gif
image735.gif
image734.gif
image738.gif
image732.gif
image731.gif
image729.gif
image728.gif
image727.gif
image726.gif
image725.gif
image673.gif
image672.gif
image440.gif
image439.gif
image438.gif
image437.gif
image436.gif
image026.jpg
image024.jpg
image020.jpg
image018.jpg
image016.png
image007.png
image006.jpg
image004.jpg
image002.png
Hideshowuserfilters.png
image426.gif
image015.jpg
image013.jpg
image011.jpg
image009.jpg
image007.jpg
image173.gif
image293.gif
image292.gif
image291.gif
image290.gif
image289.gif
image528.gif
image288.gif
image287.gif
image286.gif
image285.gif
image423.gif
image422.gif
image421.gif
image420.gif
image419.gif
image418.gif
image417.gif
image416.gif
image722.gif
image721.gif
image720.gif
image718.gif
image719.gif
image716.gif
image715.gif
image714.gif
image871.gif
image895.gif
image896.gif
image903.gif
image902.gif
image929.gif
image928.gif
image926.gif
image925.gif
image924.gif
image923.gif
image922.gif
image921.gif
image920.gif
image919.gif
image918.gif
image917.gif
image916.gif
image915.gif
image913.gif
image912.gif
image911.gif
deletenotification.png
resubmitprocess.png
Run_results.png
clip_image001.gif
Export.png
logo.jpg
CEE8.png
Remove.png
TestQuery.png
1.png
BusinessU.png
Changeview.png
showresults.png
Removeall.png
down.png
refresh1.png
ProcessFlow.png
refresh10.png
down201.png
Locales.png
Settings.png
GridFilter1.png
Domain.png
userMenu.png
Rename.png
ImportDisoObjs2.jpg
ImportDisoObjs1.jpg
ImportDisoObjs.png
Export_eex4.jpg
Export_eex3.jpg
Export_eex1.jpg
Blue_Nav_Glossary.gif
downarrow.png
Disable_Sorting.png
Propertiesmore.png
79.png
78.png
77.png
76.png
74.png
73.png
72.png
71.png
98.png
97.png
96.png
95.png
94.png
J8.png
J7.png
J6.png
J5.png
J9.png
J4.png
J3.png
J2.png
J1.png
59.png
58.png
disco2.png
61.png
60.png
67.png
66.png
65.png
64.png
89.png
88.png
87.png
85.png
93.png
47.png
46.png
45.png
Hideshowfilters.png
QS.png
57.png
56.png
55.png
SA.png
53.png
52.png
51.png
50.png
Stop.png
BU.png
Disco7.png
14.png
81.png
91.png
Delpr.png
help.jpg
373.png
372.png
371.png
AO3.png
CU2.png
CU1.png
120.png
119.png
152.png
286.png
285.png
284.png
307.png
308.png
322.png
321.png
320.png
319.png
370.png
369.png
368.png
105.png
104.png
131.png
276.png
275.png
274.png
273.png
272.png
ORB.jpg
J10.png
130.png
129.png
128.png
296.png
295.png
302.png
301.png
300.png
299.png
298.png
297.png
154.png
153.png
279.png
278.png
277.png
294.png
293.png
312.png
311.png
362.png
Datsets.png
US7.png
US5.png
US1.png
123.png
122.png
121.png
Collapse_all.png
184.png
183.png
182.png
181.png
204.png
203.png
318.png
317.png
316.png
315.png
314.png
349.png
348.png
MO2.png
MO1.png
148.png
147.png
288.png
287.png
367.png
218.png
271.png
270.png
269.png
268.png
267.png
266.png
265.png
264.png
306.png
305.png
304.png
303.png
AO2.png
AO1.png
168.png
313.png
328.png
325.png
361.png
359.png
116.png
115.png
164.png
248.png
247.png
246.png
245.png
VM2.png
VM1.png
135.png
134.png
133.png
CC7.png
CC6.png
CC5.png
CC4.png
CC3.png
CC2.png
CC1.png
103.png
102.png
339.png
AU1.png
167.png
Pause.png
Plus.png
290.png
289.png
114.png
113.png
112.png
111.png
110.png
109.png
108.png
MO6.png
MO5.png
MO4.png
MO9.png
MO8.png
MO7.png
New.png
124.png
158.png
157.png
156.png
310.png
309.png
STDS1.png
155.png
160.png
159.png
292.png
291.png
AR1.png
189.png
188.png
376.png
375.png
374.png
NP1.png
DO4.png
DO3.png
DO2.png
DO1.png
Add.png
EJ2.png
EJ1.png
DS7.png
DS5.png
DS4.png
DS3.png
DS2.png
DS1.png
138.png
137.png
136.png
Run.png
more201.png
Search.png
refresh.png
Moveall.png
BusinessModels.png
Move.png
Start.png
Delete.png
Save.png
RefreshQuery.png
clip_image038.jpg
clip_image028.jpg
IDO1.png
CEE1.png
EDS1.png
MO11.png
Resume.png
clip_image008.jpg
EULds1.png
IEE1.png
clip_image018.jpg
MBA1.png
ARU1.png
AddDS.png
CNL1.png
My_Processes.png
Export_eex2.png
image54.gif
image86.gif
image52.gif
image51.gif
image85.gif
image61.gif
WS201.png
AR204.png
image90.gif
image89.gif
image88.gif
image43.gif
image42.gif
image41.gif
image40.gif
image39.gif
image38.gif
image98.gif
image99.gif
image97.gif
image96.gif
image95.gif
image94.gif
image93.gif
image92.gif
image57.gif
image56.gif
image60.gif
image14.gif
filters.png
Edit.png
image62.gif
MO10.png
image63.gif
image84.gif
image83.gif
image72.gif
image71.gif
image69.gif
image70.gif
image67.gif
image11.gif
image12.gif
config200.png
image55.gif
image58.gif
image82.gif
image81.gif
image87.gif
image59.gif
image36.gif
image35.gif
Properties.png
EditBU.png
image7.gif
clip_image026.jpg
cancelPr.png
ShowPwd.png
CEE3.png
MO13.png
RemoveMark.png
DiscoMigration1.png
clip_image016.jpg
MBA3.png
clip_image006.jpg
CNL3.png
RoboHHRE.lng
ehlpdhtm.js
SearchOptions.xml
whxdata\package_0_xml.js
whxdata\package_1_xml.js
whxdata\package_2_xml.js
whxdata\package_3_xml.js
whxdata\package_4_xml.js
whxdata\package_5_xml.js
whxdata\package_6_xml.js
whxdata\package_7_xml.js
whxdata\package_8_xml.js
whxdata\package_9_xml.js
whxdata\package_10_xml.js
whxdata\package_11_xml.js
whxdata\package_12_xml.js
whxdata\package_13_xml.js
whxdata\package_14_xml.js
whxdata\package_15_xml.js
whxdata\package_16_xml.js
whxdata\package_17_xml.js
whxdata\package_18_xml.js
whxdata\package_19_xml.js
whxdata\package_20_xml.js
whxdata\package_21_xml.js
whxdata\package_22_xml.js
whxdata\package_23_xml.js
whxdata\package_24_xml.js
whxdata\package_25_xml.js
whxdata\package_26_xml.js
whxdata\package_27_xml.js
whxdata\package_28_xml.js
whxdata\package_29_xml.js
whxdata\package_30_xml.js
whxdata\package_31_xml.js
whxdata\package_32_xml.js
whxdata\package_33_xml.js
whxdata\package_34_xml.js
whxdata\package_35_xml.js
whxdata\package_36_xml.js
whxdata\package_37_xml.js
whxdata\package_38_xml.js
whxdata\package_39_xml.js
whxdata\package_40_xml.js
whxdata\package_41_xml.js
whxdata\package_42_xml.js
whxdata\package_43_xml.js
whxdata\package_44_xml.js
whxdata\package_45_xml.js
whxdata\package_46_xml.js
whxdata\package_47_xml.js
whxdata\package_48_xml.js
whxdata\package_49_xml.js
whxdata\package_50_xml.js
whxdata\package_51_xml.js
whxdata\package_52_xml.js
whxdata\package_53_xml.js
whxdata\package_54_xml.js
whxdata\package_55_xml.js
whxdata\package_56_xml.js
whxdata\package_57_xml.js
whxdata\package_58_xml.js
whxdata\package_59_xml.js
whxdata\package_60_xml.js
whxdata\package_61_xml.js
whxdata\package_62_xml.js
whxdata\package_63_xml.js
whxdata\package_64_xml.js
whxdata\package_65_xml.js
whxdata\package_66_xml.js
whxdata\package_67_xml.js
whxdata\package_68_xml.js
whxdata\package_69_xml.js
whxdata\package_70_xml.js
whxdata\package_71_xml.js
whxdata\package_72_xml.js
whxdata\package_73_xml.js
whxdata\package_74_xml.js
whxdata\package_75_xml.js
whxdata\package_76_xml.js
whxdata\package_77_xml.js
whxdata\package_78_xml.js
whxdata\package_79_xml.js
whxdata\package_80_xml.js
whxdata\package_81_xml.js
whxdata\package_82_xml.js
whxdata\package_83_xml.js
whxdata\package_84_xml.js
whxdata\package_85_xml.js
whxdata\package_86_xml.js
whxdata\package_87_xml.js
whxdata\package_88_xml.js
whxdata\package_89_xml.js
whxdata\package_90_xml.js
whxdata\package_91_xml.js
whxdata\package_92_xml.js
whxdata\package_93_xml.js
whxdata\package_94_xml.js
whxdata\package_95_xml.js
whxdata\package_96_xml.js
whxdata\package_97_xml.js
whxdata\package_98_xml.js
whxdata\package_99_xml.js
whxdata\package_100_xml.js
whxdata\package_101_xml.js
whxdata\package_102_xml.js
whxdata\package_103_xml.js
whxdata\package_104_xml.js
whxdata\package_105_xml.js
whxdata\package_106_xml.js
whxdata\package_107_xml.js
whxdata\package_108_xml.js
whxdata\package_109_xml.js
whxdata\package_110_xml.js
whxdata\package_111_xml.js
whxdata\package_112_xml.js
whxdata\package_113_xml.js
whxdata\package_114_xml.js
whxdata\package_115_xml.js
whxdata\package_116_xml.js
whxdata\package_117_xml.js
whxdata\package_118_xml.js
whxdata\package_119_xml.js
whxdata\package_120_xml.js
whxdata\package_121_xml.js
whxdata\package_122_xml.js
whxdata\package_123_xml.js
whxdata\package_124_xml.js
whxdata\package_125_xml.js
whxdata\package_126_xml.js
whxdata\package_127_xml.js
whxdata\package_128_xml.js
whxdata\package_129_xml.js
whxdata\package_130_xml.js
whxdata\package_131_xml.js
whxdata\package_132_xml.js
whxdata\package_133_xml.js
whxdata\package_134_xml.js
whxdata\package_135_xml.js
whxdata\package_136_xml.js
whxdata\package_137_xml.js
whxdata\package_138_xml.js
whxdata\package_139_xml.js
whxdata\package_140_xml.js
whxdata\package_141_xml.js
whxdata\package_142_xml.js
whxdata\package_143_xml.js
whxdata\package_144_xml.js
whxdata\package_145_xml.js
whxdata\package_146_xml.js
whxdata\package_147_xml.js
whxdata\package_148_xml.js
whxdata\package_149_xml.js
whxdata\package_150_xml.js
whxdata\package_151_xml.js
whxdata\package_152_xml.js
whxdata\package_153_xml.js
whxdata\package_154_xml.js
whxdata\package_155_xml.js
whxdata\package_156_xml.js
whxdata\package_157_xml.js
whxdata\package_158_xml.js
whxdata\package_159_xml.js
whxdata\package_160_xml.js
whxdata\package_161_xml.js
whxdata\package_162_xml.js
whxdata\package_163_xml.js
whxdata\package_164_xml.js
whxdata\package_165_xml.js
whxdata\package_166_xml.js
whxdata\package_167_xml.js
whxdata\package_168_xml.js
whxdata\package_169_xml.js
whxdata\package_170_xml.js
whxdata\package_171_xml.js
whxdata\package_172_xml.js
whxdata\package_173_xml.js
whxdata\package_174_xml.js
whxdata\package_175_xml.js
whxdata\package_176_xml.js
whxdata\package_177_xml.js
whxdata\package_178_xml.js
whxdata\package_179_xml.js
whxdata\package_180_xml.js
whxdata\package_181_xml.js
whxdata\package_182_xml.js
whxdata\package_183_xml.js
whxdata\package_184_xml.js
whxdata\package_185_xml.js
whxdata\package_186_xml.js
whxdata\package_187_xml.js
whxdata\package_188_xml.js
whxdata\package_189_xml.js
whxdata\package_190_xml.js
whxdata\package_191_xml.js
whxdata\package_192_xml.js
whxdata\package_193_xml.js
whxdata\package_194_xml.js
whxdata\package_195_xml.js
whxdata\package_196_xml.js
whxdata\package_197_xml.js
whxdata\package_198_xml.js
whxdata\package_199_xml.js
whxdata\package_200_xml.js
whxdata\package_201_xml.js
whxdata\package_202_xml.js
whxdata\package_203_xml.js
whxdata\package_204_xml.js
whxdata\package_205_xml.js
whxdata\package_206_xml.js
whxdata\package_207_xml.js
whxdata\package_208_xml.js
whxdata\package_209_xml.js
whxdata\package_210_xml.js
whxdata\packageindex_xml.js
whxdata\synonym.xml
whxdata\synonym_xml.js
whxdata\topictable_0_xml.js
whxdata\topictable_1_xml.js
whxdata\topictable_2_xml.js
whxdata\topictable_3_xml.js
whxdata\topictable_4_xml.js
whxdata\topictable_5_xml.js
whxdata\topictable_6_xml.js
whxdata\topictable_7_xml.js
whxdata\topictableindex_xml.js
whxdata\whfts.xml
whxdata\whfts_xml.js
whproj_xml.js
whxdata\whtoc_xml.js
whxdata\whidx_xml.js
whxdata\whglo_xml.js
resource\resource_xml.js
whbrs_xml.js
whres_xml.js
whcsh_xml.js
whxdata\whtdata0_xml.js
whxdata\whtdata1_xml.js
whxdata\whtdata2_xml.js
whxdata\whtdata3_xml.js
whxdata\whtdata4_xml.js
whxdata\whtdata5_xml.js
whxdata\whtdata6_xml.js
whxdata\whtdata7_xml.js
whxdata\whtdata8_xml.js
whxdata\whtdata9_xml.js
whxdata\whtdata10_xml.js
whxdata\whtdata11_xml.js
whdata\whtdata0.htm
whdata\whtdata1.htm
whdata\whtdata2.htm
whdata\whtdata3.htm
whdata\whtdata4.htm
whdata\whtdata5.htm
whdata\whtdata6.htm
whdata\whtdata7.htm
whdata\whtdata8.htm
whdata\whtdata9.htm
whdata\whtdata10.htm
whdata\whtdata11.htm
whgdata\whlstt0.htm
whgdata\whlstt1.htm
whgdata\whlstt2.htm
whgdata\whlstt3.htm
whgdata\whlstt4.htm
whgdata\whlstt5.htm
whgdata\whlstt6.htm
whgdata\whlstt7.htm
whgdata\whlstt8.htm
whgdata\whlstt9.htm
whgdata\whlstt10.htm
whgdata\whlstt11.htm
whgdata\whlstt12.htm
whgdata\whlstt13.htm
whgdata\whlstt14.htm
whgdata\whlstt15.htm
whgdata\whlstt16.htm
whgdata\whlstt17.htm
whgdata\whlstt18.htm
whgdata\whlstt19.htm
whgdata\whlstt20.htm
whgdata\whlstt21.htm
whgdata\whlstt22.htm
whgdata\whlstt23.htm
whgdata\whlstt24.htm
whgdata\whlstt25.htm
whgdata\whlstt26.htm
whgdata\whlstt27.htm
whgdata\whlstt28.htm
whgdata\whlstt29.htm
whgdata\whlstt30.htm
whgdata\whlstt31.htm
whgdata\whlstt32.htm
whgdata\whlstt33.htm
whgdata\whlstt34.htm
whgdata\whlstt35.htm
whgdata\whlstt36.htm
whgdata\whlstt37.htm
whgdata\whlstt38.htm
whgdata\whlstt39.htm
whgdata\whlstt40.htm
whgdata\whlstt41.htm
whgdata\whlstt42.htm
whgdata\whlstt43.htm
whgdata\whlstt44.htm
whgdata\whlstt45.htm
whgdata\whlstt46.htm
whgdata\whlstt47.htm
whgdata\whlstt48.htm
whgdata\whlstt49.htm
whgdata\whlstt50.htm
whgdata\whlstt51.htm
whgdata\whlstt52.htm
whgdata\whlstt53.htm
whgdata\whlstt54.htm
whgdata\whlstt55.htm
whgdata\whlstt56.htm
whgdata\whlstt57.htm
whgdata\whlstt58.htm
whgdata\whlstt59.htm
whgdata\whlstt60.htm
whgdata\whlstt61.htm
whgdata\whlstt62.htm
whgdata\whlstt63.htm
whgdata\whlstt64.htm
whgdata\whlstt65.htm
whgdata\whlstt66.htm
whgdata\whlstt67.htm
whgdata\whlstt68.htm
whgdata\whlstt69.htm
whgdata\whlstt70.htm
whgdata\whlstt71.htm
whgdata\whlstt72.htm
whgdata\whlstt73.htm
whgdata\whlstt74.htm
whgdata\whlstt75.htm
whgdata\whlstt76.htm
whgdata\whlstt77.htm
whgdata\whlstt78.htm
whgdata\whlstt79.htm
whgdata\whlstt80.htm
whgdata\whlstt81.htm
whgdata\whlstt82.htm
whgdata\whlsti0.htm
whgdata\whlstfl0.htm
whgdata\whlstfl1.htm
whgdata\whlstfl2.htm
whgdata\whlstfl3.htm
whgdata\whlstfl4.htm
whgdata\whlstfl5.htm
whgdata\whlstfl6.htm
whgdata\whlstfl7.htm
whgdata\whlstfl8.htm
whgdata\whlstfl9.htm
whgdata\whlstfl10.htm
whgdata\whlstfl11.htm
whgdata\whlstfl12.htm
whgdata\whlstfl13.htm
whgdata\whlstfl14.htm
whgdata\whlstfl15.htm
whgdata\whlstfl16.htm
whgdata\whlstfl17.htm
whgdata\whlstfl18.htm
whgdata\whlstfl19.htm
whgdata\whlstfl20.htm
whgdata\whlstfl21.htm
whgdata\whlstfl22.htm
whgdata\whlstfl23.htm
whgdata\whlstfl24.htm
whgdata\whlstfl25.htm
whgdata\whlstf0.htm
whgdata\whlstf1.htm
whgdata\whlstf2.htm
whgdata\whlstf3.htm
whgdata\whlstf4.htm
whgdata\whlstf5.htm
whgdata\whlstf6.htm
whgdata\whlstf7.htm
whgdata\whlstf8.htm
whgdata\whlstf9.htm
whgdata\whlstf10.htm
whgdata\whlstf11.htm
whgdata\whlstf12.htm
whgdata\whlstf13.htm
whgdata\whlstf14.htm
whgdata\whlstf15.htm
whgdata\whlstf16.htm
whgdata\whlstf17.htm
whgdata\whlstf18.htm
whgdata\whlstf19.htm
whgdata\whlstf20.htm
whgdata\whlstf21.htm
whgdata\whlstf22.htm
whgdata\whlstf23.htm
whgdata\whlstf24.htm
whgdata\whlstf25.htm
whgdata\whlstf26.htm
whgdata\whlstf27.htm
whgdata\whlstf28.htm
whgdata\whlstf29.htm
whgdata\whlstf30.htm
whgdata\whlstf31.htm
whgdata\whlstf32.htm
whgdata\whlstf33.htm
whgdata\whlstf34.htm
whgdata\whlstf35.htm
whgdata\whlstf36.htm
whgdata\whlstf37.htm
whgdata\whlstf38.htm
whgdata\whlstf39.htm
whgdata\whlstf40.htm
whgdata\whlstf41.htm
whgdata\whlstf42.htm
whgdata\whlstf43.htm
whgdata\whlstf44.htm
whgdata\whlstf45.htm
whgdata\whlstf46.htm
whgdata\whlstf47.htm
whgdata\whlstf48.htm
whgdata\whlstf49.htm
whgdata\whlstf50.htm
whgdata\whlstf51.htm
whgdata\whlstf52.htm
whgdata\whlstf53.htm
whgdata\whlstf54.htm
whgdata\whlstf55.htm
whgdata\whlstf56.htm
whgdata\whlstf57.htm
whgdata\whlstf58.htm
whgdata\whlstf59.htm
whgdata\whlstf60.htm
whgdata\whlstf61.htm
whgdata\whlstf62.htm
whgdata\whlstf63.htm
whgdata\whlstf64.htm
whgdata\whlstf65.htm
whgdata\whlstf66.htm
whgdata\whlstf67.htm
whgdata\whlstf68.htm
whgdata\whlstf69.htm
whgdata\whlstf70.htm
whgdata\whlstf71.htm
whgdata\whlstf72.htm
whgdata\whlstf73.htm
whgdata\whlstf74.htm
whgdata\whlstf75.htm
whgdata\whlstf76.htm
whgdata\whlstf77.htm
whgdata\whlstf78.htm
whgdata\whlstf79.htm
whgdata\whlstf80.htm
whgdata\whlstf81.htm
whgdata\whlstf82.htm
whgdata\whlstf83.htm
whgdata\whlstf84.htm
whgdata\whlstf85.htm
whgdata\whlstf86.htm
whgdata\whlstf87.htm
whgdata\whlstf88.htm
whgdata\whlstf89.htm
whgdata\whlstf90.htm
whgdata\whlstf91.htm
whgdata\whlstf92.htm
whgdata\whlstf93.htm
whgdata\whlstf94.htm
whgdata\whlstf95.htm
whgdata\whlstf96.htm
whgdata\whlstf97.htm
whgdata\whlstf98.htm
whgdata\whlstf99.htm
whgdata\whlstf100.htm
whgdata\whlstf101.htm
whgdata\whlstf102.htm
whgdata\whlstf103.htm
whgdata\whlstf104.htm
whgdata\whlstf105.htm
whgdata\whlstf106.htm
whgdata\whlstf107.htm
whgdata\whlstf108.htm
whgdata\whlstf109.htm
whgdata\whlstf110.htm
whgdata\whlstf111.htm
whgdata\whlstf112.htm
whgdata\whlstf113.htm
whgdata\whlstf114.htm
whgdata\whlstf115.htm
whgdata\whlstf116.htm
whgdata\whlstf117.htm
whgdata\whlstf118.htm
whgdata\whlstf119.htm
whgdata\whlstf120.htm
whgdata\whlstf121.htm
whgdata\whlstf122.htm
whgdata\whlstf123.htm
whgdata\whlstf124.htm
whgdata\whlstf125.htm
whgdata\whlstf126.htm
whgdata\whlstf127.htm
whgdata\whlstf128.htm
whgdata\whlstf129.htm
whgdata\whlstf130.htm
whgdata\whlstf131.htm
whgdata\whlstf132.htm
whgdata\whlstf133.htm
whgdata\whlstf134.htm
whgdata\whlstf135.htm
whgdata\whlstf136.htm
whgdata\whlstf137.htm
whgdata\whlstf138.htm
whgdata\whlstf139.htm
whgdata\whlstf140.htm
whgdata\whlstf141.htm
whgdata\whlstf142.htm
whgdata\whlstf143.htm
whgdata\whlstf144.htm
whgdata\whlstf145.htm
whgdata\whlstf146.htm
whgdata\whlstf147.htm
whgdata\whlstf148.htm
whgdata\whlstf149.htm
whgdata\whlstf150.htm
whgdata\whlstf151.htm
whgdata\whlstf152.htm
whgdata\whlstf153.htm
whgdata\whlstf154.htm
whgdata\whlstf155.htm
whgdata\whlstf156.htm
whgdata\whlstf157.htm
whgdata\whlstf158.htm
whgdata\whlstf159.htm
whgdata\whlstf160.htm
whgdata\whlstf161.htm
whgdata\whlstf162.htm
whgdata\whlstf163.htm
whgdata\whlstf164.htm
whgdata\whlstf165.htm
whgdata\whlstf166.htm
whgdata\whlstg0.htm
ORBIT_Analytics_Help_index_02_04_2020.htm
ORBIT_Analytics_Help_index_02_04_2020_csh.htm
ORBIT_Analytics_Help_index_02_04_2020_rhc.htm
